{"/Users/pedronogueira/Developer/Ufscar/GP/loja-de-roupa-ufscar-node/src/app.js": {"path":"/Users/pedronogueira/Developer/Ufscar/GP/loja-de-roupa-ufscar-node/src/app.js","statementMap":{"0":{"start":{"line":1,"column":16},"end":{"line":1,"column":34}},"1":{"start":{"line":2,"column":19},"end":{"line":2,"column":41}},"2":{"start":{"line":3,"column":21},"end":{"line":3,"column":45}},"3":{"start":{"line":4,"column":13},"end":{"line":4,"column":28}},"4":{"start":{"line":5,"column":15},"end":{"line":5,"column":41}},"5":{"start":{"line":6,"column":0},"end":{"line":6,"column":45}},"6":{"start":{"line":8,"column":12},"end":{"line":8,"column":21}},"7":{"start":{"line":9,"column":13},"end":{"line":9,"column":29}},"8":{"start":{"line":11,"column":0},"end":{"line":11,"column":44}},"9":{"start":{"line":12,"column":0},"end":{"line":12,"column":30}},"10":{"start":{"line":13,"column":0},"end":{"line":13,"column":24}},"11":{"start":{"line":14,"column":0},"end":{"line":14,"column":72}},"12":{"start":{"line":17,"column":0},"end":{"line":17,"column":24}},"13":{"start":{"line":20,"column":0},"end":{"line":26,"column":1}},"14":{"start":{"line":21,"column":4},"end":{"line":25,"column":7}},"15":{"start":{"line":22,"column":8},"end":{"line":24,"column":10}},"16":{"start":{"line":28,"column":0},"end":{"line":28,"column":20}}},"fnMap":{"0":{"name":"(anonymous_0)","decl":{"start":{"line":21,"column":21},"end":{"line":21,"column":22}},"loc":{"start":{"line":21,"column":27},"end":{"line":25,"column":5}},"line":21}},"branchMap":{"0":{"loc":{"start":{"line":20,"column":0},"end":{"line":26,"column":1}},"type":"if","locations":[{"start":{"line":20,"column":0},"end":{"line":26,"column":1}},{"start":{},"end":{}}],"line":20}},"s":{"0":7,"1":7,"2":7,"3":7,"4":7,"5":7,"6":7,"7":7,"8":7,"9":7,"10":7,"11":7,"12":7,"13":7,"14":0,"15":0,"16":7},"f":{"0":0},"b":{"0":[0,7]},"_coverageSchema":"1a1c01bbd47fc00a2c39e90264f33305004495a9","hash":"4fffa363a77196e73d96b15b8591dbe868e12c04"}
,"/Users/pedronogueira/Developer/Ufscar/GP/loja-de-roupa-ufscar-node/src/config/database.js": {"path":"/Users/pedronogueira/Developer/Ufscar/GP/loja-de-roupa-ufscar-node/src/config/database.js","statementMap":{"0":{"start":{"line":1,"column":22},"end":{"line":1,"column":42}},"1":{"start":{"line":2,"column":0},"end":{"line":2,"column":45}},"2":{"start":{"line":6,"column":0},"end":{"line":28,"column":1}},"3":{"start":{"line":8,"column":2},"end":{"line":13,"column":5}},"4":{"start":{"line":16,"column":2},"end":{"line":27,"column":4}},"5":{"start":{"line":31,"column":0},"end":{"line":40,"column":1}},"6":{"start":{"line":32,"column":2},"end":{"line":39,"column":7}},"7":{"start":{"line":33,"column":4},"end":{"line":38,"column":5}},"8":{"start":{"line":34,"column":6},"end":{"line":34,"column":37}},"9":{"start":{"line":35,"column":6},"end":{"line":35,"column":76}},"10":{"start":{"line":37,"column":6},"end":{"line":37,"column":75}},"11":{"start":{"line":42,"column":0},"end":{"line":42,"column":27}}},"fnMap":{"0":{"name":"(anonymous_0)","decl":{"start":{"line":32,"column":3},"end":{"line":32,"column":4}},"loc":{"start":{"line":32,"column":15},"end":{"line":39,"column":3}},"line":32}},"branchMap":{"0":{"loc":{"start":{"line":6,"column":0},"end":{"line":28,"column":1}},"type":"if","locations":[{"start":{"line":6,"column":0},"end":{"line":28,"column":1}},{"start":{"line":14,"column":7},"end":{"line":28,"column":1}}],"line":6},"1":{"loc":{"start":{"line":31,"column":0},"end":{"line":40,"column":1}},"type":"if","locations":[{"start":{"line":31,"column":0},"end":{"line":40,"column":1}},{"start":{},"end":{}}],"line":31}},"s":{"0":22,"1":22,"2":22,"3":22,"4":0,"5":22,"6":0,"7":0,"8":0,"9":0,"10":0,"11":22},"f":{"0":0},"b":{"0":[22,0],"1":[0,22]},"_coverageSchema":"1a1c01bbd47fc00a2c39e90264f33305004495a9","hash":"8bde1c99548ed1a4a8304ef602a29c2ccbc83f87"}
,"/Users/pedronogueira/Developer/Ufscar/GP/loja-de-roupa-ufscar-node/src/controllers/AuthController.js": {"path":"/Users/pedronogueira/Developer/Ufscar/GP/loja-de-roupa-ufscar-node/src/controllers/AuthController.js","statementMap":{"0":{"start":{"line":1,"column":12},"end":{"line":1,"column":35}},"1":{"start":{"line":2,"column":15},"end":{"line":2,"column":32}},"2":{"start":{"line":3,"column":13},"end":{"line":3,"column":38}},"3":{"start":{"line":4,"column":22},"end":{"line":4,"column":56}},"4":{"start":{"line":5,"column":0},"end":{"line":5,"column":27}},"5":{"start":{"line":8,"column":20},"end":{"line":8,"column":31}},"6":{"start":{"line":17,"column":13},"end":{"line":71,"column":1}},"7":{"start":{"line":18,"column":4},"end":{"line":70,"column":5}},"8":{"start":{"line":20,"column":22},"end":{"line":20,"column":46}},"9":{"start":{"line":23,"column":8},"end":{"line":26,"column":9}},"10":{"start":{"line":25,"column":12},"end":{"line":25,"column":83}},"11":{"start":{"line":30,"column":8},"end":{"line":36,"column":9}},"12":{"start":{"line":32,"column":12},"end":{"line":32,"column":91}},"13":{"start":{"line":35,"column":12},"end":{"line":35,"column":97}},"14":{"start":{"line":39,"column":21},"end":{"line":39,"column":70}},"15":{"start":{"line":42,"column":8},"end":{"line":45,"column":9}},"16":{"start":{"line":44,"column":12},"end":{"line":44,"column":72}},"17":{"start":{"line":48,"column":30},"end":{"line":48,"column":90}},"18":{"start":{"line":51,"column":8},"end":{"line":54,"column":9}},"19":{"start":{"line":53,"column":12},"end":{"line":53,"column":94}},"20":{"start":{"line":57,"column":8},"end":{"line":60,"column":9}},"21":{"start":{"line":59,"column":12},"end":{"line":59,"column":86}},"22":{"start":{"line":63,"column":8},"end":{"line":63,"column":46}},"23":{"start":{"line":66,"column":8},"end":{"line":66,"column":54}},"24":{"start":{"line":69,"column":8},"end":{"line":69,"column":75}},"25":{"start":{"line":80,"column":14},"end":{"line":133,"column":1}},"26":{"start":{"line":81,"column":4},"end":{"line":132,"column":5}},"27":{"start":{"line":82,"column":36},"end":{"line":82,"column":44}},"28":{"start":{"line":83,"column":19},"end":{"line":83,"column":25}},"29":{"start":{"line":84,"column":8},"end":{"line":84,"column":59}},"30":{"start":{"line":85,"column":8},"end":{"line":85,"column":37}},"31":{"start":{"line":86,"column":8},"end":{"line":86,"column":43}},"32":{"start":{"line":89,"column":8},"end":{"line":91,"column":9}},"33":{"start":{"line":90,"column":12},"end":{"line":90,"column":89}},"34":{"start":{"line":94,"column":21},"end":{"line":94,"column":61}},"35":{"start":{"line":96,"column":8},"end":{"line":98,"column":9}},"36":{"start":{"line":97,"column":12},"end":{"line":97,"column":80}},"37":{"start":{"line":101,"column":32},"end":{"line":101,"column":77}},"38":{"start":{"line":102,"column":8},"end":{"line":102,"column":34}},"39":{"start":{"line":103,"column":8},"end":{"line":103,"column":36}},"40":{"start":{"line":104,"column":8},"end":{"line":106,"column":9}},"41":{"start":{"line":105,"column":12},"end":{"line":105,"column":82}},"42":{"start":{"line":109,"column":29},"end":{"line":109,"column":100}},"43":{"start":{"line":110,"column":22},"end":{"line":113,"column":10}},"44":{"start":{"line":116,"column":8},"end":{"line":120,"column":11}},"45":{"start":{"line":123,"column":8},"end":{"line":123,"column":39}},"46":{"start":{"line":125,"column":8},"end":{"line":125,"column":66}},"47":{"start":{"line":126,"column":8},"end":{"line":126,"column":41}},"48":{"start":{"line":128,"column":8},"end":{"line":128,"column":100}},"49":{"start":{"line":130,"column":8},"end":{"line":130,"column":45}},"50":{"start":{"line":131,"column":8},"end":{"line":131,"column":70}},"51":{"start":{"line":136,"column":0},"end":{"line":139,"column":2}}},"fnMap":{"0":{"name":"(anonymous_0)","decl":{"start":{"line":17,"column":13},"end":{"line":17,"column":14}},"loc":{"start":{"line":17,"column":33},"end":{"line":71,"column":1}},"line":17},"1":{"name":"(anonymous_1)","decl":{"start":{"line":80,"column":14},"end":{"line":80,"column":15}},"loc":{"start":{"line":80,"column":34},"end":{"line":133,"column":1}},"line":80}},"branchMap":{"0":{"loc":{"start":{"line":23,"column":8},"end":{"line":26,"column":9}},"type":"if","locations":[{"start":{"line":23,"column":8},"end":{"line":26,"column":9}},{"start":{},"end":{}}],"line":23},"1":{"loc":{"start":{"line":42,"column":8},"end":{"line":45,"column":9}},"type":"if","locations":[{"start":{"line":42,"column":8},"end":{"line":45,"column":9}},{"start":{},"end":{}}],"line":42},"2":{"loc":{"start":{"line":51,"column":8},"end":{"line":54,"column":9}},"type":"if","locations":[{"start":{"line":51,"column":8},"end":{"line":54,"column":9}},{"start":{},"end":{}}],"line":51},"3":{"loc":{"start":{"line":57,"column":8},"end":{"line":60,"column":9}},"type":"if","locations":[{"start":{"line":57,"column":8},"end":{"line":60,"column":9}},{"start":{},"end":{}}],"line":57},"4":{"loc":{"start":{"line":89,"column":8},"end":{"line":91,"column":9}},"type":"if","locations":[{"start":{"line":89,"column":8},"end":{"line":91,"column":9}},{"start":{},"end":{}}],"line":89},"5":{"loc":{"start":{"line":89,"column":12},"end":{"line":89,"column":80}},"type":"binary-expr","locations":[{"start":{"line":89,"column":12},"end":{"line":89,"column":18}},{"start":{"line":89,"column":22},"end":{"line":89,"column":31}},{"start":{"line":89,"column":35},"end":{"line":89,"column":54}},{"start":{"line":89,"column":58},"end":{"line":89,"column":80}}],"line":89},"6":{"loc":{"start":{"line":96,"column":8},"end":{"line":98,"column":9}},"type":"if","locations":[{"start":{"line":96,"column":8},"end":{"line":98,"column":9}},{"start":{},"end":{}}],"line":96},"7":{"loc":{"start":{"line":104,"column":8},"end":{"line":106,"column":9}},"type":"if","locations":[{"start":{"line":104,"column":8},"end":{"line":106,"column":9}},{"start":{},"end":{}}],"line":104}},"s":{"0":8,"1":8,"2":8,"3":8,"4":8,"5":8,"6":8,"7":10,"8":10,"9":10,"10":2,"11":8,"12":8,"13":1,"14":7,"15":7,"16":2,"17":5,"18":5,"19":2,"20":3,"21":1,"22":2,"23":0,"24":0,"25":8,"26":8,"27":8,"28":8,"29":8,"30":8,"31":8,"32":8,"33":2,"34":6,"35":6,"36":2,"37":4,"38":4,"39":4,"40":4,"41":2,"42":2,"43":2,"44":2,"45":2,"46":2,"47":2,"48":2,"49":0,"50":0,"51":8},"f":{"0":10,"1":8},"b":{"0":[2,8],"1":[2,5],"2":[2,3],"3":[1,2],"4":[2,6],"5":[8,6,6,6],"6":[2,4],"7":[2,2]},"_coverageSchema":"1a1c01bbd47fc00a2c39e90264f33305004495a9","hash":"9f86dc1fb66580d83d9c86cf23fb821645e61295"}
,"/Users/pedronogueira/Developer/Ufscar/GP/loja-de-roupa-ufscar-node/src/controllers/CategoryController.js": {"path":"/Users/pedronogueira/Developer/Ufscar/GP/loja-de-roupa-ufscar-node/src/controllers/CategoryController.js","statementMap":{"0":{"start":{"line":1,"column":17},"end":{"line":1,"column":46}},"1":{"start":{"line":2,"column":16},"end":{"line":2,"column":44}},"2":{"start":{"line":3,"column":20},"end":{"line":3,"column":40}},"3":{"start":{"line":9,"column":23},"end":{"line":37,"column":3}},"4":{"start":{"line":10,"column":4},"end":{"line":36,"column":5}},"5":{"start":{"line":11,"column":23},"end":{"line":11,"column":31}},"6":{"start":{"line":14,"column":6},"end":{"line":16,"column":7}},"7":{"start":{"line":15,"column":8},"end":{"line":15,"column":87}},"8":{"start":{"line":19,"column":31},"end":{"line":19,"column":87}},"9":{"start":{"line":20,"column":6},"end":{"line":22,"column":7}},"10":{"start":{"line":21,"column":8},"end":{"line":21,"column":91}},"11":{"start":{"line":25,"column":26},"end":{"line":25,"column":70}},"12":{"start":{"line":26,"column":6},"end":{"line":26,"column":107}},"13":{"start":{"line":28,"column":6},"end":{"line":28,"column":55}},"14":{"start":{"line":31,"column":6},"end":{"line":33,"column":7}},"15":{"start":{"line":32,"column":8},"end":{"line":32,"column":91}},"16":{"start":{"line":35,"column":6},"end":{"line":35,"column":76}},"17":{"start":{"line":42,"column":22},"end":{"line":72,"column":3}},"18":{"start":{"line":43,"column":4},"end":{"line":71,"column":5}},"19":{"start":{"line":45,"column":25},"end":{"line":58,"column":8}},"20":{"start":{"line":61,"column":34},"end":{"line":65,"column":9}},"21":{"start":{"line":61,"column":57},"end":{"line":65,"column":7}},"22":{"start":{"line":67,"column":6},"end":{"line":67,"column":71}},"23":{"start":{"line":69,"column":6},"end":{"line":69,"column":56}},"24":{"start":{"line":70,"column":6},"end":{"line":70,"column":76}},"25":{"start":{"line":79,"column":23},"end":{"line":102,"column":1}},"26":{"start":{"line":80,"column":2},"end":{"line":101,"column":3}},"27":{"start":{"line":81,"column":19},"end":{"line":81,"column":29}},"28":{"start":{"line":83,"column":21},"end":{"line":85,"column":6}},"29":{"start":{"line":86,"column":4},"end":{"line":88,"column":5}},"30":{"start":{"line":87,"column":6},"end":{"line":87,"column":76}},"31":{"start":{"line":95,"column":4},"end":{"line":95,"column":29}},"32":{"start":{"line":97,"column":4},"end":{"line":97,"column":80}},"33":{"start":{"line":99,"column":4},"end":{"line":99,"column":55}},"34":{"start":{"line":100,"column":4},"end":{"line":100,"column":74}},"35":{"start":{"line":104,"column":0},"end":{"line":108,"column":2}}},"fnMap":{"0":{"name":"(anonymous_0)","decl":{"start":{"line":9,"column":23},"end":{"line":9,"column":24}},"loc":{"start":{"line":9,"column":43},"end":{"line":37,"column":3}},"line":9},"1":{"name":"(anonymous_1)","decl":{"start":{"line":42,"column":22},"end":{"line":42,"column":23}},"loc":{"start":{"line":42,"column":42},"end":{"line":72,"column":3}},"line":42},"2":{"name":"(anonymous_2)","decl":{"start":{"line":61,"column":49},"end":{"line":61,"column":50}},"loc":{"start":{"line":61,"column":57},"end":{"line":65,"column":7}},"line":61},"3":{"name":"(anonymous_3)","decl":{"start":{"line":79,"column":23},"end":{"line":79,"column":24}},"loc":{"start":{"line":79,"column":43},"end":{"line":102,"column":1}},"line":79}},"branchMap":{"0":{"loc":{"start":{"line":14,"column":6},"end":{"line":16,"column":7}},"type":"if","locations":[{"start":{"line":14,"column":6},"end":{"line":16,"column":7}},{"start":{},"end":{}}],"line":14},"1":{"loc":{"start":{"line":14,"column":10},"end":{"line":14,"column":31}},"type":"binary-expr","locations":[{"start":{"line":14,"column":10},"end":{"line":14,"column":15}},{"start":{"line":14,"column":19},"end":{"line":14,"column":31}}],"line":14},"2":{"loc":{"start":{"line":20,"column":6},"end":{"line":22,"column":7}},"type":"if","locations":[{"start":{"line":20,"column":6},"end":{"line":22,"column":7}},{"start":{},"end":{}}],"line":20},"3":{"loc":{"start":{"line":31,"column":6},"end":{"line":33,"column":7}},"type":"if","locations":[{"start":{"line":31,"column":6},"end":{"line":33,"column":7}},{"start":{},"end":{}}],"line":31},"4":{"loc":{"start":{"line":86,"column":4},"end":{"line":88,"column":5}},"type":"if","locations":[{"start":{"line":86,"column":4},"end":{"line":88,"column":5}},{"start":{},"end":{}}],"line":86}},"s":{"0":8,"1":8,"2":8,"3":8,"4":8,"5":8,"6":8,"7":2,"8":6,"9":6,"10":2,"11":4,"12":2,"13":2,"14":2,"15":1,"16":1,"17":8,"18":3,"19":3,"20":2,"21":4,"22":2,"23":1,"24":1,"25":8,"26":5,"27":5,"28":5,"29":4,"30":2,"31":2,"32":2,"33":1,"34":1,"35":8},"f":{"0":8,"1":3,"2":4,"3":5},"b":{"0":[2,6],"1":[8,7],"2":[2,4],"3":[1,1],"4":[2,2]},"_coverageSchema":"1a1c01bbd47fc00a2c39e90264f33305004495a9","hash":"410e5ba389f7e319d2f6be3e8dd370aeca094ff7"}
,"/Users/pedronogueira/Developer/Ufscar/GP/loja-de-roupa-ufscar-node/src/controllers/DashboardController.js": {"path":"/Users/pedronogueira/Developer/Ufscar/GP/loja-de-roupa-ufscar-node/src/controllers/DashboardController.js","statementMap":{"0":{"start":{"line":1,"column":18},"end":{"line":1,"column":47}},"1":{"start":{"line":2,"column":15},"end":{"line":2,"column":35}},"2":{"start":{"line":3,"column":27},"end":{"line":3,"column":66}},"3":{"start":{"line":4,"column":13},"end":{"line":4,"column":38}},"4":{"start":{"line":5,"column":16},"end":{"line":5,"column":44}},"5":{"start":{"line":6,"column":14},"end":{"line":6,"column":40}},"6":{"start":{"line":7,"column":17},"end":{"line":7,"column":46}},"7":{"start":{"line":12,"column":26},"end":{"line":248,"column":1}},"8":{"start":{"line":13,"column":14},"end":{"line":13,"column":43}},"9":{"start":{"line":14,"column":4},"end":{"line":247,"column":5}},"10":{"start":{"line":15,"column":21},"end":{"line":15,"column":29}},"11":{"start":{"line":16,"column":8},"end":{"line":21,"column":9}},"12":{"start":{"line":17,"column":12},"end":{"line":17,"column":31}},"13":{"start":{"line":18,"column":12},"end":{"line":20,"column":64}},"14":{"start":{"line":24,"column":35},"end":{"line":37,"column":9}},"15":{"start":{"line":25,"column":27},"end":{"line":25,"column":29}},"16":{"start":{"line":26,"column":30},"end":{"line":26,"column":49}},"17":{"start":{"line":28,"column":12},"end":{"line":34,"column":13}},"18":{"start":{"line":29,"column":16},"end":{"line":32,"column":19}},"19":{"start":{"line":33,"column":16},"end":{"line":33,"column":65}},"20":{"start":{"line":36,"column":12},"end":{"line":36,"column":26}},"21":{"start":{"line":40,"column":24},"end":{"line":40,"column":34}},"22":{"start":{"line":41,"column":26},"end":{"line":41,"column":36}},"23":{"start":{"line":42,"column":8},"end":{"line":42,"column":52}},"24":{"start":{"line":43,"column":8},"end":{"line":43,"column":29}},"25":{"start":{"line":47,"column":12},"end":{"line":50,"column":20}},"26":{"start":{"line":54,"column":12},"end":{"line":57,"column":20}},"27":{"start":{"line":60,"column":47},"end":{"line":69,"column":10}},"28":{"start":{"line":72,"column":32},"end":{"line":97,"column":10}},"29":{"start":{"line":99,"column":25},"end":{"line":99,"column":29}},"30":{"start":{"line":100,"column":8},"end":{"line":105,"column":9}},"31":{"start":{"line":101,"column":12},"end":{"line":104,"column":14}},"32":{"start":{"line":108,"column":33},"end":{"line":131,"column":10}},"33":{"start":{"line":108,"column":44},"end":{"line":131,"column":9}},"34":{"start":{"line":134,"column":41},"end":{"line":137,"column":10}},"35":{"start":{"line":139,"column":8},"end":{"line":139,"column":44}},"36":{"start":{"line":140,"column":8},"end":{"line":140,"column":66}},"37":{"start":{"line":142,"column":31},"end":{"line":142,"column":69}},"38":{"start":{"line":143,"column":8},"end":{"line":143,"column":55}},"39":{"start":{"line":145,"column":32},"end":{"line":158,"column":9}},"40":{"start":{"line":146,"column":12},"end":{"line":146,"column":67}},"41":{"start":{"line":148,"column":28},"end":{"line":151,"column":18}},"42":{"start":{"line":149,"column":16},"end":{"line":149,"column":53}},"43":{"start":{"line":150,"column":16},"end":{"line":150,"column":27}},"44":{"start":{"line":154,"column":12},"end":{"line":157,"column":16}},"45":{"start":{"line":154,"column":41},"end":{"line":157,"column":13}},"46":{"start":{"line":161,"column":36},"end":{"line":193,"column":10}},"47":{"start":{"line":196,"column":35},"end":{"line":199,"column":11}},"48":{"start":{"line":196,"column":70},"end":{"line":199,"column":9}},"49":{"start":{"line":202,"column":30},"end":{"line":217,"column":10}},"50":{"start":{"line":219,"column":30},"end":{"line":219,"column":71}},"51":{"start":{"line":220,"column":34},"end":{"line":220,"column":79}},"52":{"start":{"line":223,"column":25},"end":{"line":223,"column":26}},"53":{"start":{"line":224,"column":8},"end":{"line":226,"column":9}},"54":{"start":{"line":225,"column":12},"end":{"line":225,"column":62}},"55":{"start":{"line":228,"column":8},"end":{"line":228,"column":25}},"56":{"start":{"line":230,"column":8},"end":{"line":242,"column":11}},"57":{"start":{"line":244,"column":8},"end":{"line":244,"column":27}},"58":{"start":{"line":245,"column":8},"end":{"line":245,"column":73}},"59":{"start":{"line":246,"column":8},"end":{"line":246,"column":78}},"60":{"start":{"line":250,"column":0},"end":{"line":252,"column":2}}},"fnMap":{"0":{"name":"(anonymous_0)","decl":{"start":{"line":12,"column":26},"end":{"line":12,"column":27}},"loc":{"start":{"line":12,"column":46},"end":{"line":248,"column":1}},"line":12},"1":{"name":"(anonymous_1)","decl":{"start":{"line":24,"column":35},"end":{"line":24,"column":36}},"loc":{"start":{"line":24,"column":59},"end":{"line":37,"column":9}},"line":24},"2":{"name":"(anonymous_2)","decl":{"start":{"line":108,"column":33},"end":{"line":108,"column":34}},"loc":{"start":{"line":108,"column":44},"end":{"line":131,"column":9}},"line":108},"3":{"name":"(anonymous_3)","decl":{"start":{"line":145,"column":32},"end":{"line":145,"column":33}},"loc":{"start":{"line":145,"column":53},"end":{"line":158,"column":9}},"line":145},"4":{"name":"(anonymous_4)","decl":{"start":{"line":148,"column":43},"end":{"line":148,"column":44}},"loc":{"start":{"line":148,"column":58},"end":{"line":151,"column":13}},"line":148},"5":{"name":"(anonymous_5)","decl":{"start":{"line":154,"column":30},"end":{"line":154,"column":31}},"loc":{"start":{"line":154,"column":41},"end":{"line":157,"column":13}},"line":154},"6":{"name":"(anonymous_6)","decl":{"start":{"line":196,"column":59},"end":{"line":196,"column":60}},"loc":{"start":{"line":196,"column":70},"end":{"line":199,"column":9}},"line":196}},"branchMap":{"0":{"loc":{"start":{"line":16,"column":8},"end":{"line":21,"column":9}},"type":"if","locations":[{"start":{"line":16,"column":8},"end":{"line":21,"column":9}},{"start":{},"end":{}}],"line":16},"1":{"loc":{"start":{"line":47,"column":12},"end":{"line":50,"column":20}},"type":"binary-expr","locations":[{"start":{"line":47,"column":13},"end":{"line":50,"column":14}},{"start":{"line":50,"column":19},"end":{"line":50,"column":20}}],"line":47},"2":{"loc":{"start":{"line":54,"column":12},"end":{"line":57,"column":20}},"type":"binary-expr","locations":[{"start":{"line":54,"column":13},"end":{"line":57,"column":14}},{"start":{"line":57,"column":19},"end":{"line":57,"column":20}}],"line":54},"3":{"loc":{"start":{"line":100,"column":8},"end":{"line":105,"column":9}},"type":"if","locations":[{"start":{"line":100,"column":8},"end":{"line":105,"column":9}},{"start":{},"end":{}}],"line":100},"4":{"loc":{"start":{"line":100,"column":12},"end":{"line":100,"column":54}},"type":"binary-expr","locations":[{"start":{"line":100,"column":12},"end":{"line":100,"column":27}},{"start":{"line":100,"column":31},"end":{"line":100,"column":54}}],"line":100},"5":{"loc":{"start":{"line":156,"column":23},"end":{"line":156,"column":47}},"type":"binary-expr","locations":[{"start":{"line":156,"column":23},"end":{"line":156,"column":42}},{"start":{"line":156,"column":46},"end":{"line":156,"column":47}}],"line":156},"6":{"loc":{"start":{"line":198,"column":24},"end":{"line":198,"column":44}},"type":"binary-expr","locations":[{"start":{"line":198,"column":24},"end":{"line":198,"column":39}},{"start":{"line":198,"column":43},"end":{"line":198,"column":44}}],"line":198},"7":{"loc":{"start":{"line":224,"column":8},"end":{"line":226,"column":9}},"type":"if","locations":[{"start":{"line":224,"column":8},"end":{"line":226,"column":9}},{"start":{},"end":{}}],"line":224}},"s":{"0":8,"1":8,"2":8,"3":8,"4":8,"5":8,"6":8,"7":8,"8":4,"9":4,"10":4,"11":4,"12":1,"13":1,"14":3,"15":2,"16":2,"17":2,"18":24,"19":24,"20":2,"21":3,"22":3,"23":3,"24":3,"25":3,"26":2,"27":2,"28":2,"29":2,"30":2,"31":2,"32":2,"33":4,"34":2,"35":2,"36":2,"37":2,"38":2,"39":2,"40":4,"41":4,"42":2,"43":2,"44":4,"45":48,"46":2,"47":2,"48":2,"49":2,"50":2,"51":2,"52":2,"53":2,"54":2,"55":2,"56":2,"57":1,"58":1,"59":1,"60":8},"f":{"0":4,"1":2,"2":4,"3":4,"4":2,"5":48,"6":2},"b":{"0":[1,3],"1":[3,0],"2":[2,0],"3":[2,0],"4":[2,2],"5":[48,46],"6":[2,0],"7":[2,0]},"_coverageSchema":"1a1c01bbd47fc00a2c39e90264f33305004495a9","hash":"eb89f0e0fb4b315dd5ff501108d9dbcbd9c1fd64"}
,"/Users/pedronogueira/Developer/Ufscar/GP/loja-de-roupa-ufscar-node/src/controllers/LogoutController.js": {"path":"/Users/pedronogueira/Developer/Ufscar/GP/loja-de-roupa-ufscar-node/src/controllers/LogoutController.js","statementMap":{"0":{"start":{"line":1,"column":22},"end":{"line":1,"column":56}},"1":{"start":{"line":2,"column":13},"end":{"line":2,"column":38}},"2":{"start":{"line":3,"column":12},"end":{"line":3,"column":35}},"3":{"start":{"line":4,"column":0},"end":{"line":4,"column":27}},"4":{"start":{"line":7,"column":20},"end":{"line":7,"column":31}},"5":{"start":{"line":16,"column":15},"end":{"line":61,"column":1}},"6":{"start":{"line":17,"column":4},"end":{"line":60,"column":5}},"7":{"start":{"line":18,"column":22},"end":{"line":18,"column":46}},"8":{"start":{"line":20,"column":8},"end":{"line":24,"column":9}},"9":{"start":{"line":21,"column":12},"end":{"line":23,"column":65}},"10":{"start":{"line":27,"column":24},"end":{"line":27,"column":65}},"11":{"start":{"line":28,"column":21},"end":{"line":28,"column":52}},"12":{"start":{"line":31,"column":8},"end":{"line":33,"column":9}},"13":{"start":{"line":32,"column":12},"end":{"line":32,"column":72}},"14":{"start":{"line":36,"column":8},"end":{"line":38,"column":11}},"15":{"start":{"line":41,"column":8},"end":{"line":41,"column":37}},"16":{"start":{"line":43,"column":8},"end":{"line":43,"column":63}},"17":{"start":{"line":44,"column":8},"end":{"line":46,"column":78}},"18":{"start":{"line":48,"column":8},"end":{"line":48,"column":46}},"19":{"start":{"line":50,"column":8},"end":{"line":52,"column":9}},"20":{"start":{"line":51,"column":12},"end":{"line":51,"column":70}},"21":{"start":{"line":53,"column":8},"end":{"line":55,"column":9}},"22":{"start":{"line":54,"column":12},"end":{"line":54,"column":70}},"23":{"start":{"line":57,"column":8},"end":{"line":59,"column":71}},"24":{"start":{"line":63,"column":0},"end":{"line":65,"column":2}}},"fnMap":{"0":{"name":"(anonymous_0)","decl":{"start":{"line":16,"column":15},"end":{"line":16,"column":16}},"loc":{"start":{"line":16,"column":35},"end":{"line":61,"column":1}},"line":16}},"branchMap":{"0":{"loc":{"start":{"line":20,"column":8},"end":{"line":24,"column":9}},"type":"if","locations":[{"start":{"line":20,"column":8},"end":{"line":24,"column":9}},{"start":{},"end":{}}],"line":20},"1":{"loc":{"start":{"line":31,"column":8},"end":{"line":33,"column":9}},"type":"if","locations":[{"start":{"line":31,"column":8},"end":{"line":33,"column":9}},{"start":{},"end":{}}],"line":31},"2":{"loc":{"start":{"line":50,"column":8},"end":{"line":52,"column":9}},"type":"if","locations":[{"start":{"line":50,"column":8},"end":{"line":52,"column":9}},{"start":{},"end":{}}],"line":50},"3":{"loc":{"start":{"line":53,"column":8},"end":{"line":55,"column":9}},"type":"if","locations":[{"start":{"line":53,"column":8},"end":{"line":55,"column":9}},{"start":{},"end":{}}],"line":53}},"s":{"0":8,"1":8,"2":8,"3":8,"4":8,"5":8,"6":7,"7":7,"8":7,"9":1,"10":6,"11":4,"12":4,"13":1,"14":3,"15":2,"16":2,"17":2,"18":3,"19":3,"20":0,"21":3,"22":1,"23":2,"24":8},"f":{"0":7},"b":{"0":[1,6],"1":[1,3],"2":[0,3],"3":[1,2]},"_coverageSchema":"1a1c01bbd47fc00a2c39e90264f33305004495a9","hash":"8a97d20e0ab036256b002eb438c5973e15dc2512"}
,"/Users/pedronogueira/Developer/Ufscar/GP/loja-de-roupa-ufscar-node/src/controllers/ProductController.js": {"path":"/Users/pedronogueira/Developer/Ufscar/GP/loja-de-roupa-ufscar-node/src/controllers/ProductController.js","statementMap":{"0":{"start":{"line":1,"column":16},"end":{"line":1,"column":44}},"1":{"start":{"line":2,"column":17},"end":{"line":2,"column":46}},"2":{"start":{"line":8,"column":22},"end":{"line":49,"column":1}},"3":{"start":{"line":9,"column":2},"end":{"line":48,"column":3}},"4":{"start":{"line":10,"column":74},"end":{"line":10,"column":82}},"5":{"start":{"line":13,"column":4},"end":{"line":15,"column":5}},"6":{"start":{"line":14,"column":6},"end":{"line":14,"column":121}},"7":{"start":{"line":18,"column":24},"end":{"line":18,"column":28}},"8":{"start":{"line":19,"column":4},"end":{"line":24,"column":5}},"9":{"start":{"line":20,"column":6},"end":{"line":20,"column":72}},"10":{"start":{"line":21,"column":6},"end":{"line":23,"column":7}},"11":{"start":{"line":22,"column":8},"end":{"line":22,"column":78}},"12":{"start":{"line":25,"column":4},"end":{"line":25,"column":25}},"13":{"start":{"line":26,"column":4},"end":{"line":26,"column":51}},"14":{"start":{"line":27,"column":4},"end":{"line":27,"column":30}},"15":{"start":{"line":28,"column":23},"end":{"line":36,"column":6}},"16":{"start":{"line":40,"column":27},"end":{"line":42,"column":6}},"17":{"start":{"line":44,"column":4},"end":{"line":44,"column":105}},"18":{"start":{"line":46,"column":4},"end":{"line":46,"column":51}},"19":{"start":{"line":47,"column":4},"end":{"line":47,"column":74}},"20":{"start":{"line":54,"column":20},"end":{"line":64,"column":1}},"21":{"start":{"line":55,"column":2},"end":{"line":63,"column":3}},"22":{"start":{"line":56,"column":21},"end":{"line":58,"column":6}},"23":{"start":{"line":59,"column":4},"end":{"line":59,"column":46}},"24":{"start":{"line":61,"column":4},"end":{"line":61,"column":52}},"25":{"start":{"line":62,"column":4},"end":{"line":62,"column":74}},"26":{"start":{"line":70,"column":22},"end":{"line":116,"column":1}},"27":{"start":{"line":71,"column":2},"end":{"line":115,"column":3}},"28":{"start":{"line":72,"column":19},"end":{"line":72,"column":29}},"29":{"start":{"line":73,"column":74},"end":{"line":73,"column":82}},"30":{"start":{"line":74,"column":4},"end":{"line":74,"column":38}},"31":{"start":{"line":75,"column":20},"end":{"line":75,"column":46}},"32":{"start":{"line":76,"column":4},"end":{"line":78,"column":5}},"33":{"start":{"line":77,"column":6},"end":{"line":77,"column":74}},"34":{"start":{"line":80,"column":4},"end":{"line":80,"column":37}},"35":{"start":{"line":81,"column":4},"end":{"line":81,"column":25}},"36":{"start":{"line":84,"column":24},"end":{"line":84,"column":28}},"37":{"start":{"line":85,"column":4},"end":{"line":91,"column":5}},"38":{"start":{"line":86,"column":6},"end":{"line":86,"column":76}},"39":{"start":{"line":87,"column":6},"end":{"line":89,"column":7}},"40":{"start":{"line":88,"column":8},"end":{"line":88,"column":78}},"41":{"start":{"line":90,"column":6},"end":{"line":90,"column":44}},"42":{"start":{"line":94,"column":4},"end":{"line":94,"column":24}},"43":{"start":{"line":96,"column":4},"end":{"line":96,"column":48}},"44":{"start":{"line":96,"column":28},"end":{"line":96,"column":48}},"45":{"start":{"line":97,"column":4},"end":{"line":97,"column":51}},"46":{"start":{"line":97,"column":29},"end":{"line":97,"column":51}},"47":{"start":{"line":98,"column":4},"end":{"line":98,"column":51}},"48":{"start":{"line":98,"column":29},"end":{"line":98,"column":51}},"49":{"start":{"line":99,"column":4},"end":{"line":99,"column":48}},"50":{"start":{"line":99,"column":28},"end":{"line":99,"column":48}},"51":{"start":{"line":100,"column":4},"end":{"line":100,"column":51}},"52":{"start":{"line":100,"column":29},"end":{"line":100,"column":51}},"53":{"start":{"line":101,"column":4},"end":{"line":101,"column":78}},"54":{"start":{"line":101,"column":38},"end":{"line":101,"column":78}},"55":{"start":{"line":103,"column":4},"end":{"line":103,"column":25}},"56":{"start":{"line":107,"column":26},"end":{"line":109,"column":6}},"57":{"start":{"line":111,"column":4},"end":{"line":111,"column":95}},"58":{"start":{"line":113,"column":4},"end":{"line":113,"column":55}},"59":{"start":{"line":114,"column":4},"end":{"line":114,"column":74}},"60":{"start":{"line":121,"column":22},"end":{"line":138,"column":1}},"61":{"start":{"line":122,"column":2},"end":{"line":137,"column":3}},"62":{"start":{"line":123,"column":19},"end":{"line":123,"column":29}},"63":{"start":{"line":124,"column":4},"end":{"line":124,"column":63}},"64":{"start":{"line":125,"column":4},"end":{"line":125,"column":19}},"65":{"start":{"line":126,"column":20},"end":{"line":126,"column":46}},"66":{"start":{"line":127,"column":4},"end":{"line":129,"column":5}},"67":{"start":{"line":128,"column":6},"end":{"line":128,"column":74}},"68":{"start":{"line":131,"column":4},"end":{"line":131,"column":28}},"69":{"start":{"line":133,"column":4},"end":{"line":133,"column":78}},"70":{"start":{"line":135,"column":4},"end":{"line":135,"column":53}},"71":{"start":{"line":136,"column":4},"end":{"line":136,"column":74}},"72":{"start":{"line":140,"column":0},"end":{"line":145,"column":2}}},"fnMap":{"0":{"name":"(anonymous_0)","decl":{"start":{"line":8,"column":22},"end":{"line":8,"column":23}},"loc":{"start":{"line":8,"column":42},"end":{"line":49,"column":1}},"line":8},"1":{"name":"(anonymous_1)","decl":{"start":{"line":54,"column":20},"end":{"line":54,"column":21}},"loc":{"start":{"line":54,"column":40},"end":{"line":64,"column":1}},"line":54},"2":{"name":"(anonymous_2)","decl":{"start":{"line":70,"column":22},"end":{"line":70,"column":23}},"loc":{"start":{"line":70,"column":42},"end":{"line":116,"column":1}},"line":70},"3":{"name":"(anonymous_3)","decl":{"start":{"line":121,"column":22},"end":{"line":121,"column":23}},"loc":{"start":{"line":121,"column":42},"end":{"line":138,"column":1}},"line":121}},"branchMap":{"0":{"loc":{"start":{"line":13,"column":4},"end":{"line":15,"column":5}},"type":"if","locations":[{"start":{"line":13,"column":4},"end":{"line":15,"column":5}},{"start":{},"end":{}}],"line":13},"1":{"loc":{"start":{"line":13,"column":8},"end":{"line":13,"column":42}},"type":"binary-expr","locations":[{"start":{"line":13,"column":8},"end":{"line":13,"column":13}},{"start":{"line":13,"column":17},"end":{"line":13,"column":23}},{"start":{"line":13,"column":27},"end":{"line":13,"column":32}},{"start":{"line":13,"column":36},"end":{"line":13,"column":42}}],"line":13},"2":{"loc":{"start":{"line":19,"column":4},"end":{"line":24,"column":5}},"type":"if","locations":[{"start":{"line":19,"column":4},"end":{"line":24,"column":5}},{"start":{},"end":{}}],"line":19},"3":{"loc":{"start":{"line":21,"column":6},"end":{"line":23,"column":7}},"type":"if","locations":[{"start":{"line":21,"column":6},"end":{"line":23,"column":7}},{"start":{},"end":{}}],"line":21},"4":{"loc":{"start":{"line":30,"column":13},"end":{"line":30,"column":24}},"type":"binary-expr","locations":[{"start":{"line":30,"column":13},"end":{"line":30,"column":18}},{"start":{"line":30,"column":22},"end":{"line":30,"column":24}}],"line":30},"5":{"loc":{"start":{"line":34,"column":18},"end":{"line":34,"column":57}},"type":"cond-expr","locations":[{"start":{"line":34,"column":34},"end":{"line":34,"column":50}},{"start":{"line":34,"column":53},"end":{"line":34,"column":57}}],"line":34},"6":{"loc":{"start":{"line":35,"column":22},"end":{"line":35,"column":42}},"type":"binary-expr","locations":[{"start":{"line":35,"column":22},"end":{"line":35,"column":36}},{"start":{"line":35,"column":40},"end":{"line":35,"column":42}}],"line":35},"7":{"loc":{"start":{"line":76,"column":4},"end":{"line":78,"column":5}},"type":"if","locations":[{"start":{"line":76,"column":4},"end":{"line":78,"column":5}},{"start":{},"end":{}}],"line":76},"8":{"loc":{"start":{"line":85,"column":4},"end":{"line":91,"column":5}},"type":"if","locations":[{"start":{"line":85,"column":4},"end":{"line":91,"column":5}},{"start":{},"end":{}}],"line":85},"9":{"loc":{"start":{"line":87,"column":6},"end":{"line":89,"column":7}},"type":"if","locations":[{"start":{"line":87,"column":6},"end":{"line":89,"column":7}},{"start":{},"end":{}}],"line":87},"10":{"loc":{"start":{"line":96,"column":4},"end":{"line":96,"column":48}},"type":"if","locations":[{"start":{"line":96,"column":4},"end":{"line":96,"column":48}},{"start":{},"end":{}}],"line":96},"11":{"loc":{"start":{"line":97,"column":4},"end":{"line":97,"column":51}},"type":"if","locations":[{"start":{"line":97,"column":4},"end":{"line":97,"column":51}},{"start":{},"end":{}}],"line":97},"12":{"loc":{"start":{"line":98,"column":4},"end":{"line":98,"column":51}},"type":"if","locations":[{"start":{"line":98,"column":4},"end":{"line":98,"column":51}},{"start":{},"end":{}}],"line":98},"13":{"loc":{"start":{"line":99,"column":4},"end":{"line":99,"column":48}},"type":"if","locations":[{"start":{"line":99,"column":4},"end":{"line":99,"column":48}},{"start":{},"end":{}}],"line":99},"14":{"loc":{"start":{"line":100,"column":4},"end":{"line":100,"column":51}},"type":"if","locations":[{"start":{"line":100,"column":4},"end":{"line":100,"column":51}},{"start":{},"end":{}}],"line":100},"15":{"loc":{"start":{"line":101,"column":4},"end":{"line":101,"column":78}},"type":"if","locations":[{"start":{"line":101,"column":4},"end":{"line":101,"column":78}},{"start":{},"end":{}}],"line":101},"16":{"loc":{"start":{"line":127,"column":4},"end":{"line":129,"column":5}},"type":"if","locations":[{"start":{"line":127,"column":4},"end":{"line":129,"column":5}},{"start":{},"end":{}}],"line":127}},"s":{"0":8,"1":8,"2":8,"3":6,"4":6,"5":6,"6":2,"7":4,"8":4,"9":4,"10":4,"11":2,"12":2,"13":2,"14":2,"15":2,"16":2,"17":2,"18":0,"19":0,"20":8,"21":2,"22":2,"23":2,"24":0,"25":0,"26":8,"27":6,"28":6,"29":6,"30":6,"31":6,"32":6,"33":2,"34":4,"35":4,"36":4,"37":4,"38":4,"39":4,"40":2,"41":2,"42":2,"43":2,"44":2,"45":2,"46":1,"47":2,"48":1,"49":2,"50":1,"51":2,"52":1,"53":2,"54":1,"55":2,"56":2,"57":2,"58":0,"59":0,"60":8,"61":4,"62":4,"63":4,"64":4,"65":4,"66":4,"67":2,"68":2,"69":2,"70":0,"71":0,"72":8},"f":{"0":6,"1":2,"2":6,"3":4},"b":{"0":[2,4],"1":[6,6,4,4],"2":[4,0],"3":[2,2],"4":[2,1],"5":[2,0],"6":[2,1],"7":[2,4],"8":[4,0],"9":[2,2],"10":[2,0],"11":[1,1],"12":[1,1],"13":[1,1],"14":[1,1],"15":[1,1],"16":[2,2]},"_coverageSchema":"1a1c01bbd47fc00a2c39e90264f33305004495a9","hash":"81da7c101bec55a592d76945006ad2b2382113eb"}
,"/Users/pedronogueira/Developer/Ufscar/GP/loja-de-roupa-ufscar-node/src/controllers/ReturnExchangeController.js": {"path":"/Users/pedronogueira/Developer/Ufscar/GP/loja-de-roupa-ufscar-node/src/controllers/ReturnExchangeController.js","statementMap":{"0":{"start":{"line":1,"column":27},"end":{"line":1,"column":66}},"1":{"start":{"line":2,"column":16},"end":{"line":2,"column":44}},"2":{"start":{"line":3,"column":14},"end":{"line":3,"column":40}},"3":{"start":{"line":4,"column":18},"end":{"line":4,"column":47}},"4":{"start":{"line":11,"column":23},"end":{"line":106,"column":1}},"5":{"start":{"line":12,"column":14},"end":{"line":12,"column":43}},"6":{"start":{"line":13,"column":4},"end":{"line":13,"column":26}},"7":{"start":{"line":14,"column":4},"end":{"line":105,"column":5}},"8":{"start":{"line":15,"column":34},"end":{"line":15,"column":42}},"9":{"start":{"line":17,"column":8},"end":{"line":22,"column":9}},"10":{"start":{"line":18,"column":12},"end":{"line":18,"column":31}},"11":{"start":{"line":19,"column":12},"end":{"line":21,"column":69}},"12":{"start":{"line":25,"column":23},"end":{"line":25,"column":46}},"13":{"start":{"line":26,"column":8},"end":{"line":31,"column":9}},"14":{"start":{"line":27,"column":12},"end":{"line":27,"column":31}},"15":{"start":{"line":28,"column":12},"end":{"line":30,"column":63}},"16":{"start":{"line":34,"column":36},"end":{"line":46,"column":9}},"17":{"start":{"line":48,"column":8},"end":{"line":53,"column":9}},"18":{"start":{"line":49,"column":12},"end":{"line":49,"column":31}},"19":{"start":{"line":50,"column":12},"end":{"line":52,"column":64}},"20":{"start":{"line":56,"column":8},"end":{"line":56,"column":46}},"21":{"start":{"line":57,"column":8},"end":{"line":57,"column":59}},"22":{"start":{"line":60,"column":24},"end":{"line":62,"column":10}},"23":{"start":{"line":63,"column":27},"end":{"line":66,"column":10}},"24":{"start":{"line":67,"column":8},"end":{"line":77,"column":11}},"25":{"start":{"line":68,"column":12},"end":{"line":68,"column":64}},"26":{"start":{"line":69,"column":12},"end":{"line":69,"column":54}},"27":{"start":{"line":72,"column":12},"end":{"line":76,"column":35}},"28":{"start":{"line":80,"column":31},"end":{"line":92,"column":9}},"29":{"start":{"line":95,"column":8},"end":{"line":95,"column":25}},"30":{"start":{"line":97,"column":8},"end":{"line":100,"column":11}},"31":{"start":{"line":102,"column":8},"end":{"line":102,"column":27}},"32":{"start":{"line":103,"column":8},"end":{"line":103,"column":61}},"33":{"start":{"line":104,"column":8},"end":{"line":104,"column":78}},"34":{"start":{"line":114,"column":25},"end":{"line":285,"column":1}},"35":{"start":{"line":115,"column":14},"end":{"line":115,"column":43}},"36":{"start":{"line":116,"column":4},"end":{"line":116,"column":47}},"37":{"start":{"line":117,"column":4},"end":{"line":284,"column":5}},"38":{"start":{"line":118,"column":47},"end":{"line":118,"column":55}},"39":{"start":{"line":121,"column":8},"end":{"line":124,"column":9}},"40":{"start":{"line":122,"column":12},"end":{"line":122,"column":31}},"41":{"start":{"line":123,"column":12},"end":{"line":123,"column":102}},"42":{"start":{"line":127,"column":23},"end":{"line":127,"column":46}},"43":{"start":{"line":128,"column":8},"end":{"line":131,"column":9}},"44":{"start":{"line":129,"column":12},"end":{"line":129,"column":31}},"45":{"start":{"line":130,"column":12},"end":{"line":130,"column":81}},"46":{"start":{"line":134,"column":36},"end":{"line":146,"column":9}},"47":{"start":{"line":147,"column":8},"end":{"line":147,"column":63}},"48":{"start":{"line":149,"column":8},"end":{"line":153,"column":9}},"49":{"start":{"line":150,"column":12},"end":{"line":150,"column":31}},"50":{"start":{"line":151,"column":12},"end":{"line":151,"column":61}},"51":{"start":{"line":152,"column":12},"end":{"line":152,"column":91}},"52":{"start":{"line":156,"column":8},"end":{"line":159,"column":9}},"53":{"start":{"line":157,"column":12},"end":{"line":157,"column":31}},"54":{"start":{"line":158,"column":12},"end":{"line":158,"column":103}},"55":{"start":{"line":162,"column":8},"end":{"line":165,"column":9}},"56":{"start":{"line":163,"column":12},"end":{"line":163,"column":31}},"57":{"start":{"line":164,"column":12},"end":{"line":164,"column":97}},"58":{"start":{"line":168,"column":8},"end":{"line":168,"column":46}},"59":{"start":{"line":169,"column":8},"end":{"line":169,"column":59}},"60":{"start":{"line":172,"column":35},"end":{"line":172,"column":94}},"61":{"start":{"line":175,"column":31},"end":{"line":175,"column":32}},"62":{"start":{"line":176,"column":8},"end":{"line":184,"column":9}},"63":{"start":{"line":177,"column":28},"end":{"line":177,"column":84}},"64":{"start":{"line":178,"column":12},"end":{"line":182,"column":13}},"65":{"start":{"line":179,"column":16},"end":{"line":179,"column":35}},"66":{"start":{"line":180,"column":16},"end":{"line":180,"column":77}},"67":{"start":{"line":181,"column":16},"end":{"line":181,"column":107}},"68":{"start":{"line":183,"column":12},"end":{"line":183,"column":86}},"69":{"start":{"line":186,"column":30},"end":{"line":186,"column":69}},"70":{"start":{"line":189,"column":8},"end":{"line":192,"column":9}},"71":{"start":{"line":190,"column":12},"end":{"line":190,"column":31}},"72":{"start":{"line":191,"column":12},"end":{"line":191,"column":135}},"73":{"start":{"line":195,"column":36},"end":{"line":195,"column":38}},"74":{"start":{"line":198,"column":8},"end":{"line":237,"column":9}},"75":{"start":{"line":199,"column":44},"end":{"line":199,"column":46}},"76":{"start":{"line":201,"column":28},"end":{"line":201,"column":81}},"77":{"start":{"line":202,"column":12},"end":{"line":206,"column":13}},"78":{"start":{"line":203,"column":16},"end":{"line":203,"column":35}},"79":{"start":{"line":204,"column":16},"end":{"line":204,"column":74}},"80":{"start":{"line":205,"column":16},"end":{"line":205,"column":104}},"81":{"start":{"line":209,"column":31},"end":{"line":212,"column":14}},"82":{"start":{"line":214,"column":12},"end":{"line":217,"column":13}},"83":{"start":{"line":215,"column":16},"end":{"line":215,"column":35}},"84":{"start":{"line":216,"column":16},"end":{"line":216,"column":113}},"85":{"start":{"line":220,"column":12},"end":{"line":220,"column":44}},"86":{"start":{"line":221,"column":12},"end":{"line":221,"column":54}},"87":{"start":{"line":224,"column":43},"end":{"line":233,"column":34}},"88":{"start":{"line":236,"column":12},"end":{"line":236,"column":61}},"89":{"start":{"line":240,"column":37},"end":{"line":243,"column":10}},"90":{"start":{"line":245,"column":8},"end":{"line":255,"column":9}},"91":{"start":{"line":246,"column":12},"end":{"line":246,"column":74}},"92":{"start":{"line":247,"column":12},"end":{"line":247,"column":64}},"93":{"start":{"line":250,"column":12},"end":{"line":254,"column":35}},"94":{"start":{"line":258,"column":38},"end":{"line":267,"column":30}},"95":{"start":{"line":270,"column":8},"end":{"line":270,"column":56}},"96":{"start":{"line":273,"column":8},"end":{"line":273,"column":25}},"97":{"start":{"line":275,"column":8},"end":{"line":278,"column":11}},"98":{"start":{"line":281,"column":8},"end":{"line":281,"column":27}},"99":{"start":{"line":282,"column":8},"end":{"line":282,"column":57}},"100":{"start":{"line":283,"column":8},"end":{"line":283,"column":78}},"101":{"start":{"line":288,"column":0},"end":{"line":291,"column":2}}},"fnMap":{"0":{"name":"(anonymous_0)","decl":{"start":{"line":11,"column":23},"end":{"line":11,"column":24}},"loc":{"start":{"line":11,"column":43},"end":{"line":106,"column":1}},"line":11},"1":{"name":"(anonymous_1)","decl":{"start":{"line":114,"column":25},"end":{"line":114,"column":26}},"loc":{"start":{"line":114,"column":45},"end":{"line":285,"column":1}},"line":114}},"branchMap":{"0":{"loc":{"start":{"line":17,"column":8},"end":{"line":22,"column":9}},"type":"if","locations":[{"start":{"line":17,"column":8},"end":{"line":22,"column":9}},{"start":{},"end":{}}],"line":17},"1":{"loc":{"start":{"line":25,"column":23},"end":{"line":25,"column":46}},"type":"binary-expr","locations":[{"start":{"line":25,"column":23},"end":{"line":25,"column":31}},{"start":{"line":25,"column":35},"end":{"line":25,"column":46}}],"line":25},"2":{"loc":{"start":{"line":26,"column":8},"end":{"line":31,"column":9}},"type":"if","locations":[{"start":{"line":26,"column":8},"end":{"line":31,"column":9}},{"start":{},"end":{}}],"line":26},"3":{"loc":{"start":{"line":48,"column":8},"end":{"line":53,"column":9}},"type":"if","locations":[{"start":{"line":48,"column":8},"end":{"line":53,"column":9}},{"start":{},"end":{}}],"line":48},"4":{"loc":{"start":{"line":67,"column":8},"end":{"line":77,"column":11}},"type":"if","locations":[{"start":{"line":67,"column":8},"end":{"line":77,"column":11}},{"start":{"line":70,"column":15},"end":{"line":77,"column":11}}],"line":67},"5":{"loc":{"start":{"line":89,"column":24},"end":{"line":89,"column":60}},"type":"binary-expr","locations":[{"start":{"line":89,"column":24},"end":{"line":89,"column":30}},{"start":{"line":89,"column":34},"end":{"line":89,"column":60}}],"line":89},"6":{"loc":{"start":{"line":121,"column":8},"end":{"line":124,"column":9}},"type":"if","locations":[{"start":{"line":121,"column":8},"end":{"line":124,"column":9}},{"start":{},"end":{}}],"line":121},"7":{"loc":{"start":{"line":121,"column":12},"end":{"line":121,"column":85}},"type":"binary-expr","locations":[{"start":{"line":121,"column":12},"end":{"line":121,"column":26}},{"start":{"line":121,"column":30},"end":{"line":121,"column":57}},{"start":{"line":121,"column":61},"end":{"line":121,"column":85}}],"line":121},"8":{"loc":{"start":{"line":127,"column":23},"end":{"line":127,"column":46}},"type":"binary-expr","locations":[{"start":{"line":127,"column":23},"end":{"line":127,"column":31}},{"start":{"line":127,"column":35},"end":{"line":127,"column":46}}],"line":127},"9":{"loc":{"start":{"line":128,"column":8},"end":{"line":131,"column":9}},"type":"if","locations":[{"start":{"line":128,"column":8},"end":{"line":131,"column":9}},{"start":{},"end":{}}],"line":128},"10":{"loc":{"start":{"line":149,"column":8},"end":{"line":153,"column":9}},"type":"if","locations":[{"start":{"line":149,"column":8},"end":{"line":153,"column":9}},{"start":{},"end":{}}],"line":149},"11":{"loc":{"start":{"line":156,"column":8},"end":{"line":159,"column":9}},"type":"if","locations":[{"start":{"line":156,"column":8},"end":{"line":159,"column":9}},{"start":{},"end":{}}],"line":156},"12":{"loc":{"start":{"line":162,"column":8},"end":{"line":165,"column":9}},"type":"if","locations":[{"start":{"line":162,"column":8},"end":{"line":165,"column":9}},{"start":{},"end":{}}],"line":162},"13":{"loc":{"start":{"line":178,"column":12},"end":{"line":182,"column":13}},"type":"if","locations":[{"start":{"line":178,"column":12},"end":{"line":182,"column":13}},{"start":{},"end":{}}],"line":178},"14":{"loc":{"start":{"line":189,"column":8},"end":{"line":192,"column":9}},"type":"if","locations":[{"start":{"line":189,"column":8},"end":{"line":192,"column":9}},{"start":{},"end":{}}],"line":189},"15":{"loc":{"start":{"line":202,"column":12},"end":{"line":206,"column":13}},"type":"if","locations":[{"start":{"line":202,"column":12},"end":{"line":206,"column":13}},{"start":{},"end":{}}],"line":202},"16":{"loc":{"start":{"line":214,"column":12},"end":{"line":217,"column":13}},"type":"if","locations":[{"start":{"line":214,"column":12},"end":{"line":217,"column":13}},{"start":{},"end":{}}],"line":214},"17":{"loc":{"start":{"line":214,"column":16},"end":{"line":214,"column":61}},"type":"binary-expr","locations":[{"start":{"line":214,"column":16},"end":{"line":214,"column":27}},{"start":{"line":214,"column":31},"end":{"line":214,"column":61}}],"line":214},"18":{"loc":{"start":{"line":245,"column":8},"end":{"line":255,"column":9}},"type":"if","locations":[{"start":{"line":245,"column":8},"end":{"line":255,"column":9}},{"start":{"line":248,"column":15},"end":{"line":255,"column":9}}],"line":245}},"s":{"0":8,"1":8,"2":8,"3":8,"4":8,"5":9,"6":9,"7":9,"8":9,"9":9,"10":2,"11":2,"12":7,"13":7,"14":1,"15":1,"16":6,"17":4,"18":2,"19":2,"20":2,"21":2,"22":2,"23":2,"24":2,"25":2,"26":2,"27":0,"28":2,"29":2,"30":2,"31":2,"32":2,"33":2,"34":8,"35":19,"36":19,"37":19,"38":19,"39":19,"40":2,"41":2,"42":17,"43":17,"44":1,"45":1,"46":16,"47":14,"48":14,"49":2,"50":2,"51":2,"52":12,"53":2,"54":2,"55":10,"56":2,"57":2,"58":8,"59":8,"60":8,"61":8,"62":8,"63":8,"64":8,"65":2,"66":2,"67":2,"68":6,"69":6,"70":6,"71":2,"72":2,"73":4,"74":4,"75":4,"76":4,"77":4,"78":0,"79":0,"80":0,"81":4,"82":4,"83":2,"84":2,"85":2,"86":2,"87":2,"88":2,"89":2,"90":2,"91":2,"92":2,"93":0,"94":2,"95":2,"96":2,"97":2,"98":2,"99":2,"100":2,"101":8},"f":{"0":9,"1":19},"b":{"0":[2,7],"1":[7,6],"2":[1,6],"3":[2,2],"4":[2,0],"5":[2,0],"6":[2,17],"7":[19,19,19],"8":[17,16],"9":[1,16],"10":[2,12],"11":[2,10],"12":[2,8],"13":[2,6],"14":[2,4],"15":[0,4],"16":[2,2],"17":[4,4],"18":[2,0]},"_coverageSchema":"1a1c01bbd47fc00a2c39e90264f33305004495a9","hash":"dd1c80e19b55d4ff17f2ffab28fe80ce4ad31a0c"}
,"/Users/pedronogueira/Developer/Ufscar/GP/loja-de-roupa-ufscar-node/src/controllers/StockController.js": {"path":"/Users/pedronogueira/Developer/Ufscar/GP/loja-de-roupa-ufscar-node/src/controllers/StockController.js","statementMap":{"0":{"start":{"line":3,"column":15},"end":{"line":3,"column":35}},"1":{"start":{"line":4,"column":18},"end":{"line":4,"column":47}},"2":{"start":{"line":5,"column":14},"end":{"line":5,"column":40}},"3":{"start":{"line":6,"column":16},"end":{"line":6,"column":44}},"4":{"start":{"line":7,"column":27},"end":{"line":7,"column":66}},"5":{"start":{"line":8,"column":13},"end":{"line":8,"column":38}},"6":{"start":{"line":16,"column":30},"end":{"line":114,"column":1}},"7":{"start":{"line":17,"column":12},"end":{"line":17,"column":41}},"8":{"start":{"line":19,"column":2},"end":{"line":113,"column":3}},"9":{"start":{"line":20,"column":77},"end":{"line":20,"column":85}},"10":{"start":{"line":23,"column":4},"end":{"line":26,"column":5}},"11":{"start":{"line":24,"column":6},"end":{"line":24,"column":25}},"12":{"start":{"line":25,"column":6},"end":{"line":25,"column":84}},"13":{"start":{"line":29,"column":4},"end":{"line":32,"column":5}},"14":{"start":{"line":30,"column":6},"end":{"line":30,"column":25}},"15":{"start":{"line":31,"column":6},"end":{"line":31,"column":102}},"16":{"start":{"line":35,"column":19},"end":{"line":35,"column":42}},"17":{"start":{"line":36,"column":4},"end":{"line":39,"column":5}},"18":{"start":{"line":37,"column":6},"end":{"line":37,"column":25}},"19":{"start":{"line":38,"column":6},"end":{"line":38,"column":75}},"20":{"start":{"line":42,"column":20},"end":{"line":45,"column":6}},"21":{"start":{"line":46,"column":4},"end":{"line":49,"column":5}},"22":{"start":{"line":47,"column":6},"end":{"line":47,"column":25}},"23":{"start":{"line":48,"column":6},"end":{"line":48,"column":74}},"24":{"start":{"line":52,"column":31},"end":{"line":60,"column":26}},"25":{"start":{"line":64,"column":21},"end":{"line":67,"column":6}},"26":{"start":{"line":69,"column":4},"end":{"line":96,"column":5}},"27":{"start":{"line":71,"column":6},"end":{"line":75,"column":29}},"28":{"start":{"line":78,"column":6},"end":{"line":88,"column":7}},"29":{"start":{"line":80,"column":8},"end":{"line":80,"column":40}},"30":{"start":{"line":82,"column":8},"end":{"line":85,"column":9}},"31":{"start":{"line":83,"column":10},"end":{"line":83,"column":29}},"32":{"start":{"line":84,"column":10},"end":{"line":84,"column":92}},"33":{"start":{"line":87,"column":8},"end":{"line":87,"column":40}},"34":{"start":{"line":89,"column":6},"end":{"line":89,"column":38}},"35":{"start":{"line":91,"column":6},"end":{"line":94,"column":7}},"36":{"start":{"line":92,"column":8},"end":{"line":92,"column":120}},"37":{"start":{"line":95,"column":6},"end":{"line":95,"column":48}},"38":{"start":{"line":99,"column":4},"end":{"line":99,"column":21}},"39":{"start":{"line":101,"column":4},"end":{"line":101,"column":35}},"40":{"start":{"line":104,"column":4},"end":{"line":107,"column":7}},"41":{"start":{"line":110,"column":4},"end":{"line":110,"column":23}},"42":{"start":{"line":111,"column":4},"end":{"line":111,"column":71}},"43":{"start":{"line":112,"column":4},"end":{"line":112,"column":74}},"44":{"start":{"line":119,"column":17},"end":{"line":153,"column":1}},"45":{"start":{"line":120,"column":2},"end":{"line":152,"column":3}},"46":{"start":{"line":122,"column":22},"end":{"line":130,"column":6}},"47":{"start":{"line":133,"column":27},"end":{"line":146,"column":7}},"48":{"start":{"line":133,"column":53},"end":{"line":146,"column":5}},"49":{"start":{"line":148,"column":4},"end":{"line":148,"column":59}},"50":{"start":{"line":150,"column":4},"end":{"line":150,"column":51}},"51":{"start":{"line":151,"column":4},"end":{"line":151,"column":74}},"52":{"start":{"line":161,"column":28},"end":{"line":195,"column":1}},"53":{"start":{"line":162,"column":12},"end":{"line":162,"column":41}},"54":{"start":{"line":163,"column":2},"end":{"line":194,"column":3}},"55":{"start":{"line":164,"column":19},"end":{"line":164,"column":29}},"56":{"start":{"line":165,"column":25},"end":{"line":165,"column":33}},"57":{"start":{"line":168,"column":4},"end":{"line":171,"column":5}},"58":{"start":{"line":169,"column":6},"end":{"line":169,"column":25}},"59":{"start":{"line":170,"column":6},"end":{"line":170,"column":113}},"60":{"start":{"line":174,"column":23},"end":{"line":174,"column":67}},"61":{"start":{"line":175,"column":4},"end":{"line":178,"column":5}},"62":{"start":{"line":176,"column":6},"end":{"line":176,"column":25}},"63":{"start":{"line":177,"column":6},"end":{"line":177,"column":85}},"64":{"start":{"line":181,"column":4},"end":{"line":181,"column":35}},"65":{"start":{"line":182,"column":4},"end":{"line":182,"column":46}},"66":{"start":{"line":185,"column":4},"end":{"line":185,"column":21}},"67":{"start":{"line":186,"column":4},"end":{"line":189,"column":7}},"68":{"start":{"line":191,"column":4},"end":{"line":191,"column":23}},"69":{"start":{"line":192,"column":4},"end":{"line":192,"column":71}},"70":{"start":{"line":193,"column":4},"end":{"line":193,"column":74}},"71":{"start":{"line":201,"column":30},"end":{"line":224,"column":1}},"72":{"start":{"line":202,"column":2},"end":{"line":223,"column":3}},"73":{"start":{"line":203,"column":25},"end":{"line":217,"column":6}},"74":{"start":{"line":219,"column":4},"end":{"line":219,"column":50}},"75":{"start":{"line":221,"column":4},"end":{"line":221,"column":67}},"76":{"start":{"line":222,"column":4},"end":{"line":222,"column":74}},"77":{"start":{"line":226,"column":0},"end":{"line":231,"column":2}}},"fnMap":{"0":{"name":"(anonymous_0)","decl":{"start":{"line":16,"column":30},"end":{"line":16,"column":31}},"loc":{"start":{"line":16,"column":50},"end":{"line":114,"column":1}},"line":16},"1":{"name":"(anonymous_1)","decl":{"start":{"line":119,"column":17},"end":{"line":119,"column":18}},"loc":{"start":{"line":119,"column":37},"end":{"line":153,"column":1}},"line":119},"2":{"name":"(anonymous_2)","decl":{"start":{"line":133,"column":41},"end":{"line":133,"column":42}},"loc":{"start":{"line":133,"column":53},"end":{"line":146,"column":5}},"line":133},"3":{"name":"(anonymous_3)","decl":{"start":{"line":161,"column":28},"end":{"line":161,"column":29}},"loc":{"start":{"line":161,"column":48},"end":{"line":195,"column":1}},"line":161},"4":{"name":"(anonymous_4)","decl":{"start":{"line":201,"column":30},"end":{"line":201,"column":31}},"loc":{"start":{"line":201,"column":50},"end":{"line":224,"column":1}},"line":201}},"branchMap":{"0":{"loc":{"start":{"line":23,"column":4},"end":{"line":26,"column":5}},"type":"if","locations":[{"start":{"line":23,"column":4},"end":{"line":26,"column":5}},{"start":{},"end":{}}],"line":23},"1":{"loc":{"start":{"line":23,"column":8},"end":{"line":23,"column":81}},"type":"binary-expr","locations":[{"start":{"line":23,"column":8},"end":{"line":23,"column":18}},{"start":{"line":23,"column":22},"end":{"line":23,"column":31}},{"start":{"line":23,"column":35},"end":{"line":23,"column":40}},{"start":{"line":23,"column":44},"end":{"line":23,"column":61}},{"start":{"line":23,"column":65},"end":{"line":23,"column":81}}],"line":23},"2":{"loc":{"start":{"line":29,"column":4},"end":{"line":32,"column":5}},"type":"if","locations":[{"start":{"line":29,"column":4},"end":{"line":32,"column":5}},{"start":{},"end":{}}],"line":29},"3":{"loc":{"start":{"line":35,"column":19},"end":{"line":35,"column":42}},"type":"binary-expr","locations":[{"start":{"line":35,"column":19},"end":{"line":35,"column":27}},{"start":{"line":35,"column":31},"end":{"line":35,"column":42}}],"line":35},"4":{"loc":{"start":{"line":36,"column":4},"end":{"line":39,"column":5}},"type":"if","locations":[{"start":{"line":36,"column":4},"end":{"line":39,"column":5}},{"start":{},"end":{}}],"line":36},"5":{"loc":{"start":{"line":46,"column":4},"end":{"line":49,"column":5}},"type":"if","locations":[{"start":{"line":46,"column":4},"end":{"line":49,"column":5}},{"start":{},"end":{}}],"line":46},"6":{"loc":{"start":{"line":69,"column":4},"end":{"line":96,"column":5}},"type":"if","locations":[{"start":{"line":69,"column":4},"end":{"line":96,"column":5}},{"start":{"line":76,"column":11},"end":{"line":96,"column":5}}],"line":69},"7":{"loc":{"start":{"line":78,"column":6},"end":{"line":88,"column":7}},"type":"if","locations":[{"start":{"line":78,"column":6},"end":{"line":88,"column":7}},{"start":{"line":81,"column":13},"end":{"line":88,"column":7}}],"line":78},"8":{"loc":{"start":{"line":82,"column":8},"end":{"line":85,"column":9}},"type":"if","locations":[{"start":{"line":82,"column":8},"end":{"line":85,"column":9}},{"start":{},"end":{}}],"line":82},"9":{"loc":{"start":{"line":91,"column":6},"end":{"line":94,"column":7}},"type":"if","locations":[{"start":{"line":91,"column":6},"end":{"line":94,"column":7}},{"start":{},"end":{}}],"line":91},"10":{"loc":{"start":{"line":91,"column":10},"end":{"line":91,"column":81}},"type":"binary-expr","locations":[{"start":{"line":91,"column":10},"end":{"line":91,"column":32}},{"start":{"line":91,"column":36},"end":{"line":91,"column":81}}],"line":91},"11":{"loc":{"start":{"line":168,"column":4},"end":{"line":171,"column":5}},"type":"if","locations":[{"start":{"line":168,"column":4},"end":{"line":171,"column":5}},{"start":{},"end":{}}],"line":168},"12":{"loc":{"start":{"line":168,"column":8},"end":{"line":168,"column":65}},"type":"binary-expr","locations":[{"start":{"line":168,"column":8},"end":{"line":168,"column":30}},{"start":{"line":168,"column":34},"end":{"line":168,"column":49}},{"start":{"line":168,"column":53},"end":{"line":168,"column":65}}],"line":168},"13":{"loc":{"start":{"line":175,"column":4},"end":{"line":178,"column":5}},"type":"if","locations":[{"start":{"line":175,"column":4},"end":{"line":178,"column":5}},{"start":{},"end":{}}],"line":175}},"s":{"0":8,"1":8,"2":8,"3":8,"4":8,"5":8,"6":8,"7":15,"8":15,"9":15,"10":15,"11":2,"12":2,"13":13,"14":2,"15":2,"16":11,"17":11,"18":1,"19":1,"20":10,"21":9,"22":2,"23":2,"24":7,"25":7,"26":7,"27":2,"28":5,"29":1,"30":4,"31":2,"32":2,"33":2,"34":3,"35":3,"36":1,"37":3,"38":5,"39":5,"40":5,"41":1,"42":1,"43":1,"44":8,"45":4,"46":4,"47":3,"48":2,"49":3,"50":1,"51":1,"52":8,"53":9,"54":9,"55":9,"56":9,"57":9,"58":3,"59":3,"60":6,"61":6,"62":3,"63":3,"64":3,"65":3,"66":3,"67":3,"68":0,"69":0,"70":0,"71":8,"72":5,"73":5,"74":3,"75":2,"76":2,"77":8},"f":{"0":15,"1":4,"2":2,"3":9,"4":5},"b":{"0":[2,13],"1":[15,15,15,15,15],"2":[2,11],"3":[11,10],"4":[1,10],"5":[2,7],"6":[2,5],"7":[1,4],"8":[2,2],"9":[1,2],"10":[3,2],"11":[3,6],"12":[9,9,9],"13":[3,3]},"_coverageSchema":"1a1c01bbd47fc00a2c39e90264f33305004495a9","hash":"9f899370ff804f665fb583c6fb768f792b724d96"}
,"/Users/pedronogueira/Developer/Ufscar/GP/loja-de-roupa-ufscar-node/src/controllers/UserController.js": {"path":"/Users/pedronogueira/Developer/Ufscar/GP/loja-de-roupa-ufscar-node/src/controllers/UserController.js","statementMap":{"0":{"start":{"line":1,"column":15},"end":{"line":1,"column":32}},"1":{"start":{"line":2,"column":15},"end":{"line":2,"column":40}},"2":{"start":{"line":3,"column":57},"end":{"line":3,"column":96}},"3":{"start":{"line":4,"column":0},"end":{"line":4,"column":27}},"4":{"start":{"line":13,"column":21},"end":{"line":43,"column":1}},"5":{"start":{"line":14,"column":2},"end":{"line":42,"column":3}},"6":{"start":{"line":15,"column":51},"end":{"line":15,"column":59}},"7":{"start":{"line":18,"column":4},"end":{"line":18,"column":59}},"8":{"start":{"line":21,"column":25},"end":{"line":21,"column":65}},"9":{"start":{"line":22,"column":4},"end":{"line":24,"column":5}},"10":{"start":{"line":23,"column":6},"end":{"line":23,"column":73}},"11":{"start":{"line":28,"column":27},"end":{"line":28,"column":57}},"12":{"start":{"line":31,"column":20},"end":{"line":36,"column":6}},"13":{"start":{"line":38,"column":4},"end":{"line":38,"column":95}},"14":{"start":{"line":40,"column":4},"end":{"line":40,"column":55}},"15":{"start":{"line":41,"column":4},"end":{"line":41,"column":74}},"16":{"start":{"line":52,"column":17},"end":{"line":85,"column":1}},"17":{"start":{"line":53,"column":2},"end":{"line":84,"column":3}},"18":{"start":{"line":54,"column":19},"end":{"line":54,"column":29}},"19":{"start":{"line":55,"column":51},"end":{"line":55,"column":59}},"20":{"start":{"line":58,"column":4},"end":{"line":58,"column":55}},"21":{"start":{"line":61,"column":17},"end":{"line":61,"column":40}},"22":{"start":{"line":62,"column":4},"end":{"line":64,"column":5}},"23":{"start":{"line":63,"column":6},"end":{"line":63,"column":74}},"24":{"start":{"line":67,"column":4},"end":{"line":67,"column":31}},"25":{"start":{"line":67,"column":14},"end":{"line":67,"column":31}},"26":{"start":{"line":68,"column":4},"end":{"line":68,"column":34}},"27":{"start":{"line":68,"column":15},"end":{"line":68,"column":34}},"28":{"start":{"line":69,"column":4},"end":{"line":69,"column":52}},"29":{"start":{"line":69,"column":21},"end":{"line":69,"column":52}},"30":{"start":{"line":72,"column":4},"end":{"line":75,"column":5}},"31":{"start":{"line":73,"column":29},"end":{"line":73,"column":60}},"32":{"start":{"line":74,"column":6},"end":{"line":74,"column":37}},"33":{"start":{"line":78,"column":4},"end":{"line":78,"column":22}},"34":{"start":{"line":80,"column":4},"end":{"line":80,"column":86}},"35":{"start":{"line":82,"column":4},"end":{"line":82,"column":55}},"36":{"start":{"line":83,"column":4},"end":{"line":83,"column":74}},"37":{"start":{"line":94,"column":19},"end":{"line":112,"column":1}},"38":{"start":{"line":95,"column":2},"end":{"line":111,"column":3}},"39":{"start":{"line":96,"column":19},"end":{"line":96,"column":29}},"40":{"start":{"line":99,"column":17},"end":{"line":99,"column":40}},"41":{"start":{"line":100,"column":4},"end":{"line":102,"column":5}},"42":{"start":{"line":101,"column":6},"end":{"line":101,"column":74}},"43":{"start":{"line":105,"column":4},"end":{"line":105,"column":25}},"44":{"start":{"line":107,"column":4},"end":{"line":107,"column":78}},"45":{"start":{"line":109,"column":4},"end":{"line":109,"column":53}},"46":{"start":{"line":110,"column":4},"end":{"line":110,"column":74}},"47":{"start":{"line":118,"column":20},"end":{"line":131,"column":1}},"48":{"start":{"line":119,"column":2},"end":{"line":130,"column":3}},"49":{"start":{"line":121,"column":18},"end":{"line":124,"column":6}},"50":{"start":{"line":126,"column":4},"end":{"line":126,"column":43}},"51":{"start":{"line":128,"column":4},"end":{"line":128,"column":52}},"52":{"start":{"line":129,"column":4},"end":{"line":129,"column":74}},"53":{"start":{"line":133,"column":0},"end":{"line":138,"column":2}}},"fnMap":{"0":{"name":"(anonymous_0)","decl":{"start":{"line":13,"column":21},"end":{"line":13,"column":22}},"loc":{"start":{"line":13,"column":41},"end":{"line":43,"column":1}},"line":13},"1":{"name":"(anonymous_1)","decl":{"start":{"line":52,"column":17},"end":{"line":52,"column":18}},"loc":{"start":{"line":52,"column":37},"end":{"line":85,"column":1}},"line":52},"2":{"name":"(anonymous_2)","decl":{"start":{"line":94,"column":19},"end":{"line":94,"column":20}},"loc":{"start":{"line":94,"column":39},"end":{"line":112,"column":1}},"line":94},"3":{"name":"(anonymous_3)","decl":{"start":{"line":118,"column":20},"end":{"line":118,"column":21}},"loc":{"start":{"line":118,"column":40},"end":{"line":131,"column":1}},"line":118}},"branchMap":{"0":{"loc":{"start":{"line":22,"column":4},"end":{"line":24,"column":5}},"type":"if","locations":[{"start":{"line":22,"column":4},"end":{"line":24,"column":5}},{"start":{},"end":{}}],"line":22},"1":{"loc":{"start":{"line":62,"column":4},"end":{"line":64,"column":5}},"type":"if","locations":[{"start":{"line":62,"column":4},"end":{"line":64,"column":5}},{"start":{},"end":{}}],"line":62},"2":{"loc":{"start":{"line":67,"column":4},"end":{"line":67,"column":31}},"type":"if","locations":[{"start":{"line":67,"column":4},"end":{"line":67,"column":31}},{"start":{},"end":{}}],"line":67},"3":{"loc":{"start":{"line":68,"column":4},"end":{"line":68,"column":34}},"type":"if","locations":[{"start":{"line":68,"column":4},"end":{"line":68,"column":34}},{"start":{},"end":{}}],"line":68},"4":{"loc":{"start":{"line":69,"column":4},"end":{"line":69,"column":52}},"type":"if","locations":[{"start":{"line":69,"column":4},"end":{"line":69,"column":52}},{"start":{},"end":{}}],"line":69},"5":{"loc":{"start":{"line":72,"column":4},"end":{"line":75,"column":5}},"type":"if","locations":[{"start":{"line":72,"column":4},"end":{"line":75,"column":5}},{"start":{},"end":{}}],"line":72},"6":{"loc":{"start":{"line":100,"column":4},"end":{"line":102,"column":5}},"type":"if","locations":[{"start":{"line":100,"column":4},"end":{"line":102,"column":5}},{"start":{},"end":{}}],"line":100}},"s":{"0":8,"1":8,"2":8,"3":8,"4":8,"5":5,"6":5,"7":5,"8":5,"9":4,"10":2,"11":2,"12":2,"13":2,"14":1,"15":1,"16":8,"17":6,"18":6,"19":6,"20":6,"21":6,"22":5,"23":2,"24":3,"25":3,"26":3,"27":3,"28":3,"29":3,"30":3,"31":1,"32":1,"33":3,"34":3,"35":1,"36":1,"37":8,"38":5,"39":5,"40":5,"41":4,"42":2,"43":2,"44":2,"45":1,"46":1,"47":8,"48":3,"49":3,"50":2,"51":1,"52":1,"53":8},"f":{"0":5,"1":6,"2":5,"3":3},"b":{"0":[2,2],"1":[2,3],"2":[3,0],"3":[3,0],"4":[3,0],"5":[1,2],"6":[2,2]},"_coverageSchema":"1a1c01bbd47fc00a2c39e90264f33305004495a9","hash":"fdced7cb21c8cd0258925e95aad5781acc17e030"}
,"/Users/pedronogueira/Developer/Ufscar/GP/loja-de-roupa-ufscar-node/src/middlewares/authenticate.js": {"path":"/Users/pedronogueira/Developer/Ufscar/GP/loja-de-roupa-ufscar-node/src/middlewares/authenticate.js","statementMap":{"0":{"start":{"line":1,"column":12},"end":{"line":1,"column":35}},"1":{"start":{"line":2,"column":13},"end":{"line":2,"column":38}},"2":{"start":{"line":3,"column":22},"end":{"line":3,"column":56}},"3":{"start":{"line":4,"column":0},"end":{"line":4,"column":27}},"4":{"start":{"line":7,"column":20},"end":{"line":7,"column":31}},"5":{"start":{"line":16,"column":21},"end":{"line":63,"column":1}},"6":{"start":{"line":17,"column":4},"end":{"line":62,"column":5}},"7":{"start":{"line":19,"column":22},"end":{"line":19,"column":46}},"8":{"start":{"line":22,"column":8},"end":{"line":24,"column":9}},"9":{"start":{"line":23,"column":12},"end":{"line":23,"column":83}},"10":{"start":{"line":28,"column":8},"end":{"line":33,"column":9}},"11":{"start":{"line":30,"column":12},"end":{"line":30,"column":91}},"12":{"start":{"line":32,"column":12},"end":{"line":32,"column":100}},"13":{"start":{"line":36,"column":21},"end":{"line":36,"column":70}},"14":{"start":{"line":39,"column":8},"end":{"line":41,"column":9}},"15":{"start":{"line":40,"column":12},"end":{"line":40,"column":80}},"16":{"start":{"line":44,"column":30},"end":{"line":44,"column":90}},"17":{"start":{"line":47,"column":8},"end":{"line":49,"column":9}},"18":{"start":{"line":48,"column":12},"end":{"line":48,"column":100}},"19":{"start":{"line":52,"column":8},"end":{"line":54,"column":9}},"20":{"start":{"line":53,"column":12},"end":{"line":53,"column":91}},"21":{"start":{"line":57,"column":8},"end":{"line":57,"column":24}},"22":{"start":{"line":58,"column":8},"end":{"line":58,"column":15}},"23":{"start":{"line":60,"column":8},"end":{"line":60,"column":68}},"24":{"start":{"line":61,"column":8},"end":{"line":61,"column":78}},"25":{"start":{"line":65,"column":0},"end":{"line":65,"column":34}}},"fnMap":{"0":{"name":"(anonymous_0)","decl":{"start":{"line":16,"column":21},"end":{"line":16,"column":22}},"loc":{"start":{"line":16,"column":47},"end":{"line":63,"column":1}},"line":16}},"branchMap":{"0":{"loc":{"start":{"line":22,"column":8},"end":{"line":24,"column":9}},"type":"if","locations":[{"start":{"line":22,"column":8},"end":{"line":24,"column":9}},{"start":{},"end":{}}],"line":22},"1":{"loc":{"start":{"line":39,"column":8},"end":{"line":41,"column":9}},"type":"if","locations":[{"start":{"line":39,"column":8},"end":{"line":41,"column":9}},{"start":{},"end":{}}],"line":39},"2":{"loc":{"start":{"line":47,"column":8},"end":{"line":49,"column":9}},"type":"if","locations":[{"start":{"line":47,"column":8},"end":{"line":49,"column":9}},{"start":{},"end":{}}],"line":47},"3":{"loc":{"start":{"line":52,"column":8},"end":{"line":54,"column":9}},"type":"if","locations":[{"start":{"line":52,"column":8},"end":{"line":54,"column":9}},{"start":{},"end":{}}],"line":52}},"s":{"0":8,"1":8,"2":8,"3":8,"4":8,"5":8,"6":55,"7":55,"8":55,"9":6,"10":49,"11":49,"12":1,"13":48,"14":47,"15":1,"16":46,"17":46,"18":1,"19":45,"20":1,"21":44,"22":44,"23":1,"24":1,"25":8},"f":{"0":55},"b":{"0":[6,49],"1":[1,46],"2":[1,45],"3":[1,44]},"_coverageSchema":"1a1c01bbd47fc00a2c39e90264f33305004495a9","hash":"171ae2ccd5d2471c35e1eec35838205610e1befc"}
,"/Users/pedronogueira/Developer/Ufscar/GP/loja-de-roupa-ufscar-node/src/middlewares/authorizeAdmin.js": {"path":"/Users/pedronogueira/Developer/Ufscar/GP/loja-de-roupa-ufscar-node/src/middlewares/authorizeAdmin.js","statementMap":{"0":{"start":{"line":9,"column":23},"end":{"line":27,"column":1}},"1":{"start":{"line":10,"column":4},"end":{"line":26,"column":5}},"2":{"start":{"line":12,"column":8},"end":{"line":14,"column":9}},"3":{"start":{"line":13,"column":12},"end":{"line":13,"column":81}},"4":{"start":{"line":17,"column":8},"end":{"line":19,"column":9}},"5":{"start":{"line":18,"column":12},"end":{"line":18,"column":97}},"6":{"start":{"line":22,"column":8},"end":{"line":22,"column":15}},"7":{"start":{"line":24,"column":8},"end":{"line":24,"column":67}},"8":{"start":{"line":25,"column":8},"end":{"line":25,"column":71}},"9":{"start":{"line":29,"column":0},"end":{"line":29,"column":36}}},"fnMap":{"0":{"name":"(anonymous_0)","decl":{"start":{"line":9,"column":23},"end":{"line":9,"column":24}},"loc":{"start":{"line":9,"column":43},"end":{"line":27,"column":1}},"line":9}},"branchMap":{"0":{"loc":{"start":{"line":12,"column":8},"end":{"line":14,"column":9}},"type":"if","locations":[{"start":{"line":12,"column":8},"end":{"line":14,"column":9}},{"start":{},"end":{}}],"line":12},"1":{"loc":{"start":{"line":17,"column":8},"end":{"line":19,"column":9}},"type":"if","locations":[{"start":{"line":17,"column":8},"end":{"line":19,"column":9}},{"start":{},"end":{}}],"line":17}},"s":{"0":8,"1":22,"2":22,"3":1,"4":21,"5":5,"6":14,"7":2,"8":2,"9":8},"f":{"0":22},"b":{"0":[1,21],"1":[5,14]},"_coverageSchema":"1a1c01bbd47fc00a2c39e90264f33305004495a9","hash":"0090f9a7c4efea46b52b11c46753f65f5c6a3b7c"}
,"/Users/pedronogueira/Developer/Ufscar/GP/loja-de-roupa-ufscar-node/src/models/ActiveSession.js": {"path":"/Users/pedronogueira/Developer/Ufscar/GP/loja-de-roupa-ufscar-node/src/models/ActiveSession.js","statementMap":{"0":{"start":{"line":1,"column":22},"end":{"line":1,"column":42}},"1":{"start":{"line":2,"column":18},"end":{"line":2,"column":47}},"2":{"start":{"line":12,"column":22},"end":{"line":33,"column":5}},"3":{"start":{"line":35,"column":0},"end":{"line":35,"column":31}}},"fnMap":{},"branchMap":{},"s":{"0":10,"1":10,"2":10,"3":10},"f":{},"b":{},"_coverageSchema":"1a1c01bbd47fc00a2c39e90264f33305004495a9","hash":"41210b660d2e30d5615cfa61c3ff7a0de95f4c73"}
,"/Users/pedronogueira/Developer/Ufscar/GP/loja-de-roupa-ufscar-node/src/models/Category.js": {"path":"/Users/pedronogueira/Developer/Ufscar/GP/loja-de-roupa-ufscar-node/src/models/Category.js","statementMap":{"0":{"start":{"line":1,"column":22},"end":{"line":1,"column":42}},"1":{"start":{"line":2,"column":18},"end":{"line":2,"column":47}},"2":{"start":{"line":4,"column":17},"end":{"line":14,"column":1}},"3":{"start":{"line":16,"column":0},"end":{"line":16,"column":26}}},"fnMap":{},"branchMap":{},"s":{"0":7,"1":7,"2":7,"3":7},"f":{},"b":{},"_coverageSchema":"1a1c01bbd47fc00a2c39e90264f33305004495a9","hash":"5d88b85ee648ea3389db58bf54c700c6acd851ae"}
,"/Users/pedronogueira/Developer/Ufscar/GP/loja-de-roupa-ufscar-node/src/models/Product.js": {"path":"/Users/pedronogueira/Developer/Ufscar/GP/loja-de-roupa-ufscar-node/src/models/Product.js","statementMap":{"0":{"start":{"line":1,"column":22},"end":{"line":1,"column":42}},"1":{"start":{"line":2,"column":18},"end":{"line":2,"column":47}},"2":{"start":{"line":3,"column":17},"end":{"line":3,"column":38}},"3":{"start":{"line":5,"column":16},"end":{"line":35,"column":1}},"4":{"start":{"line":38,"column":0},"end":{"line":38,"column":72}},"5":{"start":{"line":41,"column":0},"end":{"line":44,"column":3}},"6":{"start":{"line":46,"column":0},"end":{"line":46,"column":25}}},"fnMap":{},"branchMap":{},"s":{"0":7,"1":7,"2":7,"3":7,"4":7,"5":7,"6":7},"f":{},"b":{},"_coverageSchema":"1a1c01bbd47fc00a2c39e90264f33305004495a9","hash":"62151cb12655a20f5907536cb2449671f2d7c5b0"}
,"/Users/pedronogueira/Developer/Ufscar/GP/loja-de-roupa-ufscar-node/src/models/Stock.js": {"path":"/Users/pedronogueira/Developer/Ufscar/GP/loja-de-roupa-ufscar-node/src/models/Stock.js","statementMap":{"0":{"start":{"line":1,"column":22},"end":{"line":1,"column":42}},"1":{"start":{"line":2,"column":18},"end":{"line":2,"column":47}},"2":{"start":{"line":3,"column":16},"end":{"line":3,"column":36}},"3":{"start":{"line":5,"column":14},"end":{"line":26,"column":1}},"4":{"start":{"line":28,"column":0},"end":{"line":31,"column":3}},"5":{"start":{"line":33,"column":0},"end":{"line":33,"column":23}}},"fnMap":{},"branchMap":{},"s":{"0":7,"1":7,"2":7,"3":7,"4":7,"5":7},"f":{},"b":{},"_coverageSchema":"1a1c01bbd47fc00a2c39e90264f33305004495a9","hash":"69b3a6a7d5a55ab0cbe6aedb798565a5e9e55853"}
,"/Users/pedronogueira/Developer/Ufscar/GP/loja-de-roupa-ufscar-node/src/models/TransactionHistory.js": {"path":"/Users/pedronogueira/Developer/Ufscar/GP/loja-de-roupa-ufscar-node/src/models/TransactionHistory.js","statementMap":{"0":{"start":{"line":1,"column":22},"end":{"line":1,"column":42}},"1":{"start":{"line":2,"column":18},"end":{"line":2,"column":47}},"2":{"start":{"line":3,"column":16},"end":{"line":3,"column":36}},"3":{"start":{"line":4,"column":13},"end":{"line":4,"column":30}},"4":{"start":{"line":6,"column":27},"end":{"line":59,"column":1}},"5":{"start":{"line":62,"column":0},"end":{"line":65,"column":3}},"6":{"start":{"line":68,"column":0},"end":{"line":71,"column":3}},"7":{"start":{"line":73,"column":0},"end":{"line":73,"column":36}}},"fnMap":{},"branchMap":{},"s":{"0":7,"1":7,"2":7,"3":7,"4":7,"5":7,"6":7,"7":7},"f":{},"b":{},"_coverageSchema":"1a1c01bbd47fc00a2c39e90264f33305004495a9","hash":"feba31fe661588b5e33a5d59bb3f6eb8fd38acfc"}
,"/Users/pedronogueira/Developer/Ufscar/GP/loja-de-roupa-ufscar-node/src/models/User.js": {"path":"/Users/pedronogueira/Developer/Ufscar/GP/loja-de-roupa-ufscar-node/src/models/User.js","statementMap":{"0":{"start":{"line":1,"column":22},"end":{"line":1,"column":42}},"1":{"start":{"line":2,"column":18},"end":{"line":2,"column":47}},"2":{"start":{"line":3,"column":15},"end":{"line":3,"column":32}},"3":{"start":{"line":14,"column":13},"end":{"line":54,"column":1}},"4":{"start":{"line":58,"column":0},"end":{"line":58,"column":22}}},"fnMap":{},"branchMap":{},"s":{"0":8,"1":8,"2":8,"3":8,"4":8},"f":{},"b":{},"_coverageSchema":"1a1c01bbd47fc00a2c39e90264f33305004495a9","hash":"883be5ba0d823a2e0588cfaa80bee87e87950350"}
,"/Users/pedronogueira/Developer/Ufscar/GP/loja-de-roupa-ufscar-node/src/routes/routes.js": {"path":"/Users/pedronogueira/Developer/Ufscar/GP/loja-de-roupa-ufscar-node/src/routes/routes.js","statementMap":{"0":{"start":{"line":1,"column":16},"end":{"line":1,"column":34}},"1":{"start":{"line":2,"column":15},"end":{"line":2,"column":31}},"2":{"start":{"line":5,"column":24},"end":{"line":5,"column":64}},"3":{"start":{"line":6,"column":25},"end":{"line":6,"column":63}},"4":{"start":{"line":7,"column":27},"end":{"line":7,"column":67}},"5":{"start":{"line":10,"column":19},"end":{"line":10,"column":61}},"6":{"start":{"line":13,"column":60},"end":{"line":13,"column":100}},"7":{"start":{"line":16,"column":69},"end":{"line":16,"column":112}},"8":{"start":{"line":19,"column":58},"end":{"line":19,"column":102}},"9":{"start":{"line":22,"column":88},"end":{"line":22,"column":129}},"10":{"start":{"line":25,"column":27},"end":{"line":25,"column":77}},"11":{"start":{"line":26,"column":29},"end":{"line":26,"column":79}},"12":{"start":{"line":29,"column":30},"end":{"line":29,"column":75}},"13":{"start":{"line":32,"column":0},"end":{"line":32,"column":27}},"14":{"start":{"line":33,"column":0},"end":{"line":33,"column":26}},"15":{"start":{"line":36,"column":0},"end":{"line":36,"column":45}},"16":{"start":{"line":39,"column":0},"end":{"line":39,"column":69}},"17":{"start":{"line":40,"column":0},"end":{"line":40,"column":70}},"18":{"start":{"line":41,"column":0},"end":{"line":41,"column":74}},"19":{"start":{"line":42,"column":0},"end":{"line":42,"column":69}},"20":{"start":{"line":45,"column":0},"end":{"line":45,"column":57}},"21":{"start":{"line":46,"column":0},"end":{"line":46,"column":55}},"22":{"start":{"line":47,"column":0},"end":{"line":47,"column":63}},"23":{"start":{"line":48,"column":0},"end":{"line":48,"column":66}},"24":{"start":{"line":51,"column":0},"end":{"line":51,"column":59}},"25":{"start":{"line":52,"column":0},"end":{"line":52,"column":59}},"26":{"start":{"line":53,"column":0},"end":{"line":53,"column":68}},"27":{"start":{"line":56,"column":0},"end":{"line":56,"column":87}},"28":{"start":{"line":57,"column":0},"end":{"line":57,"column":35}},"29":{"start":{"line":58,"column":0},"end":{"line":58,"column":55}},"30":{"start":{"line":59,"column":0},"end":{"line":59,"column":53}},"31":{"start":{"line":62,"column":0},"end":{"line":62,"column":62}},"32":{"start":{"line":63,"column":0},"end":{"line":63,"column":66}},"33":{"start":{"line":66,"column":0},"end":{"line":66,"column":58}},"34":{"start":{"line":68,"column":0},"end":{"line":68,"column":24}}},"fnMap":{},"branchMap":{},"s":{"0":7,"1":7,"2":7,"3":7,"4":7,"5":7,"6":7,"7":7,"8":7,"9":7,"10":7,"11":7,"12":7,"13":7,"14":7,"15":7,"16":7,"17":7,"18":7,"19":7,"20":7,"21":7,"22":7,"23":7,"24":7,"25":7,"26":7,"27":7,"28":7,"29":7,"30":7,"31":7,"32":7,"33":7,"34":7},"f":{},"b":{},"_coverageSchema":"1a1c01bbd47fc00a2c39e90264f33305004495a9","hash":"da8ddd50af991a0b729dbc7f90e82c8834b123c9"}
,"/Users/pedronogueira/Developer/Ufscar/GP/loja-de-roupa-ufscar-node/src/validators/userValidators.js": {"path":"/Users/pedronogueira/Developer/Ufscar/GP/loja-de-roupa-ufscar-node/src/validators/userValidators.js","statementMap":{"0":{"start":{"line":2,"column":27},"end":{"line":28,"column":1}},"1":{"start":{"line":3,"column":4},"end":{"line":5,"column":5}},"2":{"start":{"line":4,"column":8},"end":{"line":4,"column":61}},"3":{"start":{"line":8,"column":4},"end":{"line":10,"column":5}},"4":{"start":{"line":9,"column":8},"end":{"line":9,"column":69}},"5":{"start":{"line":13,"column":23},"end":{"line":13,"column":69}},"6":{"start":{"line":14,"column":4},"end":{"line":16,"column":5}},"7":{"start":{"line":15,"column":8},"end":{"line":15,"column":43}},"8":{"start":{"line":19,"column":4},"end":{"line":21,"column":5}},"9":{"start":{"line":20,"column":8},"end":{"line":20,"column":70}},"10":{"start":{"line":24,"column":30},"end":{"line":24,"column":56}},"11":{"start":{"line":25,"column":4},"end":{"line":27,"column":5}},"12":{"start":{"line":26,"column":8},"end":{"line":26,"column":53}},"13":{"start":{"line":31,"column":33},"end":{"line":52,"column":1}},"14":{"start":{"line":32,"column":4},"end":{"line":34,"column":5}},"15":{"start":{"line":33,"column":8},"end":{"line":33,"column":61}},"16":{"start":{"line":37,"column":4},"end":{"line":39,"column":5}},"17":{"start":{"line":38,"column":8},"end":{"line":38,"column":69}},"18":{"start":{"line":42,"column":23},"end":{"line":42,"column":69}},"19":{"start":{"line":43,"column":4},"end":{"line":45,"column":5}},"20":{"start":{"line":44,"column":8},"end":{"line":44,"column":43}},"21":{"start":{"line":48,"column":30},"end":{"line":48,"column":56}},"22":{"start":{"line":49,"column":4},"end":{"line":51,"column":5}},"23":{"start":{"line":50,"column":8},"end":{"line":50,"column":53}},"24":{"start":{"line":54,"column":0},"end":{"line":54,"column":66}}},"fnMap":{"0":{"name":"(anonymous_0)","decl":{"start":{"line":2,"column":27},"end":{"line":2,"column":28}},"loc":{"start":{"line":2,"column":67},"end":{"line":28,"column":1}},"line":2},"1":{"name":"(anonymous_1)","decl":{"start":{"line":31,"column":33},"end":{"line":31,"column":34}},"loc":{"start":{"line":31,"column":63},"end":{"line":52,"column":1}},"line":31}},"branchMap":{"0":{"loc":{"start":{"line":3,"column":4},"end":{"line":5,"column":5}},"type":"if","locations":[{"start":{"line":3,"column":4},"end":{"line":5,"column":5}},{"start":{},"end":{}}],"line":3},"1":{"loc":{"start":{"line":3,"column":8},"end":{"line":3,"column":52}},"type":"binary-expr","locations":[{"start":{"line":3,"column":8},"end":{"line":3,"column":13}},{"start":{"line":3,"column":17},"end":{"line":3,"column":23}},{"start":{"line":3,"column":27},"end":{"line":3,"column":36}},{"start":{"line":3,"column":40},"end":{"line":3,"column":52}}],"line":3},"2":{"loc":{"start":{"line":8,"column":4},"end":{"line":10,"column":5}},"type":"if","locations":[{"start":{"line":8,"column":4},"end":{"line":10,"column":5}},{"start":{},"end":{}}],"line":8},"3":{"loc":{"start":{"line":8,"column":8},"end":{"line":8,"column":44}},"type":"binary-expr","locations":[{"start":{"line":8,"column":8},"end":{"line":8,"column":23}},{"start":{"line":8,"column":27},"end":{"line":8,"column":44}}],"line":8},"4":{"loc":{"start":{"line":14,"column":4},"end":{"line":16,"column":5}},"type":"if","locations":[{"start":{"line":14,"column":4},"end":{"line":16,"column":5}},{"start":{},"end":{}}],"line":14},"5":{"loc":{"start":{"line":19,"column":4},"end":{"line":21,"column":5}},"type":"if","locations":[{"start":{"line":19,"column":4},"end":{"line":21,"column":5}},{"start":{},"end":{}}],"line":19},"6":{"loc":{"start":{"line":19,"column":8},"end":{"line":19,"column":52}},"type":"binary-expr","locations":[{"start":{"line":19,"column":8},"end":{"line":19,"column":27}},{"start":{"line":19,"column":31},"end":{"line":19,"column":52}}],"line":19},"7":{"loc":{"start":{"line":25,"column":4},"end":{"line":27,"column":5}},"type":"if","locations":[{"start":{"line":25,"column":4},"end":{"line":27,"column":5}},{"start":{},"end":{}}],"line":25},"8":{"loc":{"start":{"line":32,"column":4},"end":{"line":34,"column":5}},"type":"if","locations":[{"start":{"line":32,"column":4},"end":{"line":34,"column":5}},{"start":{},"end":{}}],"line":32},"9":{"loc":{"start":{"line":32,"column":8},"end":{"line":32,"column":39}},"type":"binary-expr","locations":[{"start":{"line":32,"column":8},"end":{"line":32,"column":13}},{"start":{"line":32,"column":17},"end":{"line":32,"column":23}},{"start":{"line":32,"column":27},"end":{"line":32,"column":39}}],"line":32},"10":{"loc":{"start":{"line":37,"column":4},"end":{"line":39,"column":5}},"type":"if","locations":[{"start":{"line":37,"column":4},"end":{"line":39,"column":5}},{"start":{},"end":{}}],"line":37},"11":{"loc":{"start":{"line":37,"column":8},"end":{"line":37,"column":44}},"type":"binary-expr","locations":[{"start":{"line":37,"column":8},"end":{"line":37,"column":23}},{"start":{"line":37,"column":27},"end":{"line":37,"column":44}}],"line":37},"12":{"loc":{"start":{"line":43,"column":4},"end":{"line":45,"column":5}},"type":"if","locations":[{"start":{"line":43,"column":4},"end":{"line":45,"column":5}},{"start":{},"end":{}}],"line":43},"13":{"loc":{"start":{"line":49,"column":4},"end":{"line":51,"column":5}},"type":"if","locations":[{"start":{"line":49,"column":4},"end":{"line":51,"column":5}},{"start":{},"end":{}}],"line":49}},"s":{"0":8,"1":9,"2":1,"3":8,"4":2,"5":6,"6":6,"7":1,"8":5,"9":1,"10":4,"11":4,"12":1,"13":8,"14":8,"15":1,"16":7,"17":0,"18":7,"19":7,"20":1,"21":6,"22":6,"23":0,"24":8},"f":{"0":9,"1":8},"b":{"0":[1,8],"1":[9,8,8,8],"2":[2,6],"3":[8,7],"4":[1,5],"5":[1,4],"6":[5,4],"7":[1,3],"8":[1,7],"9":[8,7,7],"10":[0,7],"11":[7,7],"12":[1,6],"13":[0,6]},"_coverageSchema":"1a1c01bbd47fc00a2c39e90264f33305004495a9","hash":"37981025a17d4571ce5a1e8b194b1109daedb033"}
,"/Users/pedronogueira/Developer/Ufscar/GP/loja-de-roupa-ufscar-node/tests/mocks/Category.js": {"path":"/Users/pedronogueira/Developer/Ufscar/GP/loja-de-roupa-ufscar-node/tests/mocks/Category.js","statementMap":{"0":{"start":{"line":1,"column":0},"end":{"line":9,"column":2}}},"fnMap":{},"branchMap":{},"s":{"0":2},"f":{},"b":{},"_coverageSchema":"1a1c01bbd47fc00a2c39e90264f33305004495a9","hash":"d463146a6cfa935fed502009d9a5300164b65934"}
,"/Users/pedronogueira/Developer/Ufscar/GP/loja-de-roupa-ufscar-node/tests/mocks/Product.js": {"path":"/Users/pedronogueira/Developer/Ufscar/GP/loja-de-roupa-ufscar-node/tests/mocks/Product.js","statementMap":{"0":{"start":{"line":1,"column":0},"end":{"line":7,"column":2}}},"fnMap":{},"branchMap":{},"s":{"0":4},"f":{},"b":{},"_coverageSchema":"1a1c01bbd47fc00a2c39e90264f33305004495a9","hash":"afa4549e4ec420b095dfab8575246a84d3919070"}
,"/Users/pedronogueira/Developer/Ufscar/GP/loja-de-roupa-ufscar-node/tests/mocks/Stock.js": {"path":"/Users/pedronogueira/Developer/Ufscar/GP/loja-de-roupa-ufscar-node/tests/mocks/Stock.js","statementMap":{"0":{"start":{"line":1,"column":0},"end":{"line":6,"column":2}}},"fnMap":{},"branchMap":{},"s":{"0":3},"f":{},"b":{},"_coverageSchema":"1a1c01bbd47fc00a2c39e90264f33305004495a9","hash":"9a15b0ba24ab82d3c5b82f5ad180f4cc383d2afe"}
,"/Users/pedronogueira/Developer/Ufscar/GP/loja-de-roupa-ufscar-node/tests/mocks/TransactionHistory.js": {"path":"/Users/pedronogueira/Developer/Ufscar/GP/loja-de-roupa-ufscar-node/tests/mocks/TransactionHistory.js","statementMap":{"0":{"start":{"line":1,"column":0},"end":{"line":8,"column":2}}},"fnMap":{},"branchMap":{},"s":{"0":3},"f":{},"b":{},"_coverageSchema":"1a1c01bbd47fc00a2c39e90264f33305004495a9","hash":"fbe96f8b50b6f05bfe55fbbeaf4c4fc5e8149577"}
,"/Users/pedronogueira/Developer/Ufscar/GP/loja-de-roupa-ufscar-node/tests/mocks/User.js": {"path":"/Users/pedronogueira/Developer/Ufscar/GP/loja-de-roupa-ufscar-node/tests/mocks/User.js","statementMap":{"0":{"start":{"line":2,"column":22},"end":{"line":2,"column":47}},"1":{"start":{"line":3,"column":15},"end":{"line":3,"column":34}},"2":{"start":{"line":6,"column":13},"end":{"line":11,"column":2}},"3":{"start":{"line":14,"column":0},"end":{"line":14,"column":25}},"4":{"start":{"line":16,"column":0},"end":{"line":23,"column":2}}},"fnMap":{},"branchMap":{},"s":{"0":6,"1":6,"2":6,"3":6,"4":6},"f":{},"b":{},"_coverageSchema":"1a1c01bbd47fc00a2c39e90264f33305004495a9","hash":"75471dd749355c4ddbe8b61b4e0e6e563a7c4949"}
,"/Users/pedronogueira/Developer/Ufscar/GP/loja-de-roupa-ufscar-node/tests/mocks/bcrypt.js": {"path":"/Users/pedronogueira/Developer/Ufscar/GP/loja-de-roupa-ufscar-node/tests/mocks/bcrypt.js","statementMap":{"0":{"start":{"line":1,"column":0},"end":{"line":4,"column":2}}},"fnMap":{},"branchMap":{},"s":{"0":1},"f":{},"b":{},"_coverageSchema":"1a1c01bbd47fc00a2c39e90264f33305004495a9","hash":"1d2c00efcd5ffd7af769c3ffe4502b83447fb87b"}
,"/Users/pedronogueira/Developer/Ufscar/GP/loja-de-roupa-ufscar-node/tests/mocks/database.js": {"path":"/Users/pedronogueira/Developer/Ufscar/GP/loja-de-roupa-ufscar-node/tests/mocks/database.js","statementMap":{"0":{"start":{"line":1,"column":0},"end":{"line":1,"column":40}}},"fnMap":{},"branchMap":{},"s":{"0":3},"f":{},"b":{},"_coverageSchema":"1a1c01bbd47fc00a2c39e90264f33305004495a9","hash":"291457237e8244e904bd0f540e7c02b38149b493"}
,"/Users/pedronogueira/Developer/Ufscar/GP/loja-de-roupa-ufscar-node/tests/mocks/sequelize.js": {"path":"/Users/pedronogueira/Developer/Ufscar/GP/loja-de-roupa-ufscar-node/tests/mocks/sequelize.js","statementMap":{"0":{"start":{"line":1,"column":22},"end":{"line":1,"column":47}},"1":{"start":{"line":2,"column":18},"end":{"line":2,"column":37}},"2":{"start":{"line":5,"column":0},"end":{"line":5,"column":55}},"3":{"start":{"line":8,"column":0},"end":{"line":13,"column":3}},"4":{"start":{"line":9,"column":4},"end":{"line":12,"column":7}},"5":{"start":{"line":16,"column":0},"end":{"line":16,"column":46}},"6":{"start":{"line":16,"column":37},"end":{"line":16,"column":44}},"7":{"start":{"line":17,"column":0},"end":{"line":17,"column":61}},"8":{"start":{"line":17,"column":40},"end":{"line":17,"column":59}},"9":{"start":{"line":18,"column":0},"end":{"line":18,"column":46}},"10":{"start":{"line":18,"column":39},"end":{"line":18,"column":44}},"11":{"start":{"line":20,"column":0},"end":{"line":20,"column":27}}},"fnMap":{"0":{"name":"(anonymous_0)","decl":{"start":{"line":8,"column":53},"end":{"line":8,"column":54}},"loc":{"start":{"line":8,"column":59},"end":{"line":13,"column":1}},"line":8},"1":{"name":"(anonymous_1)","decl":{"start":{"line":16,"column":24},"end":{"line":16,"column":25}},"loc":{"start":{"line":16,"column":37},"end":{"line":16,"column":44}},"line":16},"2":{"name":"(anonymous_2)","decl":{"start":{"line":17,"column":23},"end":{"line":17,"column":24}},"loc":{"start":{"line":17,"column":40},"end":{"line":17,"column":59}},"line":17},"3":{"name":"(anonymous_3)","decl":{"start":{"line":18,"column":28},"end":{"line":18,"column":29}},"loc":{"start":{"line":18,"column":39},"end":{"line":18,"column":44}},"line":18}},"branchMap":{},"s":{"0":3,"1":3,"2":3,"3":3,"4":0,"5":3,"6":8,"7":3,"8":9,"9":3,"10":2,"11":3},"f":{"0":0,"1":8,"2":9,"3":2},"b":{},"_coverageSchema":"1a1c01bbd47fc00a2c39e90264f33305004495a9","hash":"4f2b2e64940c8973360a8d7f67483b5ed03f6877"}
,"/Users/pedronogueira/Developer/Ufscar/GP/loja-de-roupa-ufscar-node/tests/mocks/userValidators.js": {"path":"/Users/pedronogueira/Developer/Ufscar/GP/loja-de-roupa-ufscar-node/tests/mocks/userValidators.js","statementMap":{"0":{"start":{"line":1,"column":0},"end":{"line":4,"column":2}}},"fnMap":{},"branchMap":{},"s":{"0":1},"f":{},"b":{},"_coverageSchema":"1a1c01bbd47fc00a2c39e90264f33305004495a9","hash":"5459e1a1e92905b1095a7919a9054b719e6c059a"}
}
