{"/Users/pedronogueira/Developer/Ufscar/GP/loja-de-roupa-ufscar-node/src/app.js": {"path":"/Users/pedronogueira/Developer/Ufscar/GP/loja-de-roupa-ufscar-node/src/app.js","statementMap":{"0":{"start":{"line":1,"column":16},"end":{"line":1,"column":34}},"1":{"start":{"line":2,"column":19},"end":{"line":2,"column":41}},"2":{"start":{"line":3,"column":21},"end":{"line":3,"column":45}},"3":{"start":{"line":4,"column":13},"end":{"line":4,"column":28}},"4":{"start":{"line":5,"column":15},"end":{"line":5,"column":41}},"5":{"start":{"line":6,"column":0},"end":{"line":6,"column":45}},"6":{"start":{"line":8,"column":12},"end":{"line":8,"column":21}},"7":{"start":{"line":9,"column":13},"end":{"line":9,"column":29}},"8":{"start":{"line":11,"column":0},"end":{"line":11,"column":44}},"9":{"start":{"line":12,"column":0},"end":{"line":12,"column":30}},"10":{"start":{"line":13,"column":0},"end":{"line":13,"column":24}},"11":{"start":{"line":14,"column":0},"end":{"line":14,"column":72}},"12":{"start":{"line":17,"column":0},"end":{"line":17,"column":24}},"13":{"start":{"line":20,"column":0},"end":{"line":26,"column":1}},"14":{"start":{"line":21,"column":4},"end":{"line":25,"column":7}},"15":{"start":{"line":22,"column":8},"end":{"line":24,"column":10}},"16":{"start":{"line":28,"column":0},"end":{"line":28,"column":20}}},"fnMap":{"0":{"name":"(anonymous_0)","decl":{"start":{"line":21,"column":21},"end":{"line":21,"column":22}},"loc":{"start":{"line":21,"column":27},"end":{"line":25,"column":5}},"line":21}},"branchMap":{"0":{"loc":{"start":{"line":20,"column":0},"end":{"line":26,"column":1}},"type":"if","locations":[{"start":{"line":20,"column":0},"end":{"line":26,"column":1}},{"start":{},"end":{}}],"line":20}},"s":{"0":1,"1":1,"2":1,"3":1,"4":1,"5":1,"6":1,"7":1,"8":1,"9":1,"10":1,"11":1,"12":1,"13":1,"14":0,"15":0,"16":1},"f":{"0":0},"b":{"0":[0,1]},"_coverageSchema":"1a1c01bbd47fc00a2c39e90264f33305004495a9","hash":"4fffa363a77196e73d96b15b8591dbe868e12c04"}
,"/Users/pedronogueira/Developer/Ufscar/GP/loja-de-roupa-ufscar-node/src/config/database.js": {"path":"/Users/pedronogueira/Developer/Ufscar/GP/loja-de-roupa-ufscar-node/src/config/database.js","statementMap":{"0":{"start":{"line":1,"column":22},"end":{"line":1,"column":42}},"1":{"start":{"line":2,"column":0},"end":{"line":2,"column":45}},"2":{"start":{"line":5,"column":18},"end":{"line":16,"column":1}},"3":{"start":{"line":19,"column":0},"end":{"line":29,"column":1}},"4":{"start":{"line":21,"column":2},"end":{"line":28,"column":7}},"5":{"start":{"line":22,"column":4},"end":{"line":27,"column":5}},"6":{"start":{"line":23,"column":6},"end":{"line":23,"column":37}},"7":{"start":{"line":24,"column":6},"end":{"line":24,"column":67}},"8":{"start":{"line":26,"column":6},"end":{"line":26,"column":66}},"9":{"start":{"line":31,"column":0},"end":{"line":31,"column":27}}},"fnMap":{"0":{"name":"(anonymous_0)","decl":{"start":{"line":21,"column":3},"end":{"line":21,"column":4}},"loc":{"start":{"line":21,"column":15},"end":{"line":28,"column":3}},"line":21}},"branchMap":{"0":{"loc":{"start":{"line":19,"column":0},"end":{"line":29,"column":1}},"type":"if","locations":[{"start":{"line":19,"column":0},"end":{"line":29,"column":1}},{"start":{},"end":{}}],"line":19}},"s":{"0":3,"1":3,"2":3,"3":3,"4":0,"5":0,"6":0,"7":0,"8":0,"9":3},"f":{"0":0},"b":{"0":[0,3]},"_coverageSchema":"1a1c01bbd47fc00a2c39e90264f33305004495a9","hash":"696cac3ece2b40c9ee9eb07761b5ebf36df5c758"}
,"/Users/pedronogueira/Developer/Ufscar/GP/loja-de-roupa-ufscar-node/src/controllers/AuthController.js": {"path":"/Users/pedronogueira/Developer/Ufscar/GP/loja-de-roupa-ufscar-node/src/controllers/AuthController.js","statementMap":{"0":{"start":{"line":1,"column":12},"end":{"line":1,"column":35}},"1":{"start":{"line":2,"column":15},"end":{"line":2,"column":32}},"2":{"start":{"line":3,"column":13},"end":{"line":3,"column":38}},"3":{"start":{"line":4,"column":22},"end":{"line":4,"column":56}},"4":{"start":{"line":5,"column":0},"end":{"line":5,"column":27}},"5":{"start":{"line":8,"column":20},"end":{"line":8,"column":31}},"6":{"start":{"line":17,"column":13},"end":{"line":71,"column":1}},"7":{"start":{"line":18,"column":4},"end":{"line":70,"column":5}},"8":{"start":{"line":20,"column":22},"end":{"line":20,"column":46}},"9":{"start":{"line":23,"column":8},"end":{"line":26,"column":9}},"10":{"start":{"line":25,"column":12},"end":{"line":25,"column":83}},"11":{"start":{"line":30,"column":8},"end":{"line":36,"column":9}},"12":{"start":{"line":32,"column":12},"end":{"line":32,"column":91}},"13":{"start":{"line":35,"column":12},"end":{"line":35,"column":97}},"14":{"start":{"line":39,"column":21},"end":{"line":39,"column":70}},"15":{"start":{"line":42,"column":8},"end":{"line":45,"column":9}},"16":{"start":{"line":44,"column":12},"end":{"line":44,"column":72}},"17":{"start":{"line":48,"column":30},"end":{"line":48,"column":90}},"18":{"start":{"line":51,"column":8},"end":{"line":54,"column":9}},"19":{"start":{"line":53,"column":12},"end":{"line":53,"column":94}},"20":{"start":{"line":57,"column":8},"end":{"line":60,"column":9}},"21":{"start":{"line":59,"column":12},"end":{"line":59,"column":86}},"22":{"start":{"line":63,"column":8},"end":{"line":63,"column":46}},"23":{"start":{"line":66,"column":8},"end":{"line":66,"column":54}},"24":{"start":{"line":69,"column":8},"end":{"line":69,"column":75}},"25":{"start":{"line":80,"column":14},"end":{"line":133,"column":1}},"26":{"start":{"line":81,"column":4},"end":{"line":132,"column":5}},"27":{"start":{"line":82,"column":36},"end":{"line":82,"column":44}},"28":{"start":{"line":83,"column":19},"end":{"line":83,"column":25}},"29":{"start":{"line":84,"column":8},"end":{"line":84,"column":59}},"30":{"start":{"line":85,"column":8},"end":{"line":85,"column":37}},"31":{"start":{"line":86,"column":8},"end":{"line":86,"column":43}},"32":{"start":{"line":89,"column":8},"end":{"line":91,"column":9}},"33":{"start":{"line":90,"column":12},"end":{"line":90,"column":89}},"34":{"start":{"line":94,"column":21},"end":{"line":94,"column":61}},"35":{"start":{"line":96,"column":8},"end":{"line":98,"column":9}},"36":{"start":{"line":97,"column":12},"end":{"line":97,"column":80}},"37":{"start":{"line":101,"column":32},"end":{"line":101,"column":77}},"38":{"start":{"line":102,"column":8},"end":{"line":102,"column":34}},"39":{"start":{"line":103,"column":8},"end":{"line":103,"column":36}},"40":{"start":{"line":104,"column":8},"end":{"line":106,"column":9}},"41":{"start":{"line":105,"column":12},"end":{"line":105,"column":82}},"42":{"start":{"line":109,"column":29},"end":{"line":109,"column":100}},"43":{"start":{"line":110,"column":22},"end":{"line":113,"column":10}},"44":{"start":{"line":116,"column":8},"end":{"line":120,"column":11}},"45":{"start":{"line":123,"column":8},"end":{"line":123,"column":39}},"46":{"start":{"line":125,"column":8},"end":{"line":125,"column":66}},"47":{"start":{"line":126,"column":8},"end":{"line":126,"column":41}},"48":{"start":{"line":128,"column":8},"end":{"line":128,"column":100}},"49":{"start":{"line":130,"column":8},"end":{"line":130,"column":45}},"50":{"start":{"line":131,"column":8},"end":{"line":131,"column":70}},"51":{"start":{"line":136,"column":0},"end":{"line":139,"column":2}}},"fnMap":{"0":{"name":"(anonymous_0)","decl":{"start":{"line":17,"column":13},"end":{"line":17,"column":14}},"loc":{"start":{"line":17,"column":33},"end":{"line":71,"column":1}},"line":17},"1":{"name":"(anonymous_1)","decl":{"start":{"line":80,"column":14},"end":{"line":80,"column":15}},"loc":{"start":{"line":80,"column":34},"end":{"line":133,"column":1}},"line":80}},"branchMap":{"0":{"loc":{"start":{"line":23,"column":8},"end":{"line":26,"column":9}},"type":"if","locations":[{"start":{"line":23,"column":8},"end":{"line":26,"column":9}},{"start":{},"end":{}}],"line":23},"1":{"loc":{"start":{"line":42,"column":8},"end":{"line":45,"column":9}},"type":"if","locations":[{"start":{"line":42,"column":8},"end":{"line":45,"column":9}},{"start":{},"end":{}}],"line":42},"2":{"loc":{"start":{"line":51,"column":8},"end":{"line":54,"column":9}},"type":"if","locations":[{"start":{"line":51,"column":8},"end":{"line":54,"column":9}},{"start":{},"end":{}}],"line":51},"3":{"loc":{"start":{"line":57,"column":8},"end":{"line":60,"column":9}},"type":"if","locations":[{"start":{"line":57,"column":8},"end":{"line":60,"column":9}},{"start":{},"end":{}}],"line":57},"4":{"loc":{"start":{"line":89,"column":8},"end":{"line":91,"column":9}},"type":"if","locations":[{"start":{"line":89,"column":8},"end":{"line":91,"column":9}},{"start":{},"end":{}}],"line":89},"5":{"loc":{"start":{"line":89,"column":12},"end":{"line":89,"column":80}},"type":"binary-expr","locations":[{"start":{"line":89,"column":12},"end":{"line":89,"column":18}},{"start":{"line":89,"column":22},"end":{"line":89,"column":31}},{"start":{"line":89,"column":35},"end":{"line":89,"column":54}},{"start":{"line":89,"column":58},"end":{"line":89,"column":80}}],"line":89},"6":{"loc":{"start":{"line":96,"column":8},"end":{"line":98,"column":9}},"type":"if","locations":[{"start":{"line":96,"column":8},"end":{"line":98,"column":9}},{"start":{},"end":{}}],"line":96},"7":{"loc":{"start":{"line":104,"column":8},"end":{"line":106,"column":9}},"type":"if","locations":[{"start":{"line":104,"column":8},"end":{"line":106,"column":9}},{"start":{},"end":{}}],"line":104}},"s":{"0":2,"1":2,"2":2,"3":2,"4":2,"5":2,"6":2,"7":6,"8":6,"9":6,"10":1,"11":5,"12":5,"13":1,"14":4,"15":4,"16":1,"17":3,"18":3,"19":1,"20":2,"21":1,"22":1,"23":0,"24":0,"25":2,"26":7,"27":7,"28":7,"29":7,"30":7,"31":7,"32":7,"33":1,"34":6,"35":6,"36":2,"37":4,"38":4,"39":4,"40":4,"41":2,"42":2,"43":2,"44":2,"45":2,"46":2,"47":2,"48":2,"49":0,"50":0,"51":2},"f":{"0":6,"1":7},"b":{"0":[1,5],"1":[1,3],"2":[1,2],"3":[1,1],"4":[1,6],"5":[7,6,6,6],"6":[2,4],"7":[2,2]},"_coverageSchema":"1a1c01bbd47fc00a2c39e90264f33305004495a9","hash":"9f86dc1fb66580d83d9c86cf23fb821645e61295"}
,"/Users/pedronogueira/Developer/Ufscar/GP/loja-de-roupa-ufscar-node/src/controllers/CategoryController.js": {"path":"/Users/pedronogueira/Developer/Ufscar/GP/loja-de-roupa-ufscar-node/src/controllers/CategoryController.js","statementMap":{"0":{"start":{"line":1,"column":17},"end":{"line":1,"column":46}},"1":{"start":{"line":2,"column":16},"end":{"line":2,"column":44}},"2":{"start":{"line":3,"column":20},"end":{"line":3,"column":40}},"3":{"start":{"line":9,"column":23},"end":{"line":37,"column":3}},"4":{"start":{"line":10,"column":4},"end":{"line":36,"column":5}},"5":{"start":{"line":11,"column":23},"end":{"line":11,"column":31}},"6":{"start":{"line":14,"column":6},"end":{"line":16,"column":7}},"7":{"start":{"line":15,"column":8},"end":{"line":15,"column":87}},"8":{"start":{"line":19,"column":31},"end":{"line":19,"column":87}},"9":{"start":{"line":20,"column":6},"end":{"line":22,"column":7}},"10":{"start":{"line":21,"column":8},"end":{"line":21,"column":91}},"11":{"start":{"line":25,"column":26},"end":{"line":25,"column":70}},"12":{"start":{"line":26,"column":6},"end":{"line":26,"column":107}},"13":{"start":{"line":28,"column":6},"end":{"line":28,"column":55}},"14":{"start":{"line":31,"column":6},"end":{"line":33,"column":7}},"15":{"start":{"line":32,"column":8},"end":{"line":32,"column":91}},"16":{"start":{"line":35,"column":6},"end":{"line":35,"column":76}},"17":{"start":{"line":42,"column":22},"end":{"line":72,"column":3}},"18":{"start":{"line":43,"column":4},"end":{"line":71,"column":5}},"19":{"start":{"line":45,"column":25},"end":{"line":58,"column":8}},"20":{"start":{"line":61,"column":34},"end":{"line":65,"column":9}},"21":{"start":{"line":61,"column":57},"end":{"line":65,"column":7}},"22":{"start":{"line":67,"column":6},"end":{"line":67,"column":71}},"23":{"start":{"line":69,"column":6},"end":{"line":69,"column":56}},"24":{"start":{"line":70,"column":6},"end":{"line":70,"column":76}},"25":{"start":{"line":79,"column":23},"end":{"line":102,"column":1}},"26":{"start":{"line":80,"column":2},"end":{"line":101,"column":3}},"27":{"start":{"line":81,"column":19},"end":{"line":81,"column":29}},"28":{"start":{"line":83,"column":21},"end":{"line":85,"column":6}},"29":{"start":{"line":86,"column":4},"end":{"line":88,"column":5}},"30":{"start":{"line":87,"column":6},"end":{"line":87,"column":76}},"31":{"start":{"line":95,"column":4},"end":{"line":95,"column":29}},"32":{"start":{"line":97,"column":4},"end":{"line":97,"column":80}},"33":{"start":{"line":99,"column":4},"end":{"line":99,"column":55}},"34":{"start":{"line":100,"column":4},"end":{"line":100,"column":74}},"35":{"start":{"line":104,"column":0},"end":{"line":108,"column":2}}},"fnMap":{"0":{"name":"(anonymous_0)","decl":{"start":{"line":9,"column":23},"end":{"line":9,"column":24}},"loc":{"start":{"line":9,"column":43},"end":{"line":37,"column":3}},"line":9},"1":{"name":"(anonymous_1)","decl":{"start":{"line":42,"column":22},"end":{"line":42,"column":23}},"loc":{"start":{"line":42,"column":42},"end":{"line":72,"column":3}},"line":42},"2":{"name":"(anonymous_2)","decl":{"start":{"line":61,"column":49},"end":{"line":61,"column":50}},"loc":{"start":{"line":61,"column":57},"end":{"line":65,"column":7}},"line":61},"3":{"name":"(anonymous_3)","decl":{"start":{"line":79,"column":23},"end":{"line":79,"column":24}},"loc":{"start":{"line":79,"column":43},"end":{"line":102,"column":1}},"line":79}},"branchMap":{"0":{"loc":{"start":{"line":14,"column":6},"end":{"line":16,"column":7}},"type":"if","locations":[{"start":{"line":14,"column":6},"end":{"line":16,"column":7}},{"start":{},"end":{}}],"line":14},"1":{"loc":{"start":{"line":14,"column":10},"end":{"line":14,"column":31}},"type":"binary-expr","locations":[{"start":{"line":14,"column":10},"end":{"line":14,"column":15}},{"start":{"line":14,"column":19},"end":{"line":14,"column":31}}],"line":14},"2":{"loc":{"start":{"line":20,"column":6},"end":{"line":22,"column":7}},"type":"if","locations":[{"start":{"line":20,"column":6},"end":{"line":22,"column":7}},{"start":{},"end":{}}],"line":20},"3":{"loc":{"start":{"line":31,"column":6},"end":{"line":33,"column":7}},"type":"if","locations":[{"start":{"line":31,"column":6},"end":{"line":33,"column":7}},{"start":{},"end":{}}],"line":31},"4":{"loc":{"start":{"line":86,"column":4},"end":{"line":88,"column":5}},"type":"if","locations":[{"start":{"line":86,"column":4},"end":{"line":88,"column":5}},{"start":{},"end":{}}],"line":86}},"s":{"0":2,"1":2,"2":2,"3":2,"4":5,"5":5,"6":5,"7":1,"8":4,"9":4,"10":1,"11":3,"12":1,"13":2,"14":2,"15":1,"16":1,"17":2,"18":2,"19":2,"20":1,"21":2,"22":1,"23":1,"24":1,"25":2,"26":3,"27":3,"28":3,"29":2,"30":1,"31":1,"32":1,"33":1,"34":1,"35":2},"f":{"0":5,"1":2,"2":2,"3":3},"b":{"0":[1,4],"1":[5,5],"2":[1,3],"3":[1,1],"4":[1,1]},"_coverageSchema":"1a1c01bbd47fc00a2c39e90264f33305004495a9","hash":"410e5ba389f7e319d2f6be3e8dd370aeca094ff7"}
,"/Users/pedronogueira/Developer/Ufscar/GP/loja-de-roupa-ufscar-node/src/controllers/DashboardController.js": {"path":"/Users/pedronogueira/Developer/Ufscar/GP/loja-de-roupa-ufscar-node/src/controllers/DashboardController.js","statementMap":{"0":{"start":{"line":1,"column":18},"end":{"line":1,"column":47}},"1":{"start":{"line":2,"column":15},"end":{"line":2,"column":35}},"2":{"start":{"line":3,"column":27},"end":{"line":3,"column":66}},"3":{"start":{"line":4,"column":13},"end":{"line":4,"column":38}},"4":{"start":{"line":5,"column":16},"end":{"line":5,"column":44}},"5":{"start":{"line":6,"column":14},"end":{"line":6,"column":40}},"6":{"start":{"line":7,"column":17},"end":{"line":7,"column":46}},"7":{"start":{"line":12,"column":26},"end":{"line":248,"column":1}},"8":{"start":{"line":13,"column":14},"end":{"line":13,"column":43}},"9":{"start":{"line":14,"column":4},"end":{"line":247,"column":5}},"10":{"start":{"line":15,"column":21},"end":{"line":15,"column":29}},"11":{"start":{"line":16,"column":8},"end":{"line":21,"column":9}},"12":{"start":{"line":17,"column":12},"end":{"line":17,"column":31}},"13":{"start":{"line":18,"column":12},"end":{"line":20,"column":63}},"14":{"start":{"line":24,"column":35},"end":{"line":37,"column":9}},"15":{"start":{"line":25,"column":27},"end":{"line":25,"column":29}},"16":{"start":{"line":26,"column":30},"end":{"line":26,"column":49}},"17":{"start":{"line":28,"column":12},"end":{"line":34,"column":13}},"18":{"start":{"line":29,"column":16},"end":{"line":32,"column":19}},"19":{"start":{"line":33,"column":16},"end":{"line":33,"column":65}},"20":{"start":{"line":36,"column":12},"end":{"line":36,"column":26}},"21":{"start":{"line":40,"column":24},"end":{"line":40,"column":34}},"22":{"start":{"line":41,"column":26},"end":{"line":41,"column":36}},"23":{"start":{"line":42,"column":8},"end":{"line":42,"column":52}},"24":{"start":{"line":43,"column":8},"end":{"line":43,"column":29}},"25":{"start":{"line":47,"column":12},"end":{"line":50,"column":20}},"26":{"start":{"line":54,"column":12},"end":{"line":57,"column":20}},"27":{"start":{"line":60,"column":47},"end":{"line":69,"column":10}},"28":{"start":{"line":72,"column":32},"end":{"line":97,"column":10}},"29":{"start":{"line":99,"column":25},"end":{"line":99,"column":29}},"30":{"start":{"line":100,"column":8},"end":{"line":105,"column":9}},"31":{"start":{"line":101,"column":12},"end":{"line":104,"column":14}},"32":{"start":{"line":108,"column":33},"end":{"line":131,"column":10}},"33":{"start":{"line":108,"column":44},"end":{"line":131,"column":9}},"34":{"start":{"line":134,"column":41},"end":{"line":137,"column":10}},"35":{"start":{"line":139,"column":8},"end":{"line":139,"column":44}},"36":{"start":{"line":140,"column":8},"end":{"line":140,"column":66}},"37":{"start":{"line":142,"column":31},"end":{"line":142,"column":69}},"38":{"start":{"line":143,"column":8},"end":{"line":143,"column":55}},"39":{"start":{"line":145,"column":32},"end":{"line":158,"column":9}},"40":{"start":{"line":146,"column":12},"end":{"line":146,"column":67}},"41":{"start":{"line":148,"column":28},"end":{"line":151,"column":18}},"42":{"start":{"line":149,"column":16},"end":{"line":149,"column":53}},"43":{"start":{"line":150,"column":16},"end":{"line":150,"column":27}},"44":{"start":{"line":154,"column":12},"end":{"line":157,"column":16}},"45":{"start":{"line":154,"column":41},"end":{"line":157,"column":13}},"46":{"start":{"line":161,"column":36},"end":{"line":193,"column":10}},"47":{"start":{"line":196,"column":35},"end":{"line":199,"column":11}},"48":{"start":{"line":196,"column":70},"end":{"line":199,"column":9}},"49":{"start":{"line":202,"column":30},"end":{"line":217,"column":10}},"50":{"start":{"line":219,"column":30},"end":{"line":219,"column":71}},"51":{"start":{"line":220,"column":34},"end":{"line":220,"column":79}},"52":{"start":{"line":223,"column":25},"end":{"line":223,"column":26}},"53":{"start":{"line":224,"column":8},"end":{"line":226,"column":9}},"54":{"start":{"line":225,"column":12},"end":{"line":225,"column":62}},"55":{"start":{"line":228,"column":8},"end":{"line":228,"column":25}},"56":{"start":{"line":230,"column":8},"end":{"line":242,"column":11}},"57":{"start":{"line":244,"column":8},"end":{"line":244,"column":27}},"58":{"start":{"line":245,"column":8},"end":{"line":245,"column":73}},"59":{"start":{"line":246,"column":8},"end":{"line":246,"column":78}},"60":{"start":{"line":250,"column":0},"end":{"line":252,"column":2}}},"fnMap":{"0":{"name":"(anonymous_0)","decl":{"start":{"line":12,"column":26},"end":{"line":12,"column":27}},"loc":{"start":{"line":12,"column":46},"end":{"line":248,"column":1}},"line":12},"1":{"name":"(anonymous_1)","decl":{"start":{"line":24,"column":35},"end":{"line":24,"column":36}},"loc":{"start":{"line":24,"column":59},"end":{"line":37,"column":9}},"line":24},"2":{"name":"(anonymous_2)","decl":{"start":{"line":108,"column":33},"end":{"line":108,"column":34}},"loc":{"start":{"line":108,"column":44},"end":{"line":131,"column":9}},"line":108},"3":{"name":"(anonymous_3)","decl":{"start":{"line":145,"column":32},"end":{"line":145,"column":33}},"loc":{"start":{"line":145,"column":53},"end":{"line":158,"column":9}},"line":145},"4":{"name":"(anonymous_4)","decl":{"start":{"line":148,"column":43},"end":{"line":148,"column":44}},"loc":{"start":{"line":148,"column":58},"end":{"line":151,"column":13}},"line":148},"5":{"name":"(anonymous_5)","decl":{"start":{"line":154,"column":30},"end":{"line":154,"column":31}},"loc":{"start":{"line":154,"column":41},"end":{"line":157,"column":13}},"line":154},"6":{"name":"(anonymous_6)","decl":{"start":{"line":196,"column":59},"end":{"line":196,"column":60}},"loc":{"start":{"line":196,"column":70},"end":{"line":199,"column":9}},"line":196}},"branchMap":{"0":{"loc":{"start":{"line":16,"column":8},"end":{"line":21,"column":9}},"type":"if","locations":[{"start":{"line":16,"column":8},"end":{"line":21,"column":9}},{"start":{},"end":{}}],"line":16},"1":{"loc":{"start":{"line":47,"column":12},"end":{"line":50,"column":20}},"type":"binary-expr","locations":[{"start":{"line":47,"column":13},"end":{"line":50,"column":14}},{"start":{"line":50,"column":19},"end":{"line":50,"column":20}}],"line":47},"2":{"loc":{"start":{"line":54,"column":12},"end":{"line":57,"column":20}},"type":"binary-expr","locations":[{"start":{"line":54,"column":13},"end":{"line":57,"column":14}},{"start":{"line":57,"column":19},"end":{"line":57,"column":20}}],"line":54},"3":{"loc":{"start":{"line":100,"column":8},"end":{"line":105,"column":9}},"type":"if","locations":[{"start":{"line":100,"column":8},"end":{"line":105,"column":9}},{"start":{},"end":{}}],"line":100},"4":{"loc":{"start":{"line":100,"column":12},"end":{"line":100,"column":54}},"type":"binary-expr","locations":[{"start":{"line":100,"column":12},"end":{"line":100,"column":27}},{"start":{"line":100,"column":31},"end":{"line":100,"column":54}}],"line":100},"5":{"loc":{"start":{"line":156,"column":23},"end":{"line":156,"column":47}},"type":"binary-expr","locations":[{"start":{"line":156,"column":23},"end":{"line":156,"column":42}},{"start":{"line":156,"column":46},"end":{"line":156,"column":47}}],"line":156},"6":{"loc":{"start":{"line":198,"column":24},"end":{"line":198,"column":44}},"type":"binary-expr","locations":[{"start":{"line":198,"column":24},"end":{"line":198,"column":39}},{"start":{"line":198,"column":43},"end":{"line":198,"column":44}}],"line":198},"7":{"loc":{"start":{"line":224,"column":8},"end":{"line":226,"column":9}},"type":"if","locations":[{"start":{"line":224,"column":8},"end":{"line":226,"column":9}},{"start":{},"end":{}}],"line":224}},"s":{"0":2,"1":2,"2":2,"3":2,"4":2,"5":2,"6":2,"7":2,"8":3,"9":3,"10":3,"11":3,"12":1,"13":1,"14":2,"15":1,"16":1,"17":1,"18":12,"19":12,"20":1,"21":2,"22":2,"23":2,"24":2,"25":2,"26":1,"27":1,"28":1,"29":1,"30":1,"31":1,"32":1,"33":2,"34":1,"35":1,"36":1,"37":1,"38":1,"39":1,"40":2,"41":2,"42":0,"43":0,"44":2,"45":24,"46":1,"47":1,"48":1,"49":1,"50":1,"51":1,"52":1,"53":1,"54":1,"55":1,"56":1,"57":1,"58":1,"59":1,"60":2},"f":{"0":3,"1":1,"2":2,"3":2,"4":0,"5":24,"6":1},"b":{"0":[1,2],"1":[2,0],"2":[1,0],"3":[1,0],"4":[1,1],"5":[24,24],"6":[1,0],"7":[1,0]},"_coverageSchema":"1a1c01bbd47fc00a2c39e90264f33305004495a9","hash":"d1f7c862e59a75b21ced7ff65c4dcf128da599a8"}
,"/Users/pedronogueira/Developer/Ufscar/GP/loja-de-roupa-ufscar-node/src/controllers/LogoutController.js": {"path":"/Users/pedronogueira/Developer/Ufscar/GP/loja-de-roupa-ufscar-node/src/controllers/LogoutController.js","statementMap":{"0":{"start":{"line":1,"column":22},"end":{"line":1,"column":56}},"1":{"start":{"line":2,"column":13},"end":{"line":2,"column":38}},"2":{"start":{"line":3,"column":12},"end":{"line":3,"column":35}},"3":{"start":{"line":4,"column":0},"end":{"line":4,"column":27}},"4":{"start":{"line":7,"column":20},"end":{"line":7,"column":31}},"5":{"start":{"line":16,"column":15},"end":{"line":61,"column":1}},"6":{"start":{"line":17,"column":4},"end":{"line":60,"column":5}},"7":{"start":{"line":18,"column":22},"end":{"line":18,"column":46}},"8":{"start":{"line":20,"column":8},"end":{"line":24,"column":9}},"9":{"start":{"line":21,"column":12},"end":{"line":23,"column":77}},"10":{"start":{"line":27,"column":24},"end":{"line":27,"column":65}},"11":{"start":{"line":28,"column":21},"end":{"line":28,"column":52}},"12":{"start":{"line":31,"column":8},"end":{"line":33,"column":9}},"13":{"start":{"line":32,"column":12},"end":{"line":32,"column":72}},"14":{"start":{"line":36,"column":8},"end":{"line":38,"column":11}},"15":{"start":{"line":41,"column":8},"end":{"line":41,"column":37}},"16":{"start":{"line":43,"column":8},"end":{"line":43,"column":63}},"17":{"start":{"line":44,"column":8},"end":{"line":46,"column":78}},"18":{"start":{"line":48,"column":8},"end":{"line":48,"column":46}},"19":{"start":{"line":50,"column":8},"end":{"line":52,"column":9}},"20":{"start":{"line":51,"column":12},"end":{"line":51,"column":70}},"21":{"start":{"line":53,"column":8},"end":{"line":55,"column":9}},"22":{"start":{"line":54,"column":12},"end":{"line":54,"column":70}},"23":{"start":{"line":57,"column":8},"end":{"line":59,"column":71}},"24":{"start":{"line":63,"column":0},"end":{"line":65,"column":2}}},"fnMap":{"0":{"name":"(anonymous_0)","decl":{"start":{"line":16,"column":15},"end":{"line":16,"column":16}},"loc":{"start":{"line":16,"column":35},"end":{"line":61,"column":1}},"line":16}},"branchMap":{"0":{"loc":{"start":{"line":20,"column":8},"end":{"line":24,"column":9}},"type":"if","locations":[{"start":{"line":20,"column":8},"end":{"line":24,"column":9}},{"start":{},"end":{}}],"line":20},"1":{"loc":{"start":{"line":31,"column":8},"end":{"line":33,"column":9}},"type":"if","locations":[{"start":{"line":31,"column":8},"end":{"line":33,"column":9}},{"start":{},"end":{}}],"line":31},"2":{"loc":{"start":{"line":50,"column":8},"end":{"line":52,"column":9}},"type":"if","locations":[{"start":{"line":50,"column":8},"end":{"line":52,"column":9}},{"start":{},"end":{}}],"line":50},"3":{"loc":{"start":{"line":53,"column":8},"end":{"line":55,"column":9}},"type":"if","locations":[{"start":{"line":53,"column":8},"end":{"line":55,"column":9}},{"start":{},"end":{}}],"line":53}},"s":{"0":2,"1":2,"2":2,"3":2,"4":2,"5":2,"6":6,"7":6,"8":6,"9":1,"10":5,"11":3,"12":3,"13":1,"14":2,"15":1,"16":1,"17":1,"18":3,"19":3,"20":0,"21":3,"22":1,"23":2,"24":2},"f":{"0":6},"b":{"0":[1,5],"1":[1,2],"2":[0,3],"3":[1,2]},"_coverageSchema":"1a1c01bbd47fc00a2c39e90264f33305004495a9","hash":"ffe0d91df855d11adb50ee8a80a0f5d4051f576f"}
,"/Users/pedronogueira/Developer/Ufscar/GP/loja-de-roupa-ufscar-node/src/controllers/ProductController.js": {"path":"/Users/pedronogueira/Developer/Ufscar/GP/loja-de-roupa-ufscar-node/src/controllers/ProductController.js","statementMap":{"0":{"start":{"line":1,"column":16},"end":{"line":1,"column":44}},"1":{"start":{"line":2,"column":17},"end":{"line":2,"column":46}},"2":{"start":{"line":8,"column":22},"end":{"line":49,"column":1}},"3":{"start":{"line":9,"column":2},"end":{"line":48,"column":3}},"4":{"start":{"line":10,"column":74},"end":{"line":10,"column":82}},"5":{"start":{"line":13,"column":4},"end":{"line":15,"column":5}},"6":{"start":{"line":14,"column":6},"end":{"line":14,"column":121}},"7":{"start":{"line":18,"column":24},"end":{"line":18,"column":28}},"8":{"start":{"line":19,"column":4},"end":{"line":24,"column":5}},"9":{"start":{"line":20,"column":6},"end":{"line":20,"column":72}},"10":{"start":{"line":21,"column":6},"end":{"line":23,"column":7}},"11":{"start":{"line":22,"column":8},"end":{"line":22,"column":78}},"12":{"start":{"line":25,"column":4},"end":{"line":25,"column":25}},"13":{"start":{"line":26,"column":4},"end":{"line":26,"column":51}},"14":{"start":{"line":27,"column":4},"end":{"line":27,"column":30}},"15":{"start":{"line":28,"column":23},"end":{"line":36,"column":6}},"16":{"start":{"line":40,"column":27},"end":{"line":42,"column":6}},"17":{"start":{"line":44,"column":4},"end":{"line":44,"column":105}},"18":{"start":{"line":46,"column":4},"end":{"line":46,"column":51}},"19":{"start":{"line":47,"column":4},"end":{"line":47,"column":74}},"20":{"start":{"line":54,"column":20},"end":{"line":64,"column":1}},"21":{"start":{"line":55,"column":2},"end":{"line":63,"column":3}},"22":{"start":{"line":56,"column":21},"end":{"line":58,"column":6}},"23":{"start":{"line":59,"column":4},"end":{"line":59,"column":46}},"24":{"start":{"line":61,"column":4},"end":{"line":61,"column":52}},"25":{"start":{"line":62,"column":4},"end":{"line":62,"column":74}},"26":{"start":{"line":70,"column":22},"end":{"line":116,"column":1}},"27":{"start":{"line":71,"column":2},"end":{"line":115,"column":3}},"28":{"start":{"line":72,"column":19},"end":{"line":72,"column":29}},"29":{"start":{"line":73,"column":74},"end":{"line":73,"column":82}},"30":{"start":{"line":74,"column":4},"end":{"line":74,"column":38}},"31":{"start":{"line":75,"column":20},"end":{"line":75,"column":46}},"32":{"start":{"line":76,"column":4},"end":{"line":78,"column":5}},"33":{"start":{"line":77,"column":6},"end":{"line":77,"column":74}},"34":{"start":{"line":80,"column":4},"end":{"line":80,"column":37}},"35":{"start":{"line":81,"column":4},"end":{"line":81,"column":25}},"36":{"start":{"line":84,"column":24},"end":{"line":84,"column":28}},"37":{"start":{"line":85,"column":4},"end":{"line":91,"column":5}},"38":{"start":{"line":86,"column":6},"end":{"line":86,"column":76}},"39":{"start":{"line":87,"column":6},"end":{"line":89,"column":7}},"40":{"start":{"line":88,"column":8},"end":{"line":88,"column":78}},"41":{"start":{"line":90,"column":6},"end":{"line":90,"column":44}},"42":{"start":{"line":94,"column":4},"end":{"line":94,"column":24}},"43":{"start":{"line":96,"column":4},"end":{"line":96,"column":48}},"44":{"start":{"line":96,"column":28},"end":{"line":96,"column":48}},"45":{"start":{"line":97,"column":4},"end":{"line":97,"column":51}},"46":{"start":{"line":97,"column":29},"end":{"line":97,"column":51}},"47":{"start":{"line":98,"column":4},"end":{"line":98,"column":51}},"48":{"start":{"line":98,"column":29},"end":{"line":98,"column":51}},"49":{"start":{"line":99,"column":4},"end":{"line":99,"column":48}},"50":{"start":{"line":99,"column":28},"end":{"line":99,"column":48}},"51":{"start":{"line":100,"column":4},"end":{"line":100,"column":51}},"52":{"start":{"line":100,"column":29},"end":{"line":100,"column":51}},"53":{"start":{"line":101,"column":4},"end":{"line":101,"column":78}},"54":{"start":{"line":101,"column":38},"end":{"line":101,"column":78}},"55":{"start":{"line":103,"column":4},"end":{"line":103,"column":25}},"56":{"start":{"line":107,"column":26},"end":{"line":109,"column":6}},"57":{"start":{"line":111,"column":4},"end":{"line":111,"column":95}},"58":{"start":{"line":113,"column":4},"end":{"line":113,"column":55}},"59":{"start":{"line":114,"column":4},"end":{"line":114,"column":74}},"60":{"start":{"line":121,"column":22},"end":{"line":138,"column":1}},"61":{"start":{"line":122,"column":2},"end":{"line":137,"column":3}},"62":{"start":{"line":123,"column":19},"end":{"line":123,"column":29}},"63":{"start":{"line":124,"column":4},"end":{"line":124,"column":63}},"64":{"start":{"line":125,"column":4},"end":{"line":125,"column":19}},"65":{"start":{"line":126,"column":20},"end":{"line":126,"column":46}},"66":{"start":{"line":127,"column":4},"end":{"line":129,"column":5}},"67":{"start":{"line":128,"column":6},"end":{"line":128,"column":74}},"68":{"start":{"line":131,"column":4},"end":{"line":131,"column":28}},"69":{"start":{"line":133,"column":4},"end":{"line":133,"column":78}},"70":{"start":{"line":135,"column":4},"end":{"line":135,"column":53}},"71":{"start":{"line":136,"column":4},"end":{"line":136,"column":74}},"72":{"start":{"line":140,"column":0},"end":{"line":145,"column":2}}},"fnMap":{"0":{"name":"(anonymous_0)","decl":{"start":{"line":8,"column":22},"end":{"line":8,"column":23}},"loc":{"start":{"line":8,"column":42},"end":{"line":49,"column":1}},"line":8},"1":{"name":"(anonymous_1)","decl":{"start":{"line":54,"column":20},"end":{"line":54,"column":21}},"loc":{"start":{"line":54,"column":40},"end":{"line":64,"column":1}},"line":54},"2":{"name":"(anonymous_2)","decl":{"start":{"line":70,"column":22},"end":{"line":70,"column":23}},"loc":{"start":{"line":70,"column":42},"end":{"line":116,"column":1}},"line":70},"3":{"name":"(anonymous_3)","decl":{"start":{"line":121,"column":22},"end":{"line":121,"column":23}},"loc":{"start":{"line":121,"column":42},"end":{"line":138,"column":1}},"line":121}},"branchMap":{"0":{"loc":{"start":{"line":13,"column":4},"end":{"line":15,"column":5}},"type":"if","locations":[{"start":{"line":13,"column":4},"end":{"line":15,"column":5}},{"start":{},"end":{}}],"line":13},"1":{"loc":{"start":{"line":13,"column":8},"end":{"line":13,"column":42}},"type":"binary-expr","locations":[{"start":{"line":13,"column":8},"end":{"line":13,"column":13}},{"start":{"line":13,"column":17},"end":{"line":13,"column":23}},{"start":{"line":13,"column":27},"end":{"line":13,"column":32}},{"start":{"line":13,"column":36},"end":{"line":13,"column":42}}],"line":13},"2":{"loc":{"start":{"line":19,"column":4},"end":{"line":24,"column":5}},"type":"if","locations":[{"start":{"line":19,"column":4},"end":{"line":24,"column":5}},{"start":{},"end":{}}],"line":19},"3":{"loc":{"start":{"line":21,"column":6},"end":{"line":23,"column":7}},"type":"if","locations":[{"start":{"line":21,"column":6},"end":{"line":23,"column":7}},{"start":{},"end":{}}],"line":21},"4":{"loc":{"start":{"line":30,"column":13},"end":{"line":30,"column":24}},"type":"binary-expr","locations":[{"start":{"line":30,"column":13},"end":{"line":30,"column":18}},{"start":{"line":30,"column":22},"end":{"line":30,"column":24}}],"line":30},"5":{"loc":{"start":{"line":34,"column":18},"end":{"line":34,"column":57}},"type":"cond-expr","locations":[{"start":{"line":34,"column":34},"end":{"line":34,"column":50}},{"start":{"line":34,"column":53},"end":{"line":34,"column":57}}],"line":34},"6":{"loc":{"start":{"line":35,"column":22},"end":{"line":35,"column":42}},"type":"binary-expr","locations":[{"start":{"line":35,"column":22},"end":{"line":35,"column":36}},{"start":{"line":35,"column":40},"end":{"line":35,"column":42}}],"line":35},"7":{"loc":{"start":{"line":76,"column":4},"end":{"line":78,"column":5}},"type":"if","locations":[{"start":{"line":76,"column":4},"end":{"line":78,"column":5}},{"start":{},"end":{}}],"line":76},"8":{"loc":{"start":{"line":85,"column":4},"end":{"line":91,"column":5}},"type":"if","locations":[{"start":{"line":85,"column":4},"end":{"line":91,"column":5}},{"start":{},"end":{}}],"line":85},"9":{"loc":{"start":{"line":87,"column":6},"end":{"line":89,"column":7}},"type":"if","locations":[{"start":{"line":87,"column":6},"end":{"line":89,"column":7}},{"start":{},"end":{}}],"line":87},"10":{"loc":{"start":{"line":96,"column":4},"end":{"line":96,"column":48}},"type":"if","locations":[{"start":{"line":96,"column":4},"end":{"line":96,"column":48}},{"start":{},"end":{}}],"line":96},"11":{"loc":{"start":{"line":97,"column":4},"end":{"line":97,"column":51}},"type":"if","locations":[{"start":{"line":97,"column":4},"end":{"line":97,"column":51}},{"start":{},"end":{}}],"line":97},"12":{"loc":{"start":{"line":98,"column":4},"end":{"line":98,"column":51}},"type":"if","locations":[{"start":{"line":98,"column":4},"end":{"line":98,"column":51}},{"start":{},"end":{}}],"line":98},"13":{"loc":{"start":{"line":99,"column":4},"end":{"line":99,"column":48}},"type":"if","locations":[{"start":{"line":99,"column":4},"end":{"line":99,"column":48}},{"start":{},"end":{}}],"line":99},"14":{"loc":{"start":{"line":100,"column":4},"end":{"line":100,"column":51}},"type":"if","locations":[{"start":{"line":100,"column":4},"end":{"line":100,"column":51}},{"start":{},"end":{}}],"line":100},"15":{"loc":{"start":{"line":101,"column":4},"end":{"line":101,"column":78}},"type":"if","locations":[{"start":{"line":101,"column":4},"end":{"line":101,"column":78}},{"start":{},"end":{}}],"line":101},"16":{"loc":{"start":{"line":127,"column":4},"end":{"line":129,"column":5}},"type":"if","locations":[{"start":{"line":127,"column":4},"end":{"line":129,"column":5}},{"start":{},"end":{}}],"line":127}},"s":{"0":2,"1":2,"2":2,"3":3,"4":3,"5":3,"6":1,"7":2,"8":2,"9":2,"10":2,"11":1,"12":1,"13":1,"14":1,"15":1,"16":1,"17":1,"18":0,"19":0,"20":2,"21":1,"22":1,"23":1,"24":0,"25":0,"26":2,"27":3,"28":3,"29":3,"30":3,"31":3,"32":3,"33":1,"34":2,"35":2,"36":2,"37":2,"38":2,"39":2,"40":1,"41":1,"42":1,"43":1,"44":1,"45":1,"46":0,"47":1,"48":0,"49":1,"50":0,"51":1,"52":0,"53":1,"54":0,"55":1,"56":1,"57":1,"58":0,"59":0,"60":2,"61":2,"62":2,"63":2,"64":2,"65":2,"66":2,"67":1,"68":1,"69":1,"70":0,"71":0,"72":2},"f":{"0":3,"1":1,"2":3,"3":2},"b":{"0":[1,2],"1":[3,3,2,2],"2":[2,0],"3":[1,1],"4":[1,1],"5":[1,0],"6":[1,1],"7":[1,2],"8":[2,0],"9":[1,1],"10":[1,0],"11":[0,1],"12":[0,1],"13":[0,1],"14":[0,1],"15":[0,1],"16":[1,1]},"_coverageSchema":"1a1c01bbd47fc00a2c39e90264f33305004495a9","hash":"81da7c101bec55a592d76945006ad2b2382113eb"}
,"/Users/pedronogueira/Developer/Ufscar/GP/loja-de-roupa-ufscar-node/src/controllers/ReturnExchangeController.js": {"path":"/Users/pedronogueira/Developer/Ufscar/GP/loja-de-roupa-ufscar-node/src/controllers/ReturnExchangeController.js","statementMap":{"0":{"start":{"line":1,"column":27},"end":{"line":1,"column":66}},"1":{"start":{"line":2,"column":16},"end":{"line":2,"column":44}},"2":{"start":{"line":3,"column":14},"end":{"line":3,"column":40}},"3":{"start":{"line":4,"column":18},"end":{"line":4,"column":47}},"4":{"start":{"line":11,"column":23},"end":{"line":99,"column":1}},"5":{"start":{"line":12,"column":14},"end":{"line":12,"column":43}},"6":{"start":{"line":13,"column":4},"end":{"line":13,"column":26}},"7":{"start":{"line":14,"column":4},"end":{"line":98,"column":5}},"8":{"start":{"line":15,"column":34},"end":{"line":15,"column":42}},"9":{"start":{"line":17,"column":8},"end":{"line":22,"column":9}},"10":{"start":{"line":18,"column":12},"end":{"line":18,"column":31}},"11":{"start":{"line":19,"column":12},"end":{"line":21,"column":69}},"12":{"start":{"line":25,"column":23},"end":{"line":25,"column":46}},"13":{"start":{"line":26,"column":8},"end":{"line":31,"column":9}},"14":{"start":{"line":27,"column":12},"end":{"line":27,"column":31}},"15":{"start":{"line":28,"column":12},"end":{"line":30,"column":63}},"16":{"start":{"line":34,"column":36},"end":{"line":46,"column":9}},"17":{"start":{"line":48,"column":8},"end":{"line":53,"column":9}},"18":{"start":{"line":49,"column":12},"end":{"line":49,"column":31}},"19":{"start":{"line":50,"column":12},"end":{"line":52,"column":64}},"20":{"start":{"line":56,"column":8},"end":{"line":56,"column":46}},"21":{"start":{"line":57,"column":8},"end":{"line":57,"column":59}},"22":{"start":{"line":60,"column":24},"end":{"line":62,"column":10}},"23":{"start":{"line":63,"column":27},"end":{"line":66,"column":10}},"24":{"start":{"line":67,"column":8},"end":{"line":70,"column":9}},"25":{"start":{"line":68,"column":12},"end":{"line":68,"column":64}},"26":{"start":{"line":69,"column":12},"end":{"line":69,"column":54}},"27":{"start":{"line":73,"column":31},"end":{"line":85,"column":9}},"28":{"start":{"line":88,"column":8},"end":{"line":88,"column":25}},"29":{"start":{"line":90,"column":8},"end":{"line":93,"column":11}},"30":{"start":{"line":95,"column":8},"end":{"line":95,"column":27}},"31":{"start":{"line":96,"column":8},"end":{"line":96,"column":61}},"32":{"start":{"line":97,"column":8},"end":{"line":97,"column":78}},"33":{"start":{"line":107,"column":25},"end":{"line":276,"column":1}},"34":{"start":{"line":108,"column":14},"end":{"line":108,"column":43}},"35":{"start":{"line":109,"column":4},"end":{"line":109,"column":47}},"36":{"start":{"line":110,"column":4},"end":{"line":275,"column":5}},"37":{"start":{"line":111,"column":47},"end":{"line":111,"column":55}},"38":{"start":{"line":114,"column":8},"end":{"line":117,"column":9}},"39":{"start":{"line":115,"column":12},"end":{"line":115,"column":31}},"40":{"start":{"line":116,"column":12},"end":{"line":116,"column":102}},"41":{"start":{"line":120,"column":23},"end":{"line":120,"column":46}},"42":{"start":{"line":121,"column":8},"end":{"line":124,"column":9}},"43":{"start":{"line":122,"column":12},"end":{"line":122,"column":31}},"44":{"start":{"line":123,"column":12},"end":{"line":123,"column":81}},"45":{"start":{"line":127,"column":36},"end":{"line":139,"column":9}},"46":{"start":{"line":140,"column":8},"end":{"line":140,"column":63}},"47":{"start":{"line":142,"column":8},"end":{"line":146,"column":9}},"48":{"start":{"line":143,"column":12},"end":{"line":143,"column":31}},"49":{"start":{"line":144,"column":12},"end":{"line":144,"column":61}},"50":{"start":{"line":145,"column":12},"end":{"line":145,"column":91}},"51":{"start":{"line":149,"column":8},"end":{"line":152,"column":9}},"52":{"start":{"line":150,"column":12},"end":{"line":150,"column":31}},"53":{"start":{"line":151,"column":12},"end":{"line":151,"column":103}},"54":{"start":{"line":155,"column":8},"end":{"line":158,"column":9}},"55":{"start":{"line":156,"column":12},"end":{"line":156,"column":31}},"56":{"start":{"line":157,"column":12},"end":{"line":157,"column":97}},"57":{"start":{"line":161,"column":8},"end":{"line":161,"column":46}},"58":{"start":{"line":162,"column":8},"end":{"line":162,"column":59}},"59":{"start":{"line":165,"column":35},"end":{"line":165,"column":83}},"60":{"start":{"line":168,"column":28},"end":{"line":168,"column":29}},"61":{"start":{"line":169,"column":8},"end":{"line":177,"column":9}},"62":{"start":{"line":170,"column":28},"end":{"line":170,"column":84}},"63":{"start":{"line":171,"column":12},"end":{"line":175,"column":13}},"64":{"start":{"line":172,"column":16},"end":{"line":172,"column":35}},"65":{"start":{"line":173,"column":16},"end":{"line":173,"column":77}},"66":{"start":{"line":174,"column":16},"end":{"line":174,"column":107}},"67":{"start":{"line":176,"column":12},"end":{"line":176,"column":83}},"68":{"start":{"line":180,"column":8},"end":{"line":183,"column":9}},"69":{"start":{"line":181,"column":12},"end":{"line":181,"column":31}},"70":{"start":{"line":182,"column":12},"end":{"line":182,"column":135}},"71":{"start":{"line":186,"column":36},"end":{"line":186,"column":38}},"72":{"start":{"line":189,"column":8},"end":{"line":228,"column":9}},"73":{"start":{"line":190,"column":44},"end":{"line":190,"column":46}},"74":{"start":{"line":192,"column":28},"end":{"line":192,"column":81}},"75":{"start":{"line":193,"column":12},"end":{"line":197,"column":13}},"76":{"start":{"line":194,"column":16},"end":{"line":194,"column":35}},"77":{"start":{"line":195,"column":16},"end":{"line":195,"column":74}},"78":{"start":{"line":196,"column":16},"end":{"line":196,"column":104}},"79":{"start":{"line":200,"column":31},"end":{"line":203,"column":14}},"80":{"start":{"line":205,"column":12},"end":{"line":208,"column":13}},"81":{"start":{"line":206,"column":16},"end":{"line":206,"column":35}},"82":{"start":{"line":207,"column":16},"end":{"line":207,"column":113}},"83":{"start":{"line":211,"column":12},"end":{"line":211,"column":44}},"84":{"start":{"line":212,"column":12},"end":{"line":212,"column":54}},"85":{"start":{"line":215,"column":43},"end":{"line":224,"column":34}},"86":{"start":{"line":227,"column":12},"end":{"line":227,"column":61}},"87":{"start":{"line":231,"column":37},"end":{"line":234,"column":10}},"88":{"start":{"line":236,"column":8},"end":{"line":246,"column":9}},"89":{"start":{"line":237,"column":12},"end":{"line":237,"column":74}},"90":{"start":{"line":238,"column":12},"end":{"line":238,"column":64}},"91":{"start":{"line":241,"column":12},"end":{"line":245,"column":35}},"92":{"start":{"line":249,"column":38},"end":{"line":258,"column":30}},"93":{"start":{"line":261,"column":8},"end":{"line":261,"column":56}},"94":{"start":{"line":264,"column":8},"end":{"line":264,"column":25}},"95":{"start":{"line":266,"column":8},"end":{"line":269,"column":11}},"96":{"start":{"line":272,"column":8},"end":{"line":272,"column":27}},"97":{"start":{"line":273,"column":8},"end":{"line":273,"column":57}},"98":{"start":{"line":274,"column":8},"end":{"line":274,"column":78}},"99":{"start":{"line":279,"column":0},"end":{"line":282,"column":2}}},"fnMap":{"0":{"name":"(anonymous_0)","decl":{"start":{"line":11,"column":23},"end":{"line":11,"column":24}},"loc":{"start":{"line":11,"column":43},"end":{"line":99,"column":1}},"line":11},"1":{"name":"(anonymous_1)","decl":{"start":{"line":107,"column":25},"end":{"line":107,"column":26}},"loc":{"start":{"line":107,"column":45},"end":{"line":276,"column":1}},"line":107}},"branchMap":{"0":{"loc":{"start":{"line":17,"column":8},"end":{"line":22,"column":9}},"type":"if","locations":[{"start":{"line":17,"column":8},"end":{"line":22,"column":9}},{"start":{},"end":{}}],"line":17},"1":{"loc":{"start":{"line":25,"column":23},"end":{"line":25,"column":46}},"type":"binary-expr","locations":[{"start":{"line":25,"column":23},"end":{"line":25,"column":31}},{"start":{"line":25,"column":35},"end":{"line":25,"column":46}}],"line":25},"2":{"loc":{"start":{"line":26,"column":8},"end":{"line":31,"column":9}},"type":"if","locations":[{"start":{"line":26,"column":8},"end":{"line":31,"column":9}},{"start":{},"end":{}}],"line":26},"3":{"loc":{"start":{"line":48,"column":8},"end":{"line":53,"column":9}},"type":"if","locations":[{"start":{"line":48,"column":8},"end":{"line":53,"column":9}},{"start":{},"end":{}}],"line":48},"4":{"loc":{"start":{"line":67,"column":8},"end":{"line":70,"column":9}},"type":"if","locations":[{"start":{"line":67,"column":8},"end":{"line":70,"column":9}},{"start":{},"end":{}}],"line":67},"5":{"loc":{"start":{"line":82,"column":24},"end":{"line":82,"column":60}},"type":"binary-expr","locations":[{"start":{"line":82,"column":24},"end":{"line":82,"column":30}},{"start":{"line":82,"column":34},"end":{"line":82,"column":60}}],"line":82},"6":{"loc":{"start":{"line":114,"column":8},"end":{"line":117,"column":9}},"type":"if","locations":[{"start":{"line":114,"column":8},"end":{"line":117,"column":9}},{"start":{},"end":{}}],"line":114},"7":{"loc":{"start":{"line":114,"column":12},"end":{"line":114,"column":85}},"type":"binary-expr","locations":[{"start":{"line":114,"column":12},"end":{"line":114,"column":26}},{"start":{"line":114,"column":30},"end":{"line":114,"column":57}},{"start":{"line":114,"column":61},"end":{"line":114,"column":85}}],"line":114},"8":{"loc":{"start":{"line":120,"column":23},"end":{"line":120,"column":46}},"type":"binary-expr","locations":[{"start":{"line":120,"column":23},"end":{"line":120,"column":31}},{"start":{"line":120,"column":35},"end":{"line":120,"column":46}}],"line":120},"9":{"loc":{"start":{"line":121,"column":8},"end":{"line":124,"column":9}},"type":"if","locations":[{"start":{"line":121,"column":8},"end":{"line":124,"column":9}},{"start":{},"end":{}}],"line":121},"10":{"loc":{"start":{"line":142,"column":8},"end":{"line":146,"column":9}},"type":"if","locations":[{"start":{"line":142,"column":8},"end":{"line":146,"column":9}},{"start":{},"end":{}}],"line":142},"11":{"loc":{"start":{"line":149,"column":8},"end":{"line":152,"column":9}},"type":"if","locations":[{"start":{"line":149,"column":8},"end":{"line":152,"column":9}},{"start":{},"end":{}}],"line":149},"12":{"loc":{"start":{"line":155,"column":8},"end":{"line":158,"column":9}},"type":"if","locations":[{"start":{"line":155,"column":8},"end":{"line":158,"column":9}},{"start":{},"end":{}}],"line":155},"13":{"loc":{"start":{"line":171,"column":12},"end":{"line":175,"column":13}},"type":"if","locations":[{"start":{"line":171,"column":12},"end":{"line":175,"column":13}},{"start":{},"end":{}}],"line":171},"14":{"loc":{"start":{"line":180,"column":8},"end":{"line":183,"column":9}},"type":"if","locations":[{"start":{"line":180,"column":8},"end":{"line":183,"column":9}},{"start":{},"end":{}}],"line":180},"15":{"loc":{"start":{"line":193,"column":12},"end":{"line":197,"column":13}},"type":"if","locations":[{"start":{"line":193,"column":12},"end":{"line":197,"column":13}},{"start":{},"end":{}}],"line":193},"16":{"loc":{"start":{"line":205,"column":12},"end":{"line":208,"column":13}},"type":"if","locations":[{"start":{"line":205,"column":12},"end":{"line":208,"column":13}},{"start":{},"end":{}}],"line":205},"17":{"loc":{"start":{"line":205,"column":16},"end":{"line":205,"column":61}},"type":"binary-expr","locations":[{"start":{"line":205,"column":16},"end":{"line":205,"column":27}},{"start":{"line":205,"column":31},"end":{"line":205,"column":61}}],"line":205},"18":{"loc":{"start":{"line":236,"column":8},"end":{"line":246,"column":9}},"type":"if","locations":[{"start":{"line":236,"column":8},"end":{"line":246,"column":9}},{"start":{"line":239,"column":15},"end":{"line":246,"column":9}}],"line":236}},"s":{"0":2,"1":2,"2":2,"3":2,"4":2,"5":5,"6":5,"7":5,"8":5,"9":5,"10":1,"11":1,"12":4,"13":4,"14":1,"15":1,"16":3,"17":2,"18":1,"19":1,"20":1,"21":1,"22":1,"23":1,"24":1,"25":1,"26":1,"27":1,"28":1,"29":1,"30":1,"31":1,"32":1,"33":2,"34":10,"35":10,"36":10,"37":10,"38":10,"39":1,"40":1,"41":9,"42":9,"43":1,"44":1,"45":8,"46":7,"47":7,"48":1,"49":1,"50":1,"51":6,"52":1,"53":1,"54":5,"55":1,"56":1,"57":4,"58":4,"59":4,"60":4,"61":4,"62":4,"63":4,"64":1,"65":1,"66":1,"67":3,"68":3,"69":1,"70":1,"71":2,"72":2,"73":2,"74":2,"75":2,"76":0,"77":0,"78":0,"79":2,"80":2,"81":1,"82":1,"83":1,"84":1,"85":1,"86":1,"87":1,"88":1,"89":1,"90":1,"91":0,"92":1,"93":1,"94":1,"95":1,"96":1,"97":1,"98":1,"99":2},"f":{"0":5,"1":10},"b":{"0":[1,4],"1":[4,3],"2":[1,3],"3":[1,1],"4":[1,0],"5":[1,0],"6":[1,9],"7":[10,10,10],"8":[9,8],"9":[1,8],"10":[1,6],"11":[1,5],"12":[1,4],"13":[1,3],"14":[1,2],"15":[0,2],"16":[1,1],"17":[2,2],"18":[1,0]},"_coverageSchema":"1a1c01bbd47fc00a2c39e90264f33305004495a9","hash":"34c609215196295cb06d4880b728ef2cf1dbaff7"}
,"/Users/pedronogueira/Developer/Ufscar/GP/loja-de-roupa-ufscar-node/src/controllers/StockController.js": {"path":"/Users/pedronogueira/Developer/Ufscar/GP/loja-de-roupa-ufscar-node/src/controllers/StockController.js","statementMap":{"0":{"start":{"line":3,"column":15},"end":{"line":3,"column":35}},"1":{"start":{"line":4,"column":18},"end":{"line":4,"column":47}},"2":{"start":{"line":5,"column":14},"end":{"line":5,"column":40}},"3":{"start":{"line":6,"column":16},"end":{"line":6,"column":44}},"4":{"start":{"line":7,"column":27},"end":{"line":7,"column":66}},"5":{"start":{"line":8,"column":13},"end":{"line":8,"column":38}},"6":{"start":{"line":16,"column":30},"end":{"line":141,"column":1}},"7":{"start":{"line":17,"column":12},"end":{"line":17,"column":41}},"8":{"start":{"line":19,"column":2},"end":{"line":140,"column":3}},"9":{"start":{"line":20,"column":77},"end":{"line":20,"column":85}},"10":{"start":{"line":23,"column":4},"end":{"line":26,"column":5}},"11":{"start":{"line":24,"column":6},"end":{"line":24,"column":25}},"12":{"start":{"line":25,"column":6},"end":{"line":25,"column":84}},"13":{"start":{"line":29,"column":4},"end":{"line":32,"column":5}},"14":{"start":{"line":30,"column":6},"end":{"line":30,"column":25}},"15":{"start":{"line":31,"column":6},"end":{"line":31,"column":102}},"16":{"start":{"line":35,"column":19},"end":{"line":35,"column":42}},"17":{"start":{"line":36,"column":4},"end":{"line":39,"column":5}},"18":{"start":{"line":37,"column":6},"end":{"line":37,"column":25}},"19":{"start":{"line":38,"column":6},"end":{"line":38,"column":75}},"20":{"start":{"line":42,"column":20},"end":{"line":45,"column":6}},"21":{"start":{"line":46,"column":4},"end":{"line":49,"column":5}},"22":{"start":{"line":47,"column":6},"end":{"line":47,"column":25}},"23":{"start":{"line":48,"column":6},"end":{"line":48,"column":74}},"24":{"start":{"line":53,"column":4},"end":{"line":64,"column":5}},"25":{"start":{"line":55,"column":6},"end":{"line":58,"column":7}},"26":{"start":{"line":56,"column":8},"end":{"line":56,"column":27}},"27":{"start":{"line":57,"column":8},"end":{"line":57,"column":90}},"28":{"start":{"line":60,"column":6},"end":{"line":60,"column":40}},"29":{"start":{"line":63,"column":6},"end":{"line":63,"column":40}},"30":{"start":{"line":67,"column":4},"end":{"line":67,"column":43}},"31":{"start":{"line":70,"column":31},"end":{"line":78,"column":26}},"32":{"start":{"line":82,"column":21},"end":{"line":85,"column":6}},"33":{"start":{"line":87,"column":4},"end":{"line":111,"column":5}},"34":{"start":{"line":89,"column":6},"end":{"line":93,"column":29}},"35":{"start":{"line":96,"column":6},"end":{"line":110,"column":7}},"36":{"start":{"line":98,"column":8},"end":{"line":98,"column":40}},"37":{"start":{"line":102,"column":8},"end":{"line":109,"column":9}},"38":{"start":{"line":106,"column":10},"end":{"line":106,"column":42}},"39":{"start":{"line":108,"column":10},"end":{"line":108,"column":42}},"40":{"start":{"line":115,"column":4},"end":{"line":115,"column":36}},"41":{"start":{"line":118,"column":4},"end":{"line":121,"column":5}},"42":{"start":{"line":119,"column":6},"end":{"line":119,"column":118}},"43":{"start":{"line":123,"column":4},"end":{"line":123,"column":46}},"44":{"start":{"line":126,"column":4},"end":{"line":126,"column":21}},"45":{"start":{"line":128,"column":4},"end":{"line":128,"column":35}},"46":{"start":{"line":131,"column":4},"end":{"line":134,"column":7}},"47":{"start":{"line":137,"column":4},"end":{"line":137,"column":23}},"48":{"start":{"line":138,"column":4},"end":{"line":138,"column":71}},"49":{"start":{"line":139,"column":4},"end":{"line":139,"column":74}},"50":{"start":{"line":146,"column":17},"end":{"line":180,"column":1}},"51":{"start":{"line":147,"column":2},"end":{"line":179,"column":3}},"52":{"start":{"line":149,"column":22},"end":{"line":157,"column":6}},"53":{"start":{"line":160,"column":27},"end":{"line":173,"column":7}},"54":{"start":{"line":160,"column":53},"end":{"line":173,"column":5}},"55":{"start":{"line":175,"column":4},"end":{"line":175,"column":59}},"56":{"start":{"line":177,"column":4},"end":{"line":177,"column":51}},"57":{"start":{"line":178,"column":4},"end":{"line":178,"column":74}},"58":{"start":{"line":188,"column":28},"end":{"line":226,"column":1}},"59":{"start":{"line":189,"column":12},"end":{"line":189,"column":41}},"60":{"start":{"line":190,"column":2},"end":{"line":190,"column":23}},"61":{"start":{"line":191,"column":2},"end":{"line":225,"column":3}},"62":{"start":{"line":192,"column":21},"end":{"line":192,"column":31}},"63":{"start":{"line":193,"column":27},"end":{"line":193,"column":35}},"64":{"start":{"line":196,"column":6},"end":{"line":199,"column":7}},"65":{"start":{"line":197,"column":10},"end":{"line":197,"column":29}},"66":{"start":{"line":198,"column":10},"end":{"line":198,"column":117}},"67":{"start":{"line":202,"column":25},"end":{"line":202,"column":69}},"68":{"start":{"line":204,"column":6},"end":{"line":207,"column":7}},"69":{"start":{"line":205,"column":10},"end":{"line":205,"column":29}},"70":{"start":{"line":206,"column":10},"end":{"line":206,"column":89}},"71":{"start":{"line":210,"column":6},"end":{"line":210,"column":37}},"72":{"start":{"line":211,"column":6},"end":{"line":211,"column":48}},"73":{"start":{"line":214,"column":6},"end":{"line":214,"column":23}},"74":{"start":{"line":216,"column":6},"end":{"line":219,"column":9}},"75":{"start":{"line":222,"column":6},"end":{"line":222,"column":25}},"76":{"start":{"line":223,"column":6},"end":{"line":223,"column":73}},"77":{"start":{"line":224,"column":6},"end":{"line":224,"column":76}},"78":{"start":{"line":231,"column":30},"end":{"line":254,"column":1}},"79":{"start":{"line":232,"column":2},"end":{"line":253,"column":3}},"80":{"start":{"line":233,"column":25},"end":{"line":247,"column":6}},"81":{"start":{"line":249,"column":4},"end":{"line":249,"column":50}},"82":{"start":{"line":251,"column":4},"end":{"line":251,"column":67}},"83":{"start":{"line":252,"column":4},"end":{"line":252,"column":74}},"84":{"start":{"line":256,"column":0},"end":{"line":261,"column":2}}},"fnMap":{"0":{"name":"(anonymous_0)","decl":{"start":{"line":16,"column":30},"end":{"line":16,"column":31}},"loc":{"start":{"line":16,"column":50},"end":{"line":141,"column":1}},"line":16},"1":{"name":"(anonymous_1)","decl":{"start":{"line":146,"column":17},"end":{"line":146,"column":18}},"loc":{"start":{"line":146,"column":37},"end":{"line":180,"column":1}},"line":146},"2":{"name":"(anonymous_2)","decl":{"start":{"line":160,"column":41},"end":{"line":160,"column":42}},"loc":{"start":{"line":160,"column":53},"end":{"line":173,"column":5}},"line":160},"3":{"name":"(anonymous_3)","decl":{"start":{"line":188,"column":28},"end":{"line":188,"column":29}},"loc":{"start":{"line":188,"column":48},"end":{"line":226,"column":1}},"line":188},"4":{"name":"(anonymous_4)","decl":{"start":{"line":231,"column":30},"end":{"line":231,"column":31}},"loc":{"start":{"line":231,"column":50},"end":{"line":254,"column":1}},"line":231}},"branchMap":{"0":{"loc":{"start":{"line":23,"column":4},"end":{"line":26,"column":5}},"type":"if","locations":[{"start":{"line":23,"column":4},"end":{"line":26,"column":5}},{"start":{},"end":{}}],"line":23},"1":{"loc":{"start":{"line":23,"column":8},"end":{"line":23,"column":81}},"type":"binary-expr","locations":[{"start":{"line":23,"column":8},"end":{"line":23,"column":18}},{"start":{"line":23,"column":22},"end":{"line":23,"column":31}},{"start":{"line":23,"column":35},"end":{"line":23,"column":40}},{"start":{"line":23,"column":44},"end":{"line":23,"column":61}},{"start":{"line":23,"column":65},"end":{"line":23,"column":81}}],"line":23},"2":{"loc":{"start":{"line":29,"column":4},"end":{"line":32,"column":5}},"type":"if","locations":[{"start":{"line":29,"column":4},"end":{"line":32,"column":5}},{"start":{},"end":{}}],"line":29},"3":{"loc":{"start":{"line":35,"column":19},"end":{"line":35,"column":42}},"type":"binary-expr","locations":[{"start":{"line":35,"column":19},"end":{"line":35,"column":27}},{"start":{"line":35,"column":31},"end":{"line":35,"column":42}}],"line":35},"4":{"loc":{"start":{"line":36,"column":4},"end":{"line":39,"column":5}},"type":"if","locations":[{"start":{"line":36,"column":4},"end":{"line":39,"column":5}},{"start":{},"end":{}}],"line":36},"5":{"loc":{"start":{"line":46,"column":4},"end":{"line":49,"column":5}},"type":"if","locations":[{"start":{"line":46,"column":4},"end":{"line":49,"column":5}},{"start":{},"end":{}}],"line":46},"6":{"loc":{"start":{"line":53,"column":4},"end":{"line":64,"column":5}},"type":"if","locations":[{"start":{"line":53,"column":4},"end":{"line":64,"column":5}},{"start":{"line":61,"column":11},"end":{"line":64,"column":5}}],"line":53},"7":{"loc":{"start":{"line":55,"column":6},"end":{"line":58,"column":7}},"type":"if","locations":[{"start":{"line":55,"column":6},"end":{"line":58,"column":7}},{"start":{},"end":{}}],"line":55},"8":{"loc":{"start":{"line":87,"column":4},"end":{"line":111,"column":5}},"type":"if","locations":[{"start":{"line":87,"column":4},"end":{"line":111,"column":5}},{"start":{"line":94,"column":11},"end":{"line":111,"column":5}}],"line":87},"9":{"loc":{"start":{"line":96,"column":6},"end":{"line":110,"column":7}},"type":"if","locations":[{"start":{"line":96,"column":6},"end":{"line":110,"column":7}},{"start":{"line":99,"column":13},"end":{"line":110,"column":7}}],"line":96},"10":{"loc":{"start":{"line":102,"column":8},"end":{"line":109,"column":9}},"type":"if","locations":[{"start":{"line":102,"column":8},"end":{"line":109,"column":9}},{"start":{"line":107,"column":15},"end":{"line":109,"column":9}}],"line":102},"11":{"loc":{"start":{"line":118,"column":4},"end":{"line":121,"column":5}},"type":"if","locations":[{"start":{"line":118,"column":4},"end":{"line":121,"column":5}},{"start":{},"end":{}}],"line":118},"12":{"loc":{"start":{"line":118,"column":8},"end":{"line":118,"column":79}},"type":"binary-expr","locations":[{"start":{"line":118,"column":8},"end":{"line":118,"column":30}},{"start":{"line":118,"column":34},"end":{"line":118,"column":79}}],"line":118},"13":{"loc":{"start":{"line":196,"column":6},"end":{"line":199,"column":7}},"type":"if","locations":[{"start":{"line":196,"column":6},"end":{"line":199,"column":7}},{"start":{},"end":{}}],"line":196},"14":{"loc":{"start":{"line":196,"column":10},"end":{"line":196,"column":67}},"type":"binary-expr","locations":[{"start":{"line":196,"column":10},"end":{"line":196,"column":32}},{"start":{"line":196,"column":36},"end":{"line":196,"column":51}},{"start":{"line":196,"column":55},"end":{"line":196,"column":67}}],"line":196},"15":{"loc":{"start":{"line":204,"column":6},"end":{"line":207,"column":7}},"type":"if","locations":[{"start":{"line":204,"column":6},"end":{"line":207,"column":7}},{"start":{},"end":{}}],"line":204}},"s":{"0":1,"1":1,"2":1,"3":1,"4":1,"5":1,"6":1,"7":0,"8":0,"9":0,"10":0,"11":0,"12":0,"13":0,"14":0,"15":0,"16":0,"17":0,"18":0,"19":0,"20":0,"21":0,"22":0,"23":0,"24":0,"25":0,"26":0,"27":0,"28":0,"29":0,"30":0,"31":0,"32":0,"33":0,"34":0,"35":0,"36":0,"37":0,"38":0,"39":0,"40":0,"41":0,"42":0,"43":0,"44":0,"45":0,"46":0,"47":0,"48":0,"49":0,"50":1,"51":0,"52":0,"53":0,"54":0,"55":0,"56":0,"57":0,"58":1,"59":0,"60":0,"61":0,"62":0,"63":0,"64":0,"65":0,"66":0,"67":0,"68":0,"69":0,"70":0,"71":0,"72":0,"73":0,"74":0,"75":0,"76":0,"77":0,"78":1,"79":0,"80":0,"81":0,"82":0,"83":0,"84":1},"f":{"0":0,"1":0,"2":0,"3":0,"4":0},"b":{"0":[0,0],"1":[0,0,0,0,0],"2":[0,0],"3":[0,0],"4":[0,0],"5":[0,0],"6":[0,0],"7":[0,0],"8":[0,0],"9":[0,0],"10":[0,0],"11":[0,0],"12":[0,0],"13":[0,0],"14":[0,0,0],"15":[0,0]},"_coverageSchema":"1a1c01bbd47fc00a2c39e90264f33305004495a9","hash":"098858c9b634faa744cba6681423b1b42297559d"}
,"/Users/pedronogueira/Developer/Ufscar/GP/loja-de-roupa-ufscar-node/src/controllers/UserController.js": {"path":"/Users/pedronogueira/Developer/Ufscar/GP/loja-de-roupa-ufscar-node/src/controllers/UserController.js","statementMap":{"0":{"start":{"line":1,"column":15},"end":{"line":1,"column":32}},"1":{"start":{"line":2,"column":15},"end":{"line":2,"column":40}},"2":{"start":{"line":3,"column":57},"end":{"line":3,"column":96}},"3":{"start":{"line":4,"column":0},"end":{"line":4,"column":27}},"4":{"start":{"line":13,"column":21},"end":{"line":43,"column":1}},"5":{"start":{"line":14,"column":2},"end":{"line":42,"column":3}},"6":{"start":{"line":15,"column":51},"end":{"line":15,"column":59}},"7":{"start":{"line":18,"column":4},"end":{"line":18,"column":59}},"8":{"start":{"line":21,"column":25},"end":{"line":21,"column":65}},"9":{"start":{"line":22,"column":4},"end":{"line":24,"column":5}},"10":{"start":{"line":23,"column":6},"end":{"line":23,"column":73}},"11":{"start":{"line":28,"column":27},"end":{"line":28,"column":57}},"12":{"start":{"line":31,"column":20},"end":{"line":36,"column":6}},"13":{"start":{"line":38,"column":4},"end":{"line":38,"column":95}},"14":{"start":{"line":40,"column":4},"end":{"line":40,"column":55}},"15":{"start":{"line":41,"column":4},"end":{"line":41,"column":74}},"16":{"start":{"line":52,"column":17},"end":{"line":85,"column":1}},"17":{"start":{"line":53,"column":2},"end":{"line":84,"column":3}},"18":{"start":{"line":54,"column":19},"end":{"line":54,"column":29}},"19":{"start":{"line":55,"column":51},"end":{"line":55,"column":59}},"20":{"start":{"line":58,"column":4},"end":{"line":58,"column":55}},"21":{"start":{"line":61,"column":17},"end":{"line":61,"column":40}},"22":{"start":{"line":62,"column":4},"end":{"line":64,"column":5}},"23":{"start":{"line":63,"column":6},"end":{"line":63,"column":74}},"24":{"start":{"line":67,"column":4},"end":{"line":67,"column":31}},"25":{"start":{"line":67,"column":14},"end":{"line":67,"column":31}},"26":{"start":{"line":68,"column":4},"end":{"line":68,"column":34}},"27":{"start":{"line":68,"column":15},"end":{"line":68,"column":34}},"28":{"start":{"line":69,"column":4},"end":{"line":69,"column":52}},"29":{"start":{"line":69,"column":21},"end":{"line":69,"column":52}},"30":{"start":{"line":72,"column":4},"end":{"line":75,"column":5}},"31":{"start":{"line":73,"column":29},"end":{"line":73,"column":60}},"32":{"start":{"line":74,"column":6},"end":{"line":74,"column":37}},"33":{"start":{"line":78,"column":4},"end":{"line":78,"column":22}},"34":{"start":{"line":80,"column":4},"end":{"line":80,"column":86}},"35":{"start":{"line":82,"column":4},"end":{"line":82,"column":55}},"36":{"start":{"line":83,"column":4},"end":{"line":83,"column":74}},"37":{"start":{"line":94,"column":19},"end":{"line":112,"column":1}},"38":{"start":{"line":95,"column":2},"end":{"line":111,"column":3}},"39":{"start":{"line":96,"column":19},"end":{"line":96,"column":29}},"40":{"start":{"line":99,"column":17},"end":{"line":99,"column":40}},"41":{"start":{"line":100,"column":4},"end":{"line":102,"column":5}},"42":{"start":{"line":101,"column":6},"end":{"line":101,"column":74}},"43":{"start":{"line":105,"column":4},"end":{"line":105,"column":25}},"44":{"start":{"line":107,"column":4},"end":{"line":107,"column":78}},"45":{"start":{"line":109,"column":4},"end":{"line":109,"column":53}},"46":{"start":{"line":110,"column":4},"end":{"line":110,"column":74}},"47":{"start":{"line":118,"column":20},"end":{"line":131,"column":1}},"48":{"start":{"line":119,"column":2},"end":{"line":130,"column":3}},"49":{"start":{"line":121,"column":18},"end":{"line":124,"column":6}},"50":{"start":{"line":126,"column":4},"end":{"line":126,"column":43}},"51":{"start":{"line":128,"column":4},"end":{"line":128,"column":52}},"52":{"start":{"line":129,"column":4},"end":{"line":129,"column":74}},"53":{"start":{"line":133,"column":0},"end":{"line":138,"column":2}}},"fnMap":{"0":{"name":"(anonymous_0)","decl":{"start":{"line":13,"column":21},"end":{"line":13,"column":22}},"loc":{"start":{"line":13,"column":41},"end":{"line":43,"column":1}},"line":13},"1":{"name":"(anonymous_1)","decl":{"start":{"line":52,"column":17},"end":{"line":52,"column":18}},"loc":{"start":{"line":52,"column":37},"end":{"line":85,"column":1}},"line":52},"2":{"name":"(anonymous_2)","decl":{"start":{"line":94,"column":19},"end":{"line":94,"column":20}},"loc":{"start":{"line":94,"column":39},"end":{"line":112,"column":1}},"line":94},"3":{"name":"(anonymous_3)","decl":{"start":{"line":118,"column":20},"end":{"line":118,"column":21}},"loc":{"start":{"line":118,"column":40},"end":{"line":131,"column":1}},"line":118}},"branchMap":{"0":{"loc":{"start":{"line":22,"column":4},"end":{"line":24,"column":5}},"type":"if","locations":[{"start":{"line":22,"column":4},"end":{"line":24,"column":5}},{"start":{},"end":{}}],"line":22},"1":{"loc":{"start":{"line":62,"column":4},"end":{"line":64,"column":5}},"type":"if","locations":[{"start":{"line":62,"column":4},"end":{"line":64,"column":5}},{"start":{},"end":{}}],"line":62},"2":{"loc":{"start":{"line":67,"column":4},"end":{"line":67,"column":31}},"type":"if","locations":[{"start":{"line":67,"column":4},"end":{"line":67,"column":31}},{"start":{},"end":{}}],"line":67},"3":{"loc":{"start":{"line":68,"column":4},"end":{"line":68,"column":34}},"type":"if","locations":[{"start":{"line":68,"column":4},"end":{"line":68,"column":34}},{"start":{},"end":{}}],"line":68},"4":{"loc":{"start":{"line":69,"column":4},"end":{"line":69,"column":52}},"type":"if","locations":[{"start":{"line":69,"column":4},"end":{"line":69,"column":52}},{"start":{},"end":{}}],"line":69},"5":{"loc":{"start":{"line":72,"column":4},"end":{"line":75,"column":5}},"type":"if","locations":[{"start":{"line":72,"column":4},"end":{"line":75,"column":5}},{"start":{},"end":{}}],"line":72},"6":{"loc":{"start":{"line":100,"column":4},"end":{"line":102,"column":5}},"type":"if","locations":[{"start":{"line":100,"column":4},"end":{"line":102,"column":5}},{"start":{},"end":{}}],"line":100}},"s":{"0":1,"1":1,"2":1,"3":1,"4":1,"5":0,"6":0,"7":0,"8":0,"9":0,"10":0,"11":0,"12":0,"13":0,"14":0,"15":0,"16":1,"17":0,"18":0,"19":0,"20":0,"21":0,"22":0,"23":0,"24":0,"25":0,"26":0,"27":0,"28":0,"29":0,"30":0,"31":0,"32":0,"33":0,"34":0,"35":0,"36":0,"37":1,"38":0,"39":0,"40":0,"41":0,"42":0,"43":0,"44":0,"45":0,"46":0,"47":1,"48":0,"49":0,"50":0,"51":0,"52":0,"53":1},"f":{"0":0,"1":0,"2":0,"3":0},"b":{"0":[0,0],"1":[0,0],"2":[0,0],"3":[0,0],"4":[0,0],"5":[0,0],"6":[0,0]},"_coverageSchema":"1a1c01bbd47fc00a2c39e90264f33305004495a9","hash":"fdced7cb21c8cd0258925e95aad5781acc17e030"}
,"/Users/pedronogueira/Developer/Ufscar/GP/loja-de-roupa-ufscar-node/src/middlewares/authenticate.js": {"path":"/Users/pedronogueira/Developer/Ufscar/GP/loja-de-roupa-ufscar-node/src/middlewares/authenticate.js","statementMap":{"0":{"start":{"line":1,"column":12},"end":{"line":1,"column":35}},"1":{"start":{"line":2,"column":13},"end":{"line":2,"column":38}},"2":{"start":{"line":3,"column":22},"end":{"line":3,"column":56}},"3":{"start":{"line":4,"column":0},"end":{"line":4,"column":27}},"4":{"start":{"line":7,"column":20},"end":{"line":7,"column":31}},"5":{"start":{"line":16,"column":21},"end":{"line":63,"column":1}},"6":{"start":{"line":17,"column":4},"end":{"line":62,"column":5}},"7":{"start":{"line":19,"column":22},"end":{"line":19,"column":46}},"8":{"start":{"line":22,"column":8},"end":{"line":24,"column":9}},"9":{"start":{"line":23,"column":12},"end":{"line":23,"column":83}},"10":{"start":{"line":28,"column":8},"end":{"line":33,"column":9}},"11":{"start":{"line":30,"column":12},"end":{"line":30,"column":91}},"12":{"start":{"line":32,"column":12},"end":{"line":32,"column":100}},"13":{"start":{"line":36,"column":21},"end":{"line":36,"column":70}},"14":{"start":{"line":39,"column":8},"end":{"line":41,"column":9}},"15":{"start":{"line":40,"column":12},"end":{"line":40,"column":80}},"16":{"start":{"line":44,"column":30},"end":{"line":44,"column":90}},"17":{"start":{"line":47,"column":8},"end":{"line":49,"column":9}},"18":{"start":{"line":48,"column":12},"end":{"line":48,"column":100}},"19":{"start":{"line":52,"column":8},"end":{"line":54,"column":9}},"20":{"start":{"line":53,"column":12},"end":{"line":53,"column":91}},"21":{"start":{"line":57,"column":8},"end":{"line":57,"column":24}},"22":{"start":{"line":58,"column":8},"end":{"line":58,"column":15}},"23":{"start":{"line":60,"column":8},"end":{"line":60,"column":68}},"24":{"start":{"line":61,"column":8},"end":{"line":61,"column":78}},"25":{"start":{"line":65,"column":0},"end":{"line":65,"column":34}}},"fnMap":{"0":{"name":"(anonymous_0)","decl":{"start":{"line":16,"column":21},"end":{"line":16,"column":22}},"loc":{"start":{"line":16,"column":47},"end":{"line":63,"column":1}},"line":16}},"branchMap":{"0":{"loc":{"start":{"line":22,"column":8},"end":{"line":24,"column":9}},"type":"if","locations":[{"start":{"line":22,"column":8},"end":{"line":24,"column":9}},{"start":{},"end":{}}],"line":22},"1":{"loc":{"start":{"line":39,"column":8},"end":{"line":41,"column":9}},"type":"if","locations":[{"start":{"line":39,"column":8},"end":{"line":41,"column":9}},{"start":{},"end":{}}],"line":39},"2":{"loc":{"start":{"line":47,"column":8},"end":{"line":49,"column":9}},"type":"if","locations":[{"start":{"line":47,"column":8},"end":{"line":49,"column":9}},{"start":{},"end":{}}],"line":47},"3":{"loc":{"start":{"line":52,"column":8},"end":{"line":54,"column":9}},"type":"if","locations":[{"start":{"line":52,"column":8},"end":{"line":54,"column":9}},{"start":{},"end":{}}],"line":52}},"s":{"0":1,"1":1,"2":1,"3":1,"4":1,"5":1,"6":0,"7":0,"8":0,"9":0,"10":0,"11":0,"12":0,"13":0,"14":0,"15":0,"16":0,"17":0,"18":0,"19":0,"20":0,"21":0,"22":0,"23":0,"24":0,"25":1},"f":{"0":0},"b":{"0":[0,0],"1":[0,0],"2":[0,0],"3":[0,0]},"_coverageSchema":"1a1c01bbd47fc00a2c39e90264f33305004495a9","hash":"171ae2ccd5d2471c35e1eec35838205610e1befc"}
,"/Users/pedronogueira/Developer/Ufscar/GP/loja-de-roupa-ufscar-node/src/middlewares/authorizeAdmin.js": {"path":"/Users/pedronogueira/Developer/Ufscar/GP/loja-de-roupa-ufscar-node/src/middlewares/authorizeAdmin.js","statementMap":{"0":{"start":{"line":9,"column":23},"end":{"line":27,"column":1}},"1":{"start":{"line":10,"column":4},"end":{"line":26,"column":5}},"2":{"start":{"line":12,"column":8},"end":{"line":14,"column":9}},"3":{"start":{"line":13,"column":12},"end":{"line":13,"column":81}},"4":{"start":{"line":17,"column":8},"end":{"line":19,"column":9}},"5":{"start":{"line":18,"column":12},"end":{"line":18,"column":97}},"6":{"start":{"line":22,"column":8},"end":{"line":22,"column":15}},"7":{"start":{"line":24,"column":8},"end":{"line":24,"column":67}},"8":{"start":{"line":25,"column":8},"end":{"line":25,"column":71}},"9":{"start":{"line":29,"column":0},"end":{"line":29,"column":36}}},"fnMap":{"0":{"name":"(anonymous_0)","decl":{"start":{"line":9,"column":23},"end":{"line":9,"column":24}},"loc":{"start":{"line":9,"column":43},"end":{"line":27,"column":1}},"line":9}},"branchMap":{"0":{"loc":{"start":{"line":12,"column":8},"end":{"line":14,"column":9}},"type":"if","locations":[{"start":{"line":12,"column":8},"end":{"line":14,"column":9}},{"start":{},"end":{}}],"line":12},"1":{"loc":{"start":{"line":17,"column":8},"end":{"line":19,"column":9}},"type":"if","locations":[{"start":{"line":17,"column":8},"end":{"line":19,"column":9}},{"start":{},"end":{}}],"line":17}},"s":{"0":1,"1":0,"2":0,"3":0,"4":0,"5":0,"6":0,"7":0,"8":0,"9":1},"f":{"0":0},"b":{"0":[0,0],"1":[0,0]},"_coverageSchema":"1a1c01bbd47fc00a2c39e90264f33305004495a9","hash":"0090f9a7c4efea46b52b11c46753f65f5c6a3b7c"}
,"/Users/pedronogueira/Developer/Ufscar/GP/loja-de-roupa-ufscar-node/src/models/ActiveSession.js": {"path":"/Users/pedronogueira/Developer/Ufscar/GP/loja-de-roupa-ufscar-node/src/models/ActiveSession.js","statementMap":{"0":{"start":{"line":1,"column":22},"end":{"line":1,"column":42}},"1":{"start":{"line":2,"column":18},"end":{"line":2,"column":47}},"2":{"start":{"line":12,"column":22},"end":{"line":33,"column":5}},"3":{"start":{"line":35,"column":0},"end":{"line":35,"column":31}}},"fnMap":{},"branchMap":{},"s":{"0":3,"1":3,"2":3,"3":3},"f":{},"b":{},"_coverageSchema":"1a1c01bbd47fc00a2c39e90264f33305004495a9","hash":"41210b660d2e30d5615cfa61c3ff7a0de95f4c73"}
,"/Users/pedronogueira/Developer/Ufscar/GP/loja-de-roupa-ufscar-node/src/models/Stock.js": {"path":"/Users/pedronogueira/Developer/Ufscar/GP/loja-de-roupa-ufscar-node/src/models/Stock.js","statementMap":{"0":{"start":{"line":1,"column":22},"end":{"line":1,"column":42}},"1":{"start":{"line":2,"column":18},"end":{"line":2,"column":47}},"2":{"start":{"line":3,"column":16},"end":{"line":3,"column":36}},"3":{"start":{"line":5,"column":14},"end":{"line":26,"column":1}},"4":{"start":{"line":28,"column":0},"end":{"line":31,"column":3}},"5":{"start":{"line":33,"column":0},"end":{"line":33,"column":23}}},"fnMap":{},"branchMap":{},"s":{"0":1,"1":1,"2":1,"3":1,"4":1,"5":1},"f":{},"b":{},"_coverageSchema":"1a1c01bbd47fc00a2c39e90264f33305004495a9","hash":"69b3a6a7d5a55ab0cbe6aedb798565a5e9e55853"}
,"/Users/pedronogueira/Developer/Ufscar/GP/loja-de-roupa-ufscar-node/src/models/TransactionHistory.js": {"path":"/Users/pedronogueira/Developer/Ufscar/GP/loja-de-roupa-ufscar-node/src/models/TransactionHistory.js","statementMap":{"0":{"start":{"line":1,"column":22},"end":{"line":1,"column":42}},"1":{"start":{"line":2,"column":18},"end":{"line":2,"column":47}},"2":{"start":{"line":3,"column":16},"end":{"line":3,"column":36}},"3":{"start":{"line":4,"column":13},"end":{"line":4,"column":30}},"4":{"start":{"line":6,"column":27},"end":{"line":59,"column":1}},"5":{"start":{"line":62,"column":0},"end":{"line":65,"column":3}},"6":{"start":{"line":68,"column":0},"end":{"line":71,"column":3}},"7":{"start":{"line":73,"column":0},"end":{"line":73,"column":36}}},"fnMap":{},"branchMap":{},"s":{"0":1,"1":1,"2":1,"3":1,"4":1,"5":1,"6":1,"7":1},"f":{},"b":{},"_coverageSchema":"1a1c01bbd47fc00a2c39e90264f33305004495a9","hash":"feba31fe661588b5e33a5d59bb3f6eb8fd38acfc"}
,"/Users/pedronogueira/Developer/Ufscar/GP/loja-de-roupa-ufscar-node/src/models/User.js": {"path":"/Users/pedronogueira/Developer/Ufscar/GP/loja-de-roupa-ufscar-node/src/models/User.js","statementMap":{"0":{"start":{"line":1,"column":22},"end":{"line":1,"column":42}},"1":{"start":{"line":2,"column":18},"end":{"line":2,"column":47}},"2":{"start":{"line":3,"column":15},"end":{"line":3,"column":32}},"3":{"start":{"line":14,"column":13},"end":{"line":54,"column":1}},"4":{"start":{"line":58,"column":0},"end":{"line":58,"column":22}}},"fnMap":{},"branchMap":{},"s":{"0":1,"1":1,"2":1,"3":1,"4":1},"f":{},"b":{},"_coverageSchema":"1a1c01bbd47fc00a2c39e90264f33305004495a9","hash":"883be5ba0d823a2e0588cfaa80bee87e87950350"}
,"/Users/pedronogueira/Developer/Ufscar/GP/loja-de-roupa-ufscar-node/src/routes/routes.js": {"path":"/Users/pedronogueira/Developer/Ufscar/GP/loja-de-roupa-ufscar-node/src/routes/routes.js","statementMap":{"0":{"start":{"line":1,"column":16},"end":{"line":1,"column":34}},"1":{"start":{"line":2,"column":15},"end":{"line":2,"column":31}},"2":{"start":{"line":5,"column":24},"end":{"line":5,"column":64}},"3":{"start":{"line":6,"column":25},"end":{"line":6,"column":63}},"4":{"start":{"line":7,"column":27},"end":{"line":7,"column":67}},"5":{"start":{"line":10,"column":19},"end":{"line":10,"column":61}},"6":{"start":{"line":13,"column":60},"end":{"line":13,"column":100}},"7":{"start":{"line":16,"column":69},"end":{"line":16,"column":112}},"8":{"start":{"line":19,"column":58},"end":{"line":19,"column":102}},"9":{"start":{"line":22,"column":88},"end":{"line":22,"column":129}},"10":{"start":{"line":25,"column":27},"end":{"line":25,"column":77}},"11":{"start":{"line":26,"column":29},"end":{"line":26,"column":79}},"12":{"start":{"line":29,"column":30},"end":{"line":29,"column":75}},"13":{"start":{"line":32,"column":0},"end":{"line":32,"column":27}},"14":{"start":{"line":33,"column":0},"end":{"line":33,"column":26}},"15":{"start":{"line":36,"column":0},"end":{"line":36,"column":45}},"16":{"start":{"line":39,"column":0},"end":{"line":39,"column":69}},"17":{"start":{"line":40,"column":0},"end":{"line":40,"column":70}},"18":{"start":{"line":41,"column":0},"end":{"line":41,"column":74}},"19":{"start":{"line":42,"column":0},"end":{"line":42,"column":69}},"20":{"start":{"line":45,"column":0},"end":{"line":45,"column":57}},"21":{"start":{"line":46,"column":0},"end":{"line":46,"column":55}},"22":{"start":{"line":47,"column":0},"end":{"line":47,"column":63}},"23":{"start":{"line":48,"column":0},"end":{"line":48,"column":66}},"24":{"start":{"line":51,"column":0},"end":{"line":51,"column":59}},"25":{"start":{"line":52,"column":0},"end":{"line":52,"column":59}},"26":{"start":{"line":53,"column":0},"end":{"line":53,"column":68}},"27":{"start":{"line":56,"column":0},"end":{"line":56,"column":87}},"28":{"start":{"line":57,"column":0},"end":{"line":57,"column":35}},"29":{"start":{"line":58,"column":0},"end":{"line":58,"column":55}},"30":{"start":{"line":59,"column":0},"end":{"line":59,"column":53}},"31":{"start":{"line":62,"column":0},"end":{"line":62,"column":62}},"32":{"start":{"line":63,"column":0},"end":{"line":63,"column":66}},"33":{"start":{"line":66,"column":0},"end":{"line":66,"column":58}},"34":{"start":{"line":68,"column":0},"end":{"line":68,"column":24}}},"fnMap":{},"branchMap":{},"s":{"0":1,"1":1,"2":1,"3":1,"4":1,"5":1,"6":1,"7":1,"8":1,"9":1,"10":1,"11":1,"12":1,"13":1,"14":1,"15":1,"16":1,"17":1,"18":1,"19":1,"20":1,"21":1,"22":1,"23":1,"24":1,"25":1,"26":1,"27":1,"28":1,"29":1,"30":1,"31":1,"32":1,"33":1,"34":1},"f":{},"b":{},"_coverageSchema":"1a1c01bbd47fc00a2c39e90264f33305004495a9","hash":"da8ddd50af991a0b729dbc7f90e82c8834b123c9"}
,"/Users/pedronogueira/Developer/Ufscar/GP/loja-de-roupa-ufscar-node/src/validators/userValidators.js": {"path":"/Users/pedronogueira/Developer/Ufscar/GP/loja-de-roupa-ufscar-node/src/validators/userValidators.js","statementMap":{"0":{"start":{"line":2,"column":27},"end":{"line":28,"column":1}},"1":{"start":{"line":3,"column":4},"end":{"line":5,"column":5}},"2":{"start":{"line":4,"column":8},"end":{"line":4,"column":61}},"3":{"start":{"line":8,"column":4},"end":{"line":10,"column":5}},"4":{"start":{"line":9,"column":8},"end":{"line":9,"column":69}},"5":{"start":{"line":13,"column":23},"end":{"line":13,"column":69}},"6":{"start":{"line":14,"column":4},"end":{"line":16,"column":5}},"7":{"start":{"line":15,"column":8},"end":{"line":15,"column":43}},"8":{"start":{"line":19,"column":4},"end":{"line":21,"column":5}},"9":{"start":{"line":20,"column":8},"end":{"line":20,"column":70}},"10":{"start":{"line":24,"column":30},"end":{"line":24,"column":56}},"11":{"start":{"line":25,"column":4},"end":{"line":27,"column":5}},"12":{"start":{"line":26,"column":8},"end":{"line":26,"column":53}},"13":{"start":{"line":31,"column":33},"end":{"line":52,"column":1}},"14":{"start":{"line":32,"column":4},"end":{"line":34,"column":5}},"15":{"start":{"line":33,"column":8},"end":{"line":33,"column":61}},"16":{"start":{"line":37,"column":4},"end":{"line":39,"column":5}},"17":{"start":{"line":38,"column":8},"end":{"line":38,"column":69}},"18":{"start":{"line":42,"column":23},"end":{"line":42,"column":69}},"19":{"start":{"line":43,"column":4},"end":{"line":45,"column":5}},"20":{"start":{"line":44,"column":8},"end":{"line":44,"column":43}},"21":{"start":{"line":48,"column":30},"end":{"line":48,"column":56}},"22":{"start":{"line":49,"column":4},"end":{"line":51,"column":5}},"23":{"start":{"line":50,"column":8},"end":{"line":50,"column":53}},"24":{"start":{"line":54,"column":0},"end":{"line":54,"column":66}}},"fnMap":{"0":{"name":"(anonymous_0)","decl":{"start":{"line":2,"column":27},"end":{"line":2,"column":28}},"loc":{"start":{"line":2,"column":67},"end":{"line":28,"column":1}},"line":2},"1":{"name":"(anonymous_1)","decl":{"start":{"line":31,"column":33},"end":{"line":31,"column":34}},"loc":{"start":{"line":31,"column":63},"end":{"line":52,"column":1}},"line":31}},"branchMap":{"0":{"loc":{"start":{"line":3,"column":4},"end":{"line":5,"column":5}},"type":"if","locations":[{"start":{"line":3,"column":4},"end":{"line":5,"column":5}},{"start":{},"end":{}}],"line":3},"1":{"loc":{"start":{"line":3,"column":8},"end":{"line":3,"column":52}},"type":"binary-expr","locations":[{"start":{"line":3,"column":8},"end":{"line":3,"column":13}},{"start":{"line":3,"column":17},"end":{"line":3,"column":23}},{"start":{"line":3,"column":27},"end":{"line":3,"column":36}},{"start":{"line":3,"column":40},"end":{"line":3,"column":52}}],"line":3},"2":{"loc":{"start":{"line":8,"column":4},"end":{"line":10,"column":5}},"type":"if","locations":[{"start":{"line":8,"column":4},"end":{"line":10,"column":5}},{"start":{},"end":{}}],"line":8},"3":{"loc":{"start":{"line":8,"column":8},"end":{"line":8,"column":44}},"type":"binary-expr","locations":[{"start":{"line":8,"column":8},"end":{"line":8,"column":23}},{"start":{"line":8,"column":27},"end":{"line":8,"column":44}}],"line":8},"4":{"loc":{"start":{"line":14,"column":4},"end":{"line":16,"column":5}},"type":"if","locations":[{"start":{"line":14,"column":4},"end":{"line":16,"column":5}},{"start":{},"end":{}}],"line":14},"5":{"loc":{"start":{"line":19,"column":4},"end":{"line":21,"column":5}},"type":"if","locations":[{"start":{"line":19,"column":4},"end":{"line":21,"column":5}},{"start":{},"end":{}}],"line":19},"6":{"loc":{"start":{"line":19,"column":8},"end":{"line":19,"column":52}},"type":"binary-expr","locations":[{"start":{"line":19,"column":8},"end":{"line":19,"column":27}},{"start":{"line":19,"column":31},"end":{"line":19,"column":52}}],"line":19},"7":{"loc":{"start":{"line":25,"column":4},"end":{"line":27,"column":5}},"type":"if","locations":[{"start":{"line":25,"column":4},"end":{"line":27,"column":5}},{"start":{},"end":{}}],"line":25},"8":{"loc":{"start":{"line":32,"column":4},"end":{"line":34,"column":5}},"type":"if","locations":[{"start":{"line":32,"column":4},"end":{"line":34,"column":5}},{"start":{},"end":{}}],"line":32},"9":{"loc":{"start":{"line":32,"column":8},"end":{"line":32,"column":39}},"type":"binary-expr","locations":[{"start":{"line":32,"column":8},"end":{"line":32,"column":13}},{"start":{"line":32,"column":17},"end":{"line":32,"column":23}},{"start":{"line":32,"column":27},"end":{"line":32,"column":39}}],"line":32},"10":{"loc":{"start":{"line":37,"column":4},"end":{"line":39,"column":5}},"type":"if","locations":[{"start":{"line":37,"column":4},"end":{"line":39,"column":5}},{"start":{},"end":{}}],"line":37},"11":{"loc":{"start":{"line":37,"column":8},"end":{"line":37,"column":44}},"type":"binary-expr","locations":[{"start":{"line":37,"column":8},"end":{"line":37,"column":23}},{"start":{"line":37,"column":27},"end":{"line":37,"column":44}}],"line":37},"12":{"loc":{"start":{"line":43,"column":4},"end":{"line":45,"column":5}},"type":"if","locations":[{"start":{"line":43,"column":4},"end":{"line":45,"column":5}},{"start":{},"end":{}}],"line":43},"13":{"loc":{"start":{"line":49,"column":4},"end":{"line":51,"column":5}},"type":"if","locations":[{"start":{"line":49,"column":4},"end":{"line":51,"column":5}},{"start":{},"end":{}}],"line":49}},"s":{"0":1,"1":0,"2":0,"3":0,"4":0,"5":0,"6":0,"7":0,"8":0,"9":0,"10":0,"11":0,"12":0,"13":1,"14":0,"15":0,"16":0,"17":0,"18":0,"19":0,"20":0,"21":0,"22":0,"23":0,"24":1},"f":{"0":0,"1":0},"b":{"0":[0,0],"1":[0,0,0,0],"2":[0,0],"3":[0,0],"4":[0,0],"5":[0,0],"6":[0,0],"7":[0,0],"8":[0,0],"9":[0,0,0],"10":[0,0],"11":[0,0],"12":[0,0],"13":[0,0]},"_coverageSchema":"1a1c01bbd47fc00a2c39e90264f33305004495a9","hash":"37981025a17d4571ce5a1e8b194b1109daedb033"}
,"/Users/pedronogueira/Developer/Ufscar/GP/loja-de-roupa-ufscar-node/tests/mocks/Category.js": {"path":"/Users/pedronogueira/Developer/Ufscar/GP/loja-de-roupa-ufscar-node/tests/mocks/Category.js","statementMap":{"0":{"start":{"line":2,"column":0},"end":{"line":10,"column":2}}},"fnMap":{},"branchMap":{},"s":{"0":3},"f":{},"b":{},"_coverageSchema":"1a1c01bbd47fc00a2c39e90264f33305004495a9","hash":"6b66adccbc1a8ff9d575e087ba088304cf1a02b9"}
,"/Users/pedronogueira/Developer/Ufscar/GP/loja-de-roupa-ufscar-node/tests/mocks/Product.js": {"path":"/Users/pedronogueira/Developer/Ufscar/GP/loja-de-roupa-ufscar-node/tests/mocks/Product.js","statementMap":{"0":{"start":{"line":1,"column":0},"end":{"line":7,"column":2}}},"fnMap":{},"branchMap":{},"s":{"0":4},"f":{},"b":{},"_coverageSchema":"1a1c01bbd47fc00a2c39e90264f33305004495a9","hash":"afa4549e4ec420b095dfab8575246a84d3919070"}
,"/Users/pedronogueira/Developer/Ufscar/GP/loja-de-roupa-ufscar-node/tests/mocks/Stock.js": {"path":"/Users/pedronogueira/Developer/Ufscar/GP/loja-de-roupa-ufscar-node/tests/mocks/Stock.js","statementMap":{"0":{"start":{"line":1,"column":0},"end":{"line":5,"column":2}}},"fnMap":{},"branchMap":{},"s":{"0":2},"f":{},"b":{},"_coverageSchema":"1a1c01bbd47fc00a2c39e90264f33305004495a9","hash":"e556502359d33d79eb3c93b6639b02f58fbfb3f0"}
,"/Users/pedronogueira/Developer/Ufscar/GP/loja-de-roupa-ufscar-node/tests/mocks/TransactionHistory.js": {"path":"/Users/pedronogueira/Developer/Ufscar/GP/loja-de-roupa-ufscar-node/tests/mocks/TransactionHistory.js","statementMap":{"0":{"start":{"line":1,"column":0},"end":{"line":8,"column":2}}},"fnMap":{},"branchMap":{},"s":{"0":2},"f":{},"b":{},"_coverageSchema":"1a1c01bbd47fc00a2c39e90264f33305004495a9","hash":"fbe96f8b50b6f05bfe55fbbeaf4c4fc5e8149577"}
,"/Users/pedronogueira/Developer/Ufscar/GP/loja-de-roupa-ufscar-node/tests/mocks/User.js": {"path":"/Users/pedronogueira/Developer/Ufscar/GP/loja-de-roupa-ufscar-node/tests/mocks/User.js","statementMap":{"0":{"start":{"line":2,"column":22},"end":{"line":2,"column":47}},"1":{"start":{"line":3,"column":15},"end":{"line":3,"column":34}},"2":{"start":{"line":6,"column":13},"end":{"line":10,"column":2}},"3":{"start":{"line":13,"column":0},"end":{"line":13,"column":25}},"4":{"start":{"line":15,"column":0},"end":{"line":21,"column":2}}},"fnMap":{},"branchMap":{},"s":{"0":4,"1":4,"2":4,"3":4,"4":4},"f":{},"b":{},"_coverageSchema":"1a1c01bbd47fc00a2c39e90264f33305004495a9","hash":"06ee0425b930f0d16be398a1ff91aa9a1c092b92"}
,"/Users/pedronogueira/Developer/Ufscar/GP/loja-de-roupa-ufscar-node/tests/mocks/database.js": {"path":"/Users/pedronogueira/Developer/Ufscar/GP/loja-de-roupa-ufscar-node/tests/mocks/database.js","statementMap":{"0":{"start":{"line":1,"column":0},"end":{"line":1,"column":40}}},"fnMap":{},"branchMap":{},"s":{"0":4},"f":{},"b":{},"_coverageSchema":"1a1c01bbd47fc00a2c39e90264f33305004495a9","hash":"291457237e8244e904bd0f540e7c02b38149b493"}
,"/Users/pedronogueira/Developer/Ufscar/GP/loja-de-roupa-ufscar-node/tests/mocks/sequelize.js": {"path":"/Users/pedronogueira/Developer/Ufscar/GP/loja-de-roupa-ufscar-node/tests/mocks/sequelize.js","statementMap":{"0":{"start":{"line":1,"column":22},"end":{"line":1,"column":47}},"1":{"start":{"line":2,"column":18},"end":{"line":2,"column":37}},"2":{"start":{"line":5,"column":0},"end":{"line":5,"column":55}},"3":{"start":{"line":8,"column":0},"end":{"line":13,"column":3}},"4":{"start":{"line":9,"column":4},"end":{"line":12,"column":7}},"5":{"start":{"line":16,"column":0},"end":{"line":16,"column":46}},"6":{"start":{"line":16,"column":37},"end":{"line":16,"column":44}},"7":{"start":{"line":17,"column":0},"end":{"line":17,"column":61}},"8":{"start":{"line":17,"column":40},"end":{"line":17,"column":59}},"9":{"start":{"line":18,"column":0},"end":{"line":18,"column":46}},"10":{"start":{"line":18,"column":39},"end":{"line":18,"column":44}},"11":{"start":{"line":20,"column":0},"end":{"line":20,"column":27}}},"fnMap":{"0":{"name":"(anonymous_0)","decl":{"start":{"line":8,"column":53},"end":{"line":8,"column":54}},"loc":{"start":{"line":8,"column":59},"end":{"line":13,"column":1}},"line":8},"1":{"name":"(anonymous_1)","decl":{"start":{"line":16,"column":24},"end":{"line":16,"column":25}},"loc":{"start":{"line":16,"column":37},"end":{"line":16,"column":44}},"line":16},"2":{"name":"(anonymous_2)","decl":{"start":{"line":17,"column":23},"end":{"line":17,"column":24}},"loc":{"start":{"line":17,"column":40},"end":{"line":17,"column":59}},"line":17},"3":{"name":"(anonymous_3)","decl":{"start":{"line":18,"column":28},"end":{"line":18,"column":29}},"loc":{"start":{"line":18,"column":39},"end":{"line":18,"column":44}},"line":18}},"branchMap":{},"s":{"0":4,"1":4,"2":4,"3":4,"4":0,"5":4,"6":8,"7":4,"8":9,"9":4,"10":2,"11":4},"f":{"0":0,"1":8,"2":9,"3":2},"b":{},"_coverageSchema":"1a1c01bbd47fc00a2c39e90264f33305004495a9","hash":"4f2b2e64940c8973360a8d7f67483b5ed03f6877"}
}
