TN:
SF:src/app.js
FN:21,(anonymous_0)
FNF:1
FNH:0
FNDA:0,(anonymous_0)
DA:1,1
DA:2,1
DA:3,1
DA:4,1
DA:5,1
DA:6,1
DA:8,1
DA:9,1
DA:11,1
DA:12,1
DA:13,1
DA:14,1
DA:17,1
DA:20,1
DA:21,0
DA:22,0
DA:28,1
LF:17
LH:15
BRDA:20,0,0,0
BRDA:20,0,1,1
BRF:2
BRH:1
end_of_record
TN:
SF:src/config/database.js
FN:21,(anonymous_0)
FNF:1
FNH:0
FNDA:0,(anonymous_0)
DA:1,3
DA:2,3
DA:5,3
DA:19,3
DA:21,0
DA:22,0
DA:23,0
DA:24,0
DA:26,0
DA:31,3
LF:10
LH:5
BRDA:19,0,0,0
BRDA:19,0,1,3
BRF:2
BRH:1
end_of_record
TN:
SF:src/controllers/AuthController.js
FN:17,(anonymous_0)
FN:80,(anonymous_1)
FNF:2
FNH:2
FNDA:6,(anonymous_0)
FNDA:7,(anonymous_1)
DA:1,2
DA:2,2
DA:3,2
DA:4,2
DA:5,2
DA:8,2
DA:17,2
DA:18,6
DA:20,6
DA:23,6
DA:25,1
DA:30,5
DA:32,5
DA:35,1
DA:39,4
DA:42,4
DA:44,1
DA:48,3
DA:51,3
DA:53,1
DA:57,2
DA:59,1
DA:63,1
DA:66,0
DA:69,0
DA:80,2
DA:81,7
DA:82,7
DA:83,7
DA:84,7
DA:85,7
DA:86,7
DA:89,7
DA:90,1
DA:94,6
DA:96,6
DA:97,2
DA:101,4
DA:102,4
DA:103,4
DA:104,4
DA:105,2
DA:109,2
DA:110,2
DA:116,2
DA:123,2
DA:125,2
DA:126,2
DA:128,2
DA:130,0
DA:131,0
DA:136,2
LF:52
LH:48
BRDA:23,0,0,1
BRDA:23,0,1,5
BRDA:42,1,0,1
BRDA:42,1,1,3
BRDA:51,2,0,1
BRDA:51,2,1,2
BRDA:57,3,0,1
BRDA:57,3,1,1
BRDA:89,4,0,1
BRDA:89,4,1,6
BRDA:89,5,0,7
BRDA:89,5,1,6
BRDA:89,5,2,6
BRDA:89,5,3,6
BRDA:96,6,0,2
BRDA:96,6,1,4
BRDA:104,7,0,2
BRDA:104,7,1,2
BRF:18
BRH:18
end_of_record
TN:
SF:src/controllers/CategoryController.js
FN:9,(anonymous_0)
FN:42,(anonymous_1)
FN:61,(anonymous_2)
FN:79,(anonymous_3)
FNF:4
FNH:4
FNDA:5,(anonymous_0)
FNDA:2,(anonymous_1)
FNDA:2,(anonymous_2)
FNDA:3,(anonymous_3)
DA:1,2
DA:2,2
DA:3,2
DA:9,2
DA:10,5
DA:11,5
DA:14,5
DA:15,1
DA:19,4
DA:20,4
DA:21,1
DA:25,3
DA:26,1
DA:28,2
DA:31,2
DA:32,1
DA:35,1
DA:42,2
DA:43,2
DA:45,2
DA:61,2
DA:67,1
DA:69,1
DA:70,1
DA:79,2
DA:80,3
DA:81,3
DA:83,3
DA:86,2
DA:87,1
DA:95,1
DA:97,1
DA:99,1
DA:100,1
DA:104,2
LF:35
LH:35
BRDA:14,0,0,1
BRDA:14,0,1,4
BRDA:14,1,0,5
BRDA:14,1,1,5
BRDA:20,2,0,1
BRDA:20,2,1,3
BRDA:31,3,0,1
BRDA:31,3,1,1
BRDA:86,4,0,1
BRDA:86,4,1,1
BRF:10
BRH:10
end_of_record
TN:
SF:src/controllers/DashboardController.js
FN:12,(anonymous_0)
FN:24,(anonymous_1)
FN:108,(anonymous_2)
FN:145,(anonymous_3)
FN:148,(anonymous_4)
FN:154,(anonymous_5)
FN:196,(anonymous_6)
FNF:7
FNH:6
FNDA:3,(anonymous_0)
FNDA:1,(anonymous_1)
FNDA:2,(anonymous_2)
FNDA:2,(anonymous_3)
FNDA:0,(anonymous_4)
FNDA:24,(anonymous_5)
FNDA:1,(anonymous_6)
DA:1,2
DA:2,2
DA:3,2
DA:4,2
DA:5,2
DA:6,2
DA:7,2
DA:12,2
DA:13,3
DA:14,3
DA:15,3
DA:16,3
DA:17,1
DA:18,1
DA:24,2
DA:25,1
DA:26,1
DA:28,1
DA:29,12
DA:33,12
DA:36,1
DA:40,2
DA:41,2
DA:42,2
DA:43,2
DA:47,2
DA:54,1
DA:60,1
DA:72,1
DA:99,1
DA:100,1
DA:101,1
DA:108,2
DA:134,1
DA:139,1
DA:140,1
DA:142,1
DA:143,1
DA:145,1
DA:146,2
DA:148,2
DA:149,0
DA:150,0
DA:154,24
DA:161,1
DA:196,1
DA:202,1
DA:219,1
DA:220,1
DA:223,1
DA:224,1
DA:225,1
DA:228,1
DA:230,1
DA:244,1
DA:245,1
DA:246,1
DA:250,2
LF:58
LH:56
BRDA:16,0,0,1
BRDA:16,0,1,2
BRDA:47,1,0,2
BRDA:47,1,1,0
BRDA:54,2,0,1
BRDA:54,2,1,0
BRDA:100,3,0,1
BRDA:100,3,1,0
BRDA:100,4,0,1
BRDA:100,4,1,1
BRDA:156,5,0,24
BRDA:156,5,1,24
BRDA:198,6,0,1
BRDA:198,6,1,0
BRDA:224,7,0,1
BRDA:224,7,1,0
BRF:16
BRH:11
end_of_record
TN:
SF:src/controllers/LogoutController.js
FN:16,(anonymous_0)
FNF:1
FNH:1
FNDA:6,(anonymous_0)
DA:1,2
DA:2,2
DA:3,2
DA:4,2
DA:7,2
DA:16,2
DA:17,6
DA:18,6
DA:20,6
DA:21,1
DA:27,5
DA:28,3
DA:31,3
DA:32,1
DA:36,2
DA:41,1
DA:43,1
DA:44,1
DA:48,3
DA:50,3
DA:51,0
DA:53,3
DA:54,1
DA:57,2
DA:63,2
LF:25
LH:24
BRDA:20,0,0,1
BRDA:20,0,1,5
BRDA:31,1,0,1
BRDA:31,1,1,2
BRDA:50,2,0,0
BRDA:50,2,1,3
BRDA:53,3,0,1
BRDA:53,3,1,2
BRF:8
BRH:7
end_of_record
TN:
SF:src/controllers/ProductController.js
FN:8,(anonymous_0)
FN:54,(anonymous_1)
FN:70,(anonymous_2)
FN:121,(anonymous_3)
FNF:4
FNH:4
FNDA:3,(anonymous_0)
FNDA:1,(anonymous_1)
FNDA:3,(anonymous_2)
FNDA:2,(anonymous_3)
DA:1,2
DA:2,2
DA:8,2
DA:9,3
DA:10,3
DA:13,3
DA:14,1
DA:18,2
DA:19,2
DA:20,2
DA:21,2
DA:22,1
DA:25,1
DA:26,1
DA:27,1
DA:28,1
DA:40,1
DA:44,1
DA:46,0
DA:47,0
DA:54,2
DA:55,1
DA:56,1
DA:59,1
DA:61,0
DA:62,0
DA:70,2
DA:71,3
DA:72,3
DA:73,3
DA:74,3
DA:75,3
DA:76,3
DA:77,1
DA:80,2
DA:81,2
DA:84,2
DA:85,2
DA:86,2
DA:87,2
DA:88,1
DA:90,1
DA:94,1
DA:96,1
DA:97,1
DA:98,1
DA:99,1
DA:100,1
DA:101,1
DA:103,1
DA:107,1
DA:111,1
DA:113,0
DA:114,0
DA:121,2
DA:122,2
DA:123,2
DA:124,2
DA:125,2
DA:126,2
DA:127,2
DA:128,1
DA:131,1
DA:133,1
DA:135,0
DA:136,0
DA:140,2
LF:67
LH:59
BRDA:13,0,0,1
BRDA:13,0,1,2
BRDA:13,1,0,3
BRDA:13,1,1,3
BRDA:13,1,2,2
BRDA:13,1,3,2
BRDA:19,2,0,2
BRDA:19,2,1,0
BRDA:21,3,0,1
BRDA:21,3,1,1
BRDA:30,4,0,1
BRDA:30,4,1,1
BRDA:34,5,0,1
BRDA:34,5,1,0
BRDA:35,6,0,1
BRDA:35,6,1,1
BRDA:76,7,0,1
BRDA:76,7,1,2
BRDA:85,8,0,2
BRDA:85,8,1,0
BRDA:87,9,0,1
BRDA:87,9,1,1
BRDA:96,10,0,1
BRDA:96,10,1,0
BRDA:97,11,0,0
BRDA:97,11,1,1
BRDA:98,12,0,0
BRDA:98,12,1,1
BRDA:99,13,0,0
BRDA:99,13,1,1
BRDA:100,14,0,0
BRDA:100,14,1,1
BRDA:101,15,0,0
BRDA:101,15,1,1
BRDA:127,16,0,1
BRDA:127,16,1,1
BRF:36
BRH:27
end_of_record
TN:
SF:src/controllers/ReturnExchangeController.js
FN:11,(anonymous_0)
FN:107,(anonymous_1)
FNF:2
FNH:2
FNDA:5,(anonymous_0)
FNDA:10,(anonymous_1)
DA:1,2
DA:2,2
DA:3,2
DA:4,2
DA:11,2
DA:12,5
DA:13,5
DA:14,5
DA:15,5
DA:17,5
DA:18,1
DA:19,1
DA:25,4
DA:26,4
DA:27,1
DA:28,1
DA:34,3
DA:48,2
DA:49,1
DA:50,1
DA:56,1
DA:57,1
DA:60,1
DA:63,1
DA:67,1
DA:68,1
DA:69,1
DA:73,1
DA:88,1
DA:90,1
DA:95,1
DA:96,1
DA:97,1
DA:107,2
DA:108,10
DA:109,10
DA:110,10
DA:111,10
DA:114,10
DA:115,1
DA:116,1
DA:120,9
DA:121,9
DA:122,1
DA:123,1
DA:127,8
DA:140,7
DA:142,7
DA:143,1
DA:144,1
DA:145,1
DA:149,6
DA:150,1
DA:151,1
DA:155,5
DA:156,1
DA:157,1
DA:161,4
DA:162,4
DA:165,4
DA:168,4
DA:169,4
DA:170,4
DA:171,4
DA:172,1
DA:173,1
DA:174,1
DA:176,3
DA:180,3
DA:181,1
DA:182,1
DA:186,2
DA:189,2
DA:190,2
DA:192,2
DA:193,2
DA:194,0
DA:195,0
DA:196,0
DA:200,2
DA:205,2
DA:206,1
DA:207,1
DA:211,1
DA:212,1
DA:215,1
DA:227,1
DA:231,1
DA:236,1
DA:237,1
DA:238,1
DA:241,0
DA:249,1
DA:261,1
DA:264,1
DA:266,1
DA:272,1
DA:273,1
DA:274,1
DA:279,2
LF:100
LH:96
BRDA:17,0,0,1
BRDA:17,0,1,4
BRDA:25,1,0,4
BRDA:25,1,1,3
BRDA:26,2,0,1
BRDA:26,2,1,3
BRDA:48,3,0,1
BRDA:48,3,1,1
BRDA:67,4,0,1
BRDA:67,4,1,0
BRDA:82,5,0,1
BRDA:82,5,1,0
BRDA:114,6,0,1
BRDA:114,6,1,9
BRDA:114,7,0,10
BRDA:114,7,1,10
BRDA:114,7,2,10
BRDA:120,8,0,9
BRDA:120,8,1,8
BRDA:121,9,0,1
BRDA:121,9,1,8
BRDA:142,10,0,1
BRDA:142,10,1,6
BRDA:149,11,0,1
BRDA:149,11,1,5
BRDA:155,12,0,1
BRDA:155,12,1,4
BRDA:171,13,0,1
BRDA:171,13,1,3
BRDA:180,14,0,1
BRDA:180,14,1,2
BRDA:193,15,0,0
BRDA:193,15,1,2
BRDA:205,16,0,1
BRDA:205,16,1,1
BRDA:205,17,0,2
BRDA:205,17,1,2
BRDA:236,18,0,1
BRDA:236,18,1,0
BRF:39
BRH:35
end_of_record
TN:
SF:src/controllers/StockController.js
FN:16,(anonymous_0)
FN:146,(anonymous_1)
FN:160,(anonymous_2)
FN:188,(anonymous_3)
FN:231,(anonymous_4)
FNF:5
FNH:0
FNDA:0,(anonymous_0)
FNDA:0,(anonymous_1)
FNDA:0,(anonymous_2)
FNDA:0,(anonymous_3)
FNDA:0,(anonymous_4)
DA:3,1
DA:4,1
DA:5,1
DA:6,1
DA:7,1
DA:8,1
DA:16,1
DA:17,0
DA:19,0
DA:20,0
DA:23,0
DA:24,0
DA:25,0
DA:29,0
DA:30,0
DA:31,0
DA:35,0
DA:36,0
DA:37,0
DA:38,0
DA:42,0
DA:46,0
DA:47,0
DA:48,0
DA:53,0
DA:55,0
DA:56,0
DA:57,0
DA:60,0
DA:63,0
DA:67,0
DA:70,0
DA:82,0
DA:87,0
DA:89,0
DA:96,0
DA:98,0
DA:102,0
DA:106,0
DA:108,0
DA:115,0
DA:118,0
DA:119,0
DA:123,0
DA:126,0
DA:128,0
DA:131,0
DA:137,0
DA:138,0
DA:139,0
DA:146,1
DA:147,0
DA:149,0
DA:160,0
DA:175,0
DA:177,0
DA:178,0
DA:188,1
DA:189,0
DA:190,0
DA:191,0
DA:192,0
DA:193,0
DA:196,0
DA:197,0
DA:198,0
DA:202,0
DA:204,0
DA:205,0
DA:206,0
DA:210,0
DA:211,0
DA:214,0
DA:216,0
DA:222,0
DA:223,0
DA:224,0
DA:231,1
DA:232,0
DA:233,0
DA:249,0
DA:251,0
DA:252,0
DA:256,1
LF:84
LH:11
BRDA:23,0,0,0
BRDA:23,0,1,0
BRDA:23,1,0,0
BRDA:23,1,1,0
BRDA:23,1,2,0
BRDA:23,1,3,0
BRDA:23,1,4,0
BRDA:29,2,0,0
BRDA:29,2,1,0
BRDA:35,3,0,0
BRDA:35,3,1,0
BRDA:36,4,0,0
BRDA:36,4,1,0
BRDA:46,5,0,0
BRDA:46,5,1,0
BRDA:53,6,0,0
BRDA:53,6,1,0
BRDA:55,7,0,0
BRDA:55,7,1,0
BRDA:87,8,0,0
BRDA:87,8,1,0
BRDA:96,9,0,0
BRDA:96,9,1,0
BRDA:102,10,0,0
BRDA:102,10,1,0
BRDA:118,11,0,0
BRDA:118,11,1,0
BRDA:118,12,0,0
BRDA:118,12,1,0
BRDA:196,13,0,0
BRDA:196,13,1,0
BRDA:196,14,0,0
BRDA:196,14,1,0
BRDA:196,14,2,0
BRDA:204,15,0,0
BRDA:204,15,1,0
BRF:36
BRH:0
end_of_record
TN:
SF:src/controllers/UserController.js
FN:13,(anonymous_0)
FN:52,(anonymous_1)
FN:94,(anonymous_2)
FN:118,(anonymous_3)
FNF:4
FNH:0
FNDA:0,(anonymous_0)
FNDA:0,(anonymous_1)
FNDA:0,(anonymous_2)
FNDA:0,(anonymous_3)
DA:1,1
DA:2,1
DA:3,1
DA:4,1
DA:13,1
DA:14,0
DA:15,0
DA:18,0
DA:21,0
DA:22,0
DA:23,0
DA:28,0
DA:31,0
DA:38,0
DA:40,0
DA:41,0
DA:52,1
DA:53,0
DA:54,0
DA:55,0
DA:58,0
DA:61,0
DA:62,0
DA:63,0
DA:67,0
DA:68,0
DA:69,0
DA:72,0
DA:73,0
DA:74,0
DA:78,0
DA:80,0
DA:82,0
DA:83,0
DA:94,1
DA:95,0
DA:96,0
DA:99,0
DA:100,0
DA:101,0
DA:105,0
DA:107,0
DA:109,0
DA:110,0
DA:118,1
DA:119,0
DA:121,0
DA:126,0
DA:128,0
DA:129,0
DA:133,1
LF:51
LH:9
BRDA:22,0,0,0
BRDA:22,0,1,0
BRDA:62,1,0,0
BRDA:62,1,1,0
BRDA:67,2,0,0
BRDA:67,2,1,0
BRDA:68,3,0,0
BRDA:68,3,1,0
BRDA:69,4,0,0
BRDA:69,4,1,0
BRDA:72,5,0,0
BRDA:72,5,1,0
BRDA:100,6,0,0
BRDA:100,6,1,0
BRF:14
BRH:0
end_of_record
TN:
SF:src/middlewares/authenticate.js
FN:16,(anonymous_0)
FNF:1
FNH:0
FNDA:0,(anonymous_0)
DA:1,1
DA:2,1
DA:3,1
DA:4,1
DA:7,1
DA:16,1
DA:17,0
DA:19,0
DA:22,0
DA:23,0
DA:28,0
DA:30,0
DA:32,0
DA:36,0
DA:39,0
DA:40,0
DA:44,0
DA:47,0
DA:48,0
DA:52,0
DA:53,0
DA:57,0
DA:58,0
DA:60,0
DA:61,0
DA:65,1
LF:26
LH:7
BRDA:22,0,0,0
BRDA:22,0,1,0
BRDA:39,1,0,0
BRDA:39,1,1,0
BRDA:47,2,0,0
BRDA:47,2,1,0
BRDA:52,3,0,0
BRDA:52,3,1,0
BRF:8
BRH:0
end_of_record
TN:
SF:src/middlewares/authorizeAdmin.js
FN:9,(anonymous_0)
FNF:1
FNH:0
FNDA:0,(anonymous_0)
DA:9,1
DA:10,0
DA:12,0
DA:13,0
DA:17,0
DA:18,0
DA:22,0
DA:24,0
DA:25,0
DA:29,1
LF:10
LH:2
BRDA:12,0,0,0
BRDA:12,0,1,0
BRDA:17,1,0,0
BRDA:17,1,1,0
BRF:4
BRH:0
end_of_record
TN:
SF:src/models/ActiveSession.js
FNF:0
FNH:0
DA:1,3
DA:2,3
DA:12,3
DA:35,3
LF:4
LH:4
BRF:0
BRH:0
end_of_record
TN:
SF:src/models/Stock.js
FNF:0
FNH:0
DA:1,1
DA:2,1
DA:3,1
DA:5,1
DA:28,1
DA:33,1
LF:6
LH:6
BRF:0
BRH:0
end_of_record
TN:
SF:src/models/TransactionHistory.js
FNF:0
FNH:0
DA:1,1
DA:2,1
DA:3,1
DA:4,1
DA:6,1
DA:62,1
DA:68,1
DA:73,1
LF:8
LH:8
BRF:0
BRH:0
end_of_record
TN:
SF:src/models/User.js
FNF:0
FNH:0
DA:1,1
DA:2,1
DA:3,1
DA:14,1
DA:58,1
LF:5
LH:5
BRF:0
BRH:0
end_of_record
TN:
SF:src/routes/routes.js
FNF:0
FNH:0
DA:1,1
DA:2,1
DA:5,1
DA:6,1
DA:7,1
DA:10,1
DA:13,1
DA:16,1
DA:19,1
DA:22,1
DA:25,1
DA:26,1
DA:29,1
DA:32,1
DA:33,1
DA:36,1
DA:39,1
DA:40,1
DA:41,1
DA:42,1
DA:45,1
DA:46,1
DA:47,1
DA:48,1
DA:51,1
DA:52,1
DA:53,1
DA:56,1
DA:57,1
DA:58,1
DA:59,1
DA:62,1
DA:63,1
DA:66,1
DA:68,1
LF:35
LH:35
BRF:0
BRH:0
end_of_record
TN:
SF:src/validators/userValidators.js
FN:2,(anonymous_0)
FN:31,(anonymous_1)
FNF:2
FNH:0
FNDA:0,(anonymous_0)
FNDA:0,(anonymous_1)
DA:2,1
DA:3,0
DA:4,0
DA:8,0
DA:9,0
DA:13,0
DA:14,0
DA:15,0
DA:19,0
DA:20,0
DA:24,0
DA:25,0
DA:26,0
DA:31,1
DA:32,0
DA:33,0
DA:37,0
DA:38,0
DA:42,0
DA:43,0
DA:44,0
DA:48,0
DA:49,0
DA:50,0
DA:54,1
LF:25
LH:3
BRDA:3,0,0,0
BRDA:3,0,1,0
BRDA:3,1,0,0
BRDA:3,1,1,0
BRDA:3,1,2,0
BRDA:3,1,3,0
BRDA:8,2,0,0
BRDA:8,2,1,0
BRDA:8,3,0,0
BRDA:8,3,1,0
BRDA:14,4,0,0
BRDA:14,4,1,0
BRDA:19,5,0,0
BRDA:19,5,1,0
BRDA:19,6,0,0
BRDA:19,6,1,0
BRDA:25,7,0,0
BRDA:25,7,1,0
BRDA:32,8,0,0
BRDA:32,8,1,0
BRDA:32,9,0,0
BRDA:32,9,1,0
BRDA:32,9,2,0
BRDA:37,10,0,0
BRDA:37,10,1,0
BRDA:37,11,0,0
BRDA:37,11,1,0
BRDA:43,12,0,0
BRDA:43,12,1,0
BRDA:49,13,0,0
BRDA:49,13,1,0
BRF:31
BRH:0
end_of_record
TN:
SF:tests/mocks/Category.js
FNF:0
FNH:0
DA:2,3
LF:1
LH:1
BRF:0
BRH:0
end_of_record
TN:
SF:tests/mocks/Product.js
FNF:0
FNH:0
DA:1,4
LF:1
LH:1
BRF:0
BRH:0
end_of_record
TN:
SF:tests/mocks/Stock.js
FNF:0
FNH:0
DA:1,2
LF:1
LH:1
BRF:0
BRH:0
end_of_record
TN:
SF:tests/mocks/TransactionHistory.js
FNF:0
FNH:0
DA:1,2
LF:1
LH:1
BRF:0
BRH:0
end_of_record
TN:
SF:tests/mocks/User.js
FNF:0
FNH:0
DA:2,4
DA:3,4
DA:6,4
DA:13,4
DA:15,4
LF:5
LH:5
BRF:0
BRH:0
end_of_record
TN:
SF:tests/mocks/database.js
FNF:0
FNH:0
DA:1,4
LF:1
LH:1
BRF:0
BRH:0
end_of_record
TN:
SF:tests/mocks/sequelize.js
FN:8,(anonymous_0)
FN:16,(anonymous_1)
FN:17,(anonymous_2)
FN:18,(anonymous_3)
FNF:4
FNH:3
FNDA:0,(anonymous_0)
FNDA:8,(anonymous_1)
FNDA:9,(anonymous_2)
FNDA:2,(anonymous_3)
DA:1,4
DA:2,4
DA:5,4
DA:8,4
DA:9,0
DA:16,8
DA:17,9
DA:18,4
DA:20,4
LF:9
LH:8
BRF:0
BRH:0
end_of_record
