TN:
SF:src/app.js
FN:21,(anonymous_0)
FNF:1
FNH:0
FNDA:0,(anonymous_0)
DA:1,7
DA:2,7
DA:3,7
DA:4,7
DA:5,7
DA:6,7
DA:8,7
DA:9,7
DA:11,7
DA:12,7
DA:13,7
DA:14,7
DA:17,7
DA:20,7
DA:21,0
DA:22,0
DA:28,7
LF:17
LH:15
BRDA:20,0,0,0
BRDA:20,0,1,7
BRF:2
BRH:1
end_of_record
TN:
SF:src/config/database.js
FN:32,(anonymous_0)
FNF:1
FNH:0
FNDA:0,(anonymous_0)
DA:1,22
DA:2,22
DA:6,22
DA:8,22
DA:16,0
DA:31,22
DA:32,0
DA:33,0
DA:34,0
DA:35,0
DA:37,0
DA:42,22
LF:12
LH:6
BRDA:6,0,0,22
BRDA:6,0,1,0
BRDA:31,1,0,0
BRDA:31,1,1,22
BRF:4
BRH:2
end_of_record
TN:
SF:src/controllers/AuthController.js
FN:17,(anonymous_0)
FN:80,(anonymous_1)
FNF:2
FNH:2
FNDA:10,(anonymous_0)
FNDA:8,(anonymous_1)
DA:1,8
DA:2,8
DA:3,8
DA:4,8
DA:5,8
DA:8,8
DA:17,8
DA:18,10
DA:20,10
DA:23,10
DA:25,2
DA:30,8
DA:32,8
DA:35,1
DA:39,7
DA:42,7
DA:44,2
DA:48,5
DA:51,5
DA:53,2
DA:57,3
DA:59,1
DA:63,2
DA:66,0
DA:69,0
DA:80,8
DA:81,8
DA:82,8
DA:83,8
DA:84,8
DA:85,8
DA:86,8
DA:89,8
DA:90,2
DA:94,6
DA:96,6
DA:97,2
DA:101,4
DA:102,4
DA:103,4
DA:104,4
DA:105,2
DA:109,2
DA:110,2
DA:116,2
DA:123,2
DA:125,2
DA:126,2
DA:128,2
DA:130,0
DA:131,0
DA:136,8
LF:52
LH:48
BRDA:23,0,0,2
BRDA:23,0,1,8
BRDA:42,1,0,2
BRDA:42,1,1,5
BRDA:51,2,0,2
BRDA:51,2,1,3
BRDA:57,3,0,1
BRDA:57,3,1,2
BRDA:89,4,0,2
BRDA:89,4,1,6
BRDA:89,5,0,8
BRDA:89,5,1,6
BRDA:89,5,2,6
BRDA:89,5,3,6
BRDA:96,6,0,2
BRDA:96,6,1,4
BRDA:104,7,0,2
BRDA:104,7,1,2
BRF:18
BRH:18
end_of_record
TN:
SF:src/controllers/CategoryController.js
FN:9,(anonymous_0)
FN:42,(anonymous_1)
FN:61,(anonymous_2)
FN:79,(anonymous_3)
FNF:4
FNH:4
FNDA:8,(anonymous_0)
FNDA:3,(anonymous_1)
FNDA:4,(anonymous_2)
FNDA:5,(anonymous_3)
DA:1,8
DA:2,8
DA:3,8
DA:9,8
DA:10,8
DA:11,8
DA:14,8
DA:15,2
DA:19,6
DA:20,6
DA:21,2
DA:25,4
DA:26,2
DA:28,2
DA:31,2
DA:32,1
DA:35,1
DA:42,8
DA:43,3
DA:45,3
DA:61,4
DA:67,2
DA:69,1
DA:70,1
DA:79,8
DA:80,5
DA:81,5
DA:83,5
DA:86,4
DA:87,2
DA:95,2
DA:97,2
DA:99,1
DA:100,1
DA:104,8
LF:35
LH:35
BRDA:14,0,0,2
BRDA:14,0,1,6
BRDA:14,1,0,8
BRDA:14,1,1,7
BRDA:20,2,0,2
BRDA:20,2,1,4
BRDA:31,3,0,1
BRDA:31,3,1,1
BRDA:86,4,0,2
BRDA:86,4,1,2
BRF:10
BRH:10
end_of_record
TN:
SF:src/controllers/DashboardController.js
FN:12,(anonymous_0)
FN:24,(anonymous_1)
FN:108,(anonymous_2)
FN:145,(anonymous_3)
FN:148,(anonymous_4)
FN:154,(anonymous_5)
FN:196,(anonymous_6)
FNF:7
FNH:7
FNDA:4,(anonymous_0)
FNDA:2,(anonymous_1)
FNDA:4,(anonymous_2)
FNDA:4,(anonymous_3)
FNDA:2,(anonymous_4)
FNDA:48,(anonymous_5)
FNDA:2,(anonymous_6)
DA:1,8
DA:2,8
DA:3,8
DA:4,8
DA:5,8
DA:6,8
DA:7,8
DA:12,8
DA:13,4
DA:14,4
DA:15,4
DA:16,4
DA:17,1
DA:18,1
DA:24,3
DA:25,2
DA:26,2
DA:28,2
DA:29,24
DA:33,24
DA:36,2
DA:40,3
DA:41,3
DA:42,3
DA:43,3
DA:47,3
DA:54,2
DA:60,2
DA:72,2
DA:99,2
DA:100,2
DA:101,2
DA:108,4
DA:134,2
DA:139,2
DA:140,2
DA:142,2
DA:143,2
DA:145,2
DA:146,4
DA:148,4
DA:149,2
DA:150,2
DA:154,48
DA:161,2
DA:196,2
DA:202,2
DA:219,2
DA:220,2
DA:223,2
DA:224,2
DA:225,2
DA:228,2
DA:230,2
DA:244,1
DA:245,1
DA:246,1
DA:250,8
LF:58
LH:58
BRDA:16,0,0,1
BRDA:16,0,1,3
BRDA:47,1,0,3
BRDA:47,1,1,0
BRDA:54,2,0,2
BRDA:54,2,1,0
BRDA:100,3,0,2
BRDA:100,3,1,0
BRDA:100,4,0,2
BRDA:100,4,1,2
BRDA:156,5,0,48
BRDA:156,5,1,46
BRDA:198,6,0,2
BRDA:198,6,1,0
BRDA:224,7,0,2
BRDA:224,7,1,0
BRF:16
BRH:11
end_of_record
TN:
SF:src/controllers/LogoutController.js
FN:16,(anonymous_0)
FNF:1
FNH:1
FNDA:7,(anonymous_0)
DA:1,8
DA:2,8
DA:3,8
DA:4,8
DA:7,8
DA:16,8
DA:17,7
DA:18,7
DA:20,7
DA:21,1
DA:27,6
DA:28,4
DA:31,4
DA:32,1
DA:36,3
DA:41,2
DA:43,2
DA:44,2
DA:48,3
DA:50,3
DA:51,0
DA:53,3
DA:54,1
DA:57,2
DA:63,8
LF:25
LH:24
BRDA:20,0,0,1
BRDA:20,0,1,6
BRDA:31,1,0,1
BRDA:31,1,1,3
BRDA:50,2,0,0
BRDA:50,2,1,3
BRDA:53,3,0,1
BRDA:53,3,1,2
BRF:8
BRH:7
end_of_record
TN:
SF:src/controllers/ProductController.js
FN:8,(anonymous_0)
FN:54,(anonymous_1)
FN:70,(anonymous_2)
FN:121,(anonymous_3)
FNF:4
FNH:4
FNDA:6,(anonymous_0)
FNDA:2,(anonymous_1)
FNDA:6,(anonymous_2)
FNDA:4,(anonymous_3)
DA:1,8
DA:2,8
DA:8,8
DA:9,6
DA:10,6
DA:13,6
DA:14,2
DA:18,4
DA:19,4
DA:20,4
DA:21,4
DA:22,2
DA:25,2
DA:26,2
DA:27,2
DA:28,2
DA:40,2
DA:44,2
DA:46,0
DA:47,0
DA:54,8
DA:55,2
DA:56,2
DA:59,2
DA:61,0
DA:62,0
DA:70,8
DA:71,6
DA:72,6
DA:73,6
DA:74,6
DA:75,6
DA:76,6
DA:77,2
DA:80,4
DA:81,4
DA:84,4
DA:85,4
DA:86,4
DA:87,4
DA:88,2
DA:90,2
DA:94,2
DA:96,2
DA:97,2
DA:98,2
DA:99,2
DA:100,2
DA:101,2
DA:103,2
DA:107,2
DA:111,2
DA:113,0
DA:114,0
DA:121,8
DA:122,4
DA:123,4
DA:124,4
DA:125,4
DA:126,4
DA:127,4
DA:128,2
DA:131,2
DA:133,2
DA:135,0
DA:136,0
DA:140,8
LF:67
LH:59
BRDA:13,0,0,2
BRDA:13,0,1,4
BRDA:13,1,0,6
BRDA:13,1,1,6
BRDA:13,1,2,4
BRDA:13,1,3,4
BRDA:19,2,0,4
BRDA:19,2,1,0
BRDA:21,3,0,2
BRDA:21,3,1,2
BRDA:30,4,0,2
BRDA:30,4,1,1
BRDA:34,5,0,2
BRDA:34,5,1,0
BRDA:35,6,0,2
BRDA:35,6,1,1
BRDA:76,7,0,2
BRDA:76,7,1,4
BRDA:85,8,0,4
BRDA:85,8,1,0
BRDA:87,9,0,2
BRDA:87,9,1,2
BRDA:96,10,0,2
BRDA:96,10,1,0
BRDA:97,11,0,1
BRDA:97,11,1,1
BRDA:98,12,0,1
BRDA:98,12,1,1
BRDA:99,13,0,1
BRDA:99,13,1,1
BRDA:100,14,0,1
BRDA:100,14,1,1
BRDA:101,15,0,1
BRDA:101,15,1,1
BRDA:127,16,0,2
BRDA:127,16,1,2
BRF:36
BRH:32
end_of_record
TN:
SF:src/controllers/ReturnExchangeController.js
FN:11,(anonymous_0)
FN:114,(anonymous_1)
FNF:2
FNH:2
FNDA:9,(anonymous_0)
FNDA:19,(anonymous_1)
DA:1,8
DA:2,8
DA:3,8
DA:4,8
DA:11,8
DA:12,9
DA:13,9
DA:14,9
DA:15,9
DA:17,9
DA:18,2
DA:19,2
DA:25,7
DA:26,7
DA:27,1
DA:28,1
DA:34,6
DA:48,4
DA:49,2
DA:50,2
DA:56,2
DA:57,2
DA:60,2
DA:63,2
DA:67,2
DA:68,2
DA:69,2
DA:72,0
DA:80,2
DA:95,2
DA:97,2
DA:102,2
DA:103,2
DA:104,2
DA:114,8
DA:115,19
DA:116,19
DA:117,19
DA:118,19
DA:121,19
DA:122,2
DA:123,2
DA:127,17
DA:128,17
DA:129,1
DA:130,1
DA:134,16
DA:147,14
DA:149,14
DA:150,2
DA:151,2
DA:152,2
DA:156,12
DA:157,2
DA:158,2
DA:162,10
DA:163,2
DA:164,2
DA:168,8
DA:169,8
DA:172,8
DA:175,8
DA:176,8
DA:177,8
DA:178,8
DA:179,2
DA:180,2
DA:181,2
DA:183,6
DA:186,6
DA:189,6
DA:190,2
DA:191,2
DA:195,4
DA:198,4
DA:199,4
DA:201,4
DA:202,4
DA:203,0
DA:204,0
DA:205,0
DA:209,4
DA:214,4
DA:215,2
DA:216,2
DA:220,2
DA:221,2
DA:224,2
DA:236,2
DA:240,2
DA:245,2
DA:246,2
DA:247,2
DA:250,0
DA:258,2
DA:270,2
DA:273,2
DA:275,2
DA:281,2
DA:282,2
DA:283,2
DA:288,8
LF:102
LH:97
BRDA:17,0,0,2
BRDA:17,0,1,7
BRDA:25,1,0,7
BRDA:25,1,1,6
BRDA:26,2,0,1
BRDA:26,2,1,6
BRDA:48,3,0,2
BRDA:48,3,1,2
BRDA:67,4,0,2
BRDA:67,4,1,0
BRDA:89,5,0,2
BRDA:89,5,1,0
BRDA:121,6,0,2
BRDA:121,6,1,17
BRDA:121,7,0,19
BRDA:121,7,1,19
BRDA:121,7,2,19
BRDA:127,8,0,17
BRDA:127,8,1,16
BRDA:128,9,0,1
BRDA:128,9,1,16
BRDA:149,10,0,2
BRDA:149,10,1,12
BRDA:156,11,0,2
BRDA:156,11,1,10
BRDA:162,12,0,2
BRDA:162,12,1,8
BRDA:178,13,0,2
BRDA:178,13,1,6
BRDA:189,14,0,2
BRDA:189,14,1,4
BRDA:202,15,0,0
BRDA:202,15,1,4
BRDA:214,16,0,2
BRDA:214,16,1,2
BRDA:214,17,0,4
BRDA:214,17,1,4
BRDA:245,18,0,2
BRDA:245,18,1,0
BRF:39
BRH:35
end_of_record
TN:
SF:src/controllers/StockController.js
FN:16,(anonymous_0)
FN:119,(anonymous_1)
FN:133,(anonymous_2)
FN:161,(anonymous_3)
FN:201,(anonymous_4)
FNF:5
FNH:5
FNDA:15,(anonymous_0)
FNDA:4,(anonymous_1)
FNDA:2,(anonymous_2)
FNDA:9,(anonymous_3)
FNDA:5,(anonymous_4)
DA:3,8
DA:4,8
DA:5,8
DA:6,8
DA:7,8
DA:8,8
DA:16,8
DA:17,15
DA:19,15
DA:20,15
DA:23,15
DA:24,2
DA:25,2
DA:29,13
DA:30,2
DA:31,2
DA:35,11
DA:36,11
DA:37,1
DA:38,1
DA:42,10
DA:46,9
DA:47,2
DA:48,2
DA:52,7
DA:64,7
DA:69,7
DA:71,2
DA:78,5
DA:80,1
DA:82,4
DA:83,2
DA:84,2
DA:87,2
DA:89,3
DA:91,3
DA:92,1
DA:95,3
DA:99,5
DA:101,5
DA:104,5
DA:110,1
DA:111,1
DA:112,1
DA:119,8
DA:120,4
DA:122,4
DA:133,3
DA:148,3
DA:150,1
DA:151,1
DA:161,8
DA:162,9
DA:163,9
DA:164,9
DA:165,9
DA:168,9
DA:169,3
DA:170,3
DA:174,6
DA:175,6
DA:176,3
DA:177,3
DA:181,3
DA:182,3
DA:185,3
DA:186,3
DA:191,0
DA:192,0
DA:193,0
DA:201,8
DA:202,5
DA:203,5
DA:219,3
DA:221,2
DA:222,2
DA:226,8
LF:77
LH:74
BRDA:23,0,0,2
BRDA:23,0,1,13
BRDA:23,1,0,15
BRDA:23,1,1,15
BRDA:23,1,2,15
BRDA:23,1,3,15
BRDA:23,1,4,15
BRDA:29,2,0,2
BRDA:29,2,1,11
BRDA:35,3,0,11
BRDA:35,3,1,10
BRDA:36,4,0,1
BRDA:36,4,1,10
BRDA:46,5,0,2
BRDA:46,5,1,7
BRDA:69,6,0,2
BRDA:69,6,1,5
BRDA:78,7,0,1
BRDA:78,7,1,4
BRDA:82,8,0,2
BRDA:82,8,1,2
BRDA:91,9,0,1
BRDA:91,9,1,2
BRDA:91,10,0,3
BRDA:91,10,1,2
BRDA:168,11,0,3
BRDA:168,11,1,6
BRDA:168,12,0,9
BRDA:168,12,1,9
BRDA:168,12,2,9
BRDA:175,13,0,3
BRDA:175,13,1,3
BRF:32
BRH:32
end_of_record
TN:
SF:src/controllers/UserController.js
FN:13,(anonymous_0)
FN:52,(anonymous_1)
FN:94,(anonymous_2)
FN:118,(anonymous_3)
FNF:4
FNH:4
FNDA:5,(anonymous_0)
FNDA:6,(anonymous_1)
FNDA:5,(anonymous_2)
FNDA:3,(anonymous_3)
DA:1,8
DA:2,8
DA:3,8
DA:4,8
DA:13,8
DA:14,5
DA:15,5
DA:18,5
DA:21,5
DA:22,4
DA:23,2
DA:28,2
DA:31,2
DA:38,2
DA:40,1
DA:41,1
DA:52,8
DA:53,6
DA:54,6
DA:55,6
DA:58,6
DA:61,6
DA:62,5
DA:63,2
DA:67,3
DA:68,3
DA:69,3
DA:72,3
DA:73,1
DA:74,1
DA:78,3
DA:80,3
DA:82,1
DA:83,1
DA:94,8
DA:95,5
DA:96,5
DA:99,5
DA:100,4
DA:101,2
DA:105,2
DA:107,2
DA:109,1
DA:110,1
DA:118,8
DA:119,3
DA:121,3
DA:126,2
DA:128,1
DA:129,1
DA:133,8
LF:51
LH:51
BRDA:22,0,0,2
BRDA:22,0,1,2
BRDA:62,1,0,2
BRDA:62,1,1,3
BRDA:67,2,0,3
BRDA:67,2,1,0
BRDA:68,3,0,3
BRDA:68,3,1,0
BRDA:69,4,0,3
BRDA:69,4,1,0
BRDA:72,5,0,1
BRDA:72,5,1,2
BRDA:100,6,0,2
BRDA:100,6,1,2
BRF:14
BRH:11
end_of_record
TN:
SF:src/middlewares/authenticate.js
FN:16,(anonymous_0)
FNF:1
FNH:1
FNDA:55,(anonymous_0)
DA:1,8
DA:2,8
DA:3,8
DA:4,8
DA:7,8
DA:16,8
DA:17,55
DA:19,55
DA:22,55
DA:23,6
DA:28,49
DA:30,49
DA:32,1
DA:36,48
DA:39,47
DA:40,1
DA:44,46
DA:47,46
DA:48,1
DA:52,45
DA:53,1
DA:57,44
DA:58,44
DA:60,1
DA:61,1
DA:65,8
LF:26
LH:26
BRDA:22,0,0,6
BRDA:22,0,1,49
BRDA:39,1,0,1
BRDA:39,1,1,46
BRDA:47,2,0,1
BRDA:47,2,1,45
BRDA:52,3,0,1
BRDA:52,3,1,44
BRF:8
BRH:8
end_of_record
TN:
SF:src/middlewares/authorizeAdmin.js
FN:9,(anonymous_0)
FNF:1
FNH:1
FNDA:22,(anonymous_0)
DA:9,8
DA:10,22
DA:12,22
DA:13,1
DA:17,21
DA:18,5
DA:22,14
DA:24,2
DA:25,2
DA:29,8
LF:10
LH:10
BRDA:12,0,0,1
BRDA:12,0,1,21
BRDA:17,1,0,5
BRDA:17,1,1,14
BRF:4
BRH:4
end_of_record
TN:
SF:src/models/ActiveSession.js
FNF:0
FNH:0
DA:1,10
DA:2,10
DA:12,10
DA:35,10
LF:4
LH:4
BRF:0
BRH:0
end_of_record
TN:
SF:src/models/Category.js
FNF:0
FNH:0
DA:1,7
DA:2,7
DA:4,7
DA:16,7
LF:4
LH:4
BRF:0
BRH:0
end_of_record
TN:
SF:src/models/Product.js
FNF:0
FNH:0
DA:1,7
DA:2,7
DA:3,7
DA:5,7
DA:38,7
DA:41,7
DA:46,7
LF:7
LH:7
BRF:0
BRH:0
end_of_record
TN:
SF:src/models/Stock.js
FNF:0
FNH:0
DA:1,7
DA:2,7
DA:3,7
DA:5,7
DA:28,7
DA:33,7
LF:6
LH:6
BRF:0
BRH:0
end_of_record
TN:
SF:src/models/TransactionHistory.js
FNF:0
FNH:0
DA:1,7
DA:2,7
DA:3,7
DA:4,7
DA:6,7
DA:62,7
DA:68,7
DA:73,7
LF:8
LH:8
BRF:0
BRH:0
end_of_record
TN:
SF:src/models/User.js
FNF:0
FNH:0
DA:1,8
DA:2,8
DA:3,8
DA:14,8
DA:58,8
LF:5
LH:5
BRF:0
BRH:0
end_of_record
TN:
SF:src/routes/routes.js
FNF:0
FNH:0
DA:1,7
DA:2,7
DA:5,7
DA:6,7
DA:7,7
DA:10,7
DA:13,7
DA:16,7
DA:19,7
DA:22,7
DA:25,7
DA:26,7
DA:29,7
DA:32,7
DA:33,7
DA:36,7
DA:39,7
DA:40,7
DA:41,7
DA:42,7
DA:45,7
DA:46,7
DA:47,7
DA:48,7
DA:51,7
DA:52,7
DA:53,7
DA:56,7
DA:57,7
DA:58,7
DA:59,7
DA:62,7
DA:63,7
DA:66,7
DA:68,7
LF:35
LH:35
BRF:0
BRH:0
end_of_record
TN:
SF:src/validators/userValidators.js
FN:2,(anonymous_0)
FN:31,(anonymous_1)
FNF:2
FNH:2
FNDA:9,(anonymous_0)
FNDA:8,(anonymous_1)
DA:2,8
DA:3,9
DA:4,1
DA:8,8
DA:9,2
DA:13,6
DA:14,6
DA:15,1
DA:19,5
DA:20,1
DA:24,4
DA:25,4
DA:26,1
DA:31,8
DA:32,8
DA:33,1
DA:37,7
DA:38,0
DA:42,7
DA:43,7
DA:44,1
DA:48,6
DA:49,6
DA:50,0
DA:54,8
LF:25
LH:23
BRDA:3,0,0,1
BRDA:3,0,1,8
BRDA:3,1,0,9
BRDA:3,1,1,8
BRDA:3,1,2,8
BRDA:3,1,3,8
BRDA:8,2,0,2
BRDA:8,2,1,6
BRDA:8,3,0,8
BRDA:8,3,1,7
BRDA:14,4,0,1
BRDA:14,4,1,5
BRDA:19,5,0,1
BRDA:19,5,1,4
BRDA:19,6,0,5
BRDA:19,6,1,4
BRDA:25,7,0,1
BRDA:25,7,1,3
BRDA:32,8,0,1
BRDA:32,8,1,7
BRDA:32,9,0,8
BRDA:32,9,1,7
BRDA:32,9,2,7
BRDA:37,10,0,0
BRDA:37,10,1,7
BRDA:37,11,0,7
BRDA:37,11,1,7
BRDA:43,12,0,1
BRDA:43,12,1,6
BRDA:49,13,0,0
BRDA:49,13,1,6
BRF:31
BRH:29
end_of_record
TN:
SF:tests/mocks/Category.js
FNF:0
FNH:0
DA:1,2
LF:1
LH:1
BRF:0
BRH:0
end_of_record
TN:
SF:tests/mocks/Product.js
FNF:0
FNH:0
DA:1,4
LF:1
LH:1
BRF:0
BRH:0
end_of_record
TN:
SF:tests/mocks/Stock.js
FNF:0
FNH:0
DA:1,3
LF:1
LH:1
BRF:0
BRH:0
end_of_record
TN:
SF:tests/mocks/TransactionHistory.js
FNF:0
FNH:0
DA:1,3
LF:1
LH:1
BRF:0
BRH:0
end_of_record
TN:
SF:tests/mocks/User.js
FNF:0
FNH:0
DA:2,6
DA:3,6
DA:6,6
DA:14,6
DA:16,6
LF:5
LH:5
BRF:0
BRH:0
end_of_record
TN:
SF:tests/mocks/bcrypt.js
FNF:0
FNH:0
DA:1,1
LF:1
LH:1
BRF:0
BRH:0
end_of_record
TN:
SF:tests/mocks/database.js
FNF:0
FNH:0
DA:1,3
LF:1
LH:1
BRF:0
BRH:0
end_of_record
TN:
SF:tests/mocks/sequelize.js
FN:8,(anonymous_0)
FN:16,(anonymous_1)
FN:17,(anonymous_2)
FN:18,(anonymous_3)
FNF:4
FNH:3
FNDA:0,(anonymous_0)
FNDA:8,(anonymous_1)
FNDA:9,(anonymous_2)
FNDA:2,(anonymous_3)
DA:1,3
DA:2,3
DA:5,3
DA:8,3
DA:9,0
DA:16,8
DA:17,9
DA:18,3
DA:20,3
LF:9
LH:8
BRF:0
BRH:0
end_of_record
TN:
SF:tests/mocks/userValidators.js
FNF:0
FNH:0
DA:1,1
LF:1
LH:1
BRF:0
BRH:0
end_of_record
